#! /usr/local/iverilog/bin/vvp
:ivl_version "11.0 (devel)" "(s20150603-642-g3bdb50da)";
:ivl_delay_selection "TYPICAL";
:vpi_time_precision - 12;
:vpi_module "system";
:vpi_module "vhdl_sys";
:vpi_module "vhdl_textio";
:vpi_module "v2005_math";
:vpi_module "va_math";
S_000000000121da70 .scope module, "LampCtrl_sim" "LampCtrl_sim" 2 25;
 .timescale -9 -12;
v00000000012b1a80_0 .net "F", 0 0, L_00000000012b1bc0;  1 drivers
v00000000012b14e0_0 .var "S1", 0 0;
v00000000012b1800_0 .var "S2", 0 0;
v00000000012b18a0_0 .var "S3", 0 0;
v00000000012b1620_0 .var "clk", 0 0;
S_000000000121dc00 .scope module, "uut" "LampCtrl" 2 37, 3 21 0, S_000000000121da70;
 .timescale -9 -12;
    .port_info 0 /INPUT 1 "clk";
    .port_info 1 /INPUT 1 "S1";
    .port_info 2 /INPUT 1 "S2";
    .port_info 3 /INPUT 1 "S3";
    .port_info 4 /OUTPUT 7 "LED";
    .port_info 5 /OUTPUT 1 "F";
P_0000000001255a40 .param/l "C_MAX" 0 3 33, C4<11111111>;
P_0000000001255a78 .param/l "C_NUM" 0 3 32, +C4<00000000000000000000000000001000>;
L_000000000121de20 .functor OR 1, v00000000012b14e0_0, v00000000012b1800_0, C4<0>, C4<0>;
L_0000000001216d60 .functor OR 1, L_000000000121de20, v00000000012b18a0_0, C4<0>, C4<0>;
v0000000001264d20_0 .net "F", 0 0, L_00000000012b1bc0;  alias, 1 drivers
L_00000000012b3178 .functor BUFT 1, C4<0000000>, C4<0>, C4<0>, C4<0>;
v0000000001255b60_0 .net "LED", 6 0, L_00000000012b3178;  1 drivers
v00000000012b11c0_0 .net "S1", 0 0, v00000000012b14e0_0;  1 drivers
v00000000012b1760_0 .net "S2", 0 0, v00000000012b1800_0;  1 drivers
v00000000012b1080_0 .net "S3", 0 0, v00000000012b18a0_0;  1 drivers
v00000000012b1120_0 .net *"_s0", 0 0, L_000000000121de20;  1 drivers
L_00000000012b30e8 .functor BUFT 1, C4<0>, C4<0>, C4<0>, C4<0>;
v00000000012b1e40_0 .net/2u *"_s10", 0 0, L_00000000012b30e8;  1 drivers
L_00000000012b3130 .functor BUFT 1, C4<00000001>, C4<0>, C4<0>, C4<0>;
v00000000012b19e0_0 .net/2u *"_s14", 7 0, L_00000000012b3130;  1 drivers
L_00000000012b3058 .functor BUFT 1, C4<11111111>, C4<0>, C4<0>, C4<0>;
v00000000012b1260_0 .net/2u *"_s4", 7 0, L_00000000012b3058;  1 drivers
v00000000012b1300_0 .net *"_s6", 0 0, L_00000000012b1940;  1 drivers
L_00000000012b30a0 .functor BUFT 1, C4<1>, C4<0>, C4<0>, C4<0>;
v00000000012b1580_0 .net/2u *"_s8", 0 0, L_00000000012b30a0;  1 drivers
v00000000012b1c60_0 .net "c_next", 7 0, L_00000000012b1d00;  1 drivers
v00000000012b1440_0 .net "clk", 0 0, v00000000012b1620_0;  1 drivers
v00000000012b13a0_0 .var "count", 7 0;
v00000000012b1b20_0 .net "w", 0 0, L_0000000001216d60;  1 drivers
E_0000000001256730 .event posedge, v00000000012b1440_0;
L_00000000012b1940 .cmp/gt 8, L_00000000012b3058, v00000000012b13a0_0;
L_00000000012b1bc0 .functor MUXZ 1, L_00000000012b30e8, L_00000000012b30a0, L_00000000012b1940, C4<>;
L_00000000012b1d00 .arith/sum 8, v00000000012b13a0_0, L_00000000012b3130;
    .scope S_000000000121dc00;
T_0 ;
    %pushi/vec4 255, 0, 8;
    %store/vec4 v00000000012b13a0_0, 0, 8;
    %end;
    .thread T_0;
    .scope S_000000000121dc00;
T_1 ;
    %wait E_0000000001256730;
    %load/vec4 v00000000012b1b20_0;
    %cmpi/e 1, 0, 1;
    %jmp/0xz  T_1.0, 4;
    %pushi/vec4 0, 0, 8;
    %store/vec4 v00000000012b13a0_0, 0, 8;
    %jmp T_1.1;
T_1.0 ;
    %load/vec4 v00000000012b13a0_0;
    %cmpi/u 255, 0, 8;
    %jmp/0xz  T_1.2, 5;
    %load/vec4 v00000000012b1c60_0;
    %store/vec4 v00000000012b13a0_0, 0, 8;
T_1.2 ;
T_1.1 ;
    %jmp T_1;
    .thread T_1;
    .scope S_000000000121da70;
T_2 ;
    %pushi/vec4 0, 0, 1;
    %store/vec4 v00000000012b1620_0, 0, 1;
    %pushi/vec4 0, 0, 1;
    %store/vec4 v00000000012b14e0_0, 0, 1;
    %pushi/vec4 0, 0, 1;
    %store/vec4 v00000000012b1800_0, 0, 1;
    %pushi/vec4 0, 0, 1;
    %store/vec4 v00000000012b18a0_0, 0, 1;
    %delay 600000, 0;
    %pushi/vec4 1, 0, 1;
    %store/vec4 v00000000012b14e0_0, 0, 1;
    %delay 20000, 0;
    %pushi/vec4 0, 0, 1;
    %store/vec4 v00000000012b14e0_0, 0, 1;
    %delay 6000000, 0;
    %pushi/vec4 1, 0, 1;
    %store/vec4 v00000000012b1800_0, 0, 1;
    %delay 20000, 0;
    %pushi/vec4 0, 0, 1;
    %store/vec4 v00000000012b1800_0, 0, 1;
    %delay 6000000, 0;
    %pushi/vec4 1, 0, 1;
    %store/vec4 v00000000012b18a0_0, 0, 1;
    %delay 20000, 0;
    %pushi/vec4 0, 0, 1;
    %store/vec4 v00000000012b18a0_0, 0, 1;
    %end;
    .thread T_2;
    .scope S_000000000121da70;
T_3 ;
    %delay 10000, 0;
    %pushi/vec4 0, 0, 1;
    %store/vec4 v00000000012b1620_0, 0, 1;
    %delay 10000, 0;
    %pushi/vec4 1, 0, 1;
    %store/vec4 v00000000012b1620_0, 0, 1;
    %jmp T_3;
    .thread T_3;
    .scope S_000000000121da70;
T_4 ;
    %vpi_call 2 67 "$dumpfile", "./build/wave.vcd" {0 0 0};
    %vpi_call 2 68 "$dumpvars", 32'sb00000000000000000000000000000000, S_000000000121da70 {0 0 0};
    %delay 20000000, 0;
    %vpi_call 2 69 "$finish" {0 0 0};
    %end;
    .thread T_4;
# The file index is used to find the file name in the following table.
:file_names 4;
    "N/A";
    "<interactive>";
    ".\src\LampCtrl_sim.v";
    ".\src\LampCtrl.v";
