#! /usr/local/iverilog/bin/vvp
:ivl_version "11.0 (devel)" "(s20150603-642-g3bdb50da)";
:ivl_delay_selection "TYPICAL";
:vpi_time_precision - 9;
:vpi_module "system";
:vpi_module "vhdl_sys";
:vpi_module "vhdl_textio";
:vpi_module "v2005_math";
:vpi_module "va_math";
S_0000000001328c70 .scope module, "uut" "uut" 2 3;
 .timescale -9 -9;
v00000000016d0f00_0 .net "AN", 3 0, L_0000000001722fb0;  1 drivers
v00000000016d01e0_0 .net "BTNX4", 0 0, L_00000000013265e0;  1 drivers
v00000000016d0a00_0 .net "Ring", 0 0, L_0000000001325bd0;  1 drivers
v00000000016cfa60_0 .net "SEGMENT", 7 0, L_00000000016d4a80;  1 drivers
v00000000016d0dc0_0 .var "SW", 7 0;
v00000000016d0460_0 .var "btn", 1 0;
v00000000016d0fa0_0 .var "clk", 0 0;
S_00000000012d0960 .scope module, "uut0" "top" 2 19, 3 1 0, S_0000000001328c70;
 .timescale 0 0;
    .port_info 0 /INPUT 2 "btn";
    .port_info 1 /INPUT 1 "clk";
    .port_info 2 /INPUT 8 "SW";
    .port_info 3 /OUTPUT 4 "AN";
    .port_info 4 /OUTPUT 8 "SEGMENT";
    .port_info 5 /OUTPUT 1 "BTNX4";
    .port_info 6 /OUTPUT 1 "Ring";
L_00000000013265e0 .functor BUFZ 1, v00000000016cfc40_0, C4<0>, C4<0>, C4<0>;
L_0000000001326650 .functor BUFZ 1, v00000000016cfc40_0, C4<0>, C4<0>, C4<0>;
L_0000000001325bd0 .functor BUFZ 1, v00000000016cfc40_0, C4<0>, C4<0>, C4<0>;
v00000000016d0140_0 .net "AN", 3 0, L_0000000001722fb0;  alias, 1 drivers
v00000000016d0640_0 .net "BTNX4", 0 0, L_00000000013265e0;  alias, 1 drivers
v00000000016cfc40_0 .var "GND", 0 0;
v00000000016d0be0_0 .net "Hex", 3 0, L_00000000016d3180;  1 drivers
v00000000016cff60_0 .net "I0", 3 0, v00000000016d0aa0_0;  1 drivers
v00000000016cfec0_0 .net "I1", 3 0, v00000000016d1040_0;  1 drivers
v00000000016d0320_0 .net "I2", 3 0, L_00000000016d3720;  1 drivers
v00000000016cfce0_0 .net "I3", 3 0, L_00000000016d4620;  1 drivers
v00000000016d0820_0 .net "LE", 0 0, L_0000000001723020;  1 drivers
v00000000016d0e60_0 .net "P", 0 0, L_0000000001721980;  1 drivers
v00000000016d0000_0 .net "RST", 0 0, L_0000000001326650;  1 drivers
v00000000016cfd80_0 .net "Ring", 0 0, L_0000000001325bd0;  alias, 1 drivers
v00000000016d05a0_0 .net "SEGMENT", 7 0, L_00000000016d4a80;  alias, 1 drivers
v00000000016d0960_0 .net "SW", 7 0, v00000000016d0dc0_0;  1 drivers
v00000000016cfe20_0 .net "btn", 1 0, v00000000016d0460_0;  1 drivers
v00000000016d0780_0 .net "clk", 0 0, v00000000016d0fa0_0;  1 drivers
v00000000016d03c0_0 .net "clkd", 31 0, v00000000016c7eb0_0;  1 drivers
L_00000000016d2820 .part v00000000016c7eb0_0, 3, 1;
L_00000000016d4d00 .part v00000000016d0dc0_0, 0, 4;
L_00000000016d50c0 .part v00000000016d0dc0_0, 4, 4;
L_00000000016d5ca0 .part v00000000016c7eb0_0, 7, 2;
L_00000000016d5fc0 .part L_00000000016d3180, 0, 1;
L_00000000016d6060 .part L_00000000016d3180, 1, 1;
L_00000000016d52a0 .part L_00000000016d3180, 2, 1;
L_00000000016d49e0 .part L_00000000016d3180, 3, 1;
LS_00000000016d4a80_0_0 .concat8 [ 1 1 1 1], L_0000000001722450, L_0000000001722a70, L_0000000001726820, L_0000000001725240;
LS_00000000016d4a80_0_4 .concat8 [ 1 1 1 1], L_0000000001725550, L_00000000017262e0, L_0000000001725da0, L_00000000017263c0;
L_00000000016d4a80 .concat8 [ 4 4 0 0], LS_00000000016d4a80_0_0, LS_00000000016d4a80_0_4;
S_00000000012d0af0 .scope module, "MyMc" "MyMC14495" 3 26, 4 1 0, S_00000000012d0960;
 .timescale 0 0;
    .port_info 0 /INPUT 1 "D0";
    .port_info 1 /INPUT 1 "D1";
    .port_info 2 /INPUT 1 "D2";
    .port_info 3 /INPUT 1 "D3";
    .port_info 4 /INPUT 1 "LE";
    .port_info 5 /INPUT 1 "point";
    .port_info 6 /OUTPUT 1 "a";
    .port_info 7 /OUTPUT 1 "b";
    .port_info 8 /OUTPUT 1 "c";
    .port_info 9 /OUTPUT 1 "d";
    .port_info 10 /OUTPUT 1 "e";
    .port_info 11 /OUTPUT 1 "f";
    .port_info 12 /OUTPUT 1 "g";
    .port_info 13 /OUTPUT 1 "p";
L_0000000001722b50 .functor NOT 1, L_00000000016d5fc0, C4<0>, C4<0>, C4<0>;
L_0000000001722290 .functor NOT 1, L_00000000016d6060, C4<0>, C4<0>, C4<0>;
L_0000000001722c30 .functor NOT 1, L_00000000016d52a0, C4<0>, C4<0>, C4<0>;
L_0000000001722ca0 .functor NOT 1, L_00000000016d49e0, C4<0>, C4<0>, C4<0>;
L_00000000017224c0 .functor AND 1, L_0000000001722ca0, L_0000000001722c30, C4<1>, C4<1>;
L_00000000017223e0 .functor AND 1, L_00000000017224c0, L_0000000001722290, C4<1>, C4<1>;
L_0000000001723090 .functor AND 1, L_00000000017223e0, L_00000000016d5fc0, C4<1>, C4<1>;
L_0000000001723100 .functor AND 1, L_0000000001722ca0, L_00000000016d52a0, C4<1>, C4<1>;
L_0000000001722220 .functor AND 1, L_0000000001723100, L_0000000001722290, C4<1>, C4<1>;
L_0000000001722840 .functor AND 1, L_0000000001722220, L_0000000001722b50, C4<1>, C4<1>;
L_0000000001722d10 .functor OR 1, L_0000000001723090, L_0000000001722840, C4<0>, C4<0>;
L_0000000001722760 .functor AND 1, L_00000000016d49e0, L_0000000001722c30, C4<1>, C4<1>;
L_0000000001722df0 .functor AND 1, L_0000000001722760, L_00000000016d6060, C4<1>, C4<1>;
L_0000000001722530 .functor AND 1, L_0000000001722df0, L_00000000016d5fc0, C4<1>, C4<1>;
L_0000000001722e60 .functor OR 1, L_0000000001722d10, L_0000000001722530, C4<0>, C4<0>;
L_0000000001722ae0 .functor AND 1, L_00000000016d49e0, L_00000000016d52a0, C4<1>, C4<1>;
L_0000000001722300 .functor AND 1, L_0000000001722ae0, L_0000000001722290, C4<1>, C4<1>;
L_0000000001722d80 .functor AND 1, L_0000000001722300, L_00000000016d5fc0, C4<1>, C4<1>;
L_0000000001722370 .functor OR 1, L_0000000001722e60, L_0000000001722d80, C4<0>, C4<0>;
L_0000000001722450 .functor OR 1, L_0000000001723020, L_0000000001722370, C4<0>, C4<0>;
L_0000000001722610 .functor AND 1, L_0000000001722ca0, L_00000000016d52a0, C4<1>, C4<1>;
L_0000000001722ed0 .functor AND 1, L_0000000001722610, L_0000000001722290, C4<1>, C4<1>;
L_00000000017227d0 .functor AND 1, L_0000000001722ed0, L_00000000016d5fc0, C4<1>, C4<1>;
L_0000000001722bc0 .functor AND 1, L_00000000016d52a0, L_00000000016d6060, C4<1>, C4<1>;
L_0000000001722f40 .functor AND 1, L_0000000001722bc0, L_0000000001722b50, C4<1>, C4<1>;
L_00000000017228b0 .functor OR 1, L_00000000017227d0, L_0000000001722f40, C4<0>, C4<0>;
L_00000000017225a0 .functor AND 1, L_00000000016d49e0, L_00000000016d52a0, C4<1>, C4<1>;
L_0000000001722920 .functor AND 1, L_00000000017225a0, L_0000000001722b50, C4<1>, C4<1>;
L_0000000001722680 .functor OR 1, L_00000000017228b0, L_0000000001722920, C4<0>, C4<0>;
L_00000000017226f0 .functor AND 1, L_00000000016d49e0, L_00000000016d6060, C4<1>, C4<1>;
L_0000000001722990 .functor AND 1, L_00000000017226f0, L_00000000016d5fc0, C4<1>, C4<1>;
L_0000000001722a00 .functor OR 1, L_0000000001722680, L_0000000001722990, C4<0>, C4<0>;
L_0000000001722a70 .functor OR 1, L_0000000001723020, L_0000000001722a00, C4<0>, C4<0>;
L_0000000001721830 .functor AND 1, L_0000000001722ca0, L_0000000001722c30, C4<1>, C4<1>;
L_0000000001726040 .functor AND 1, L_0000000001721830, L_00000000016d6060, C4<1>, C4<1>;
L_0000000001725e80 .functor AND 1, L_0000000001726040, L_0000000001722b50, C4<1>, C4<1>;
L_0000000001726cf0 .functor AND 1, L_00000000016d49e0, L_00000000016d52a0, C4<1>, C4<1>;
L_0000000001726350 .functor AND 1, L_0000000001726cf0, L_0000000001722b50, C4<1>, C4<1>;
L_0000000001726740 .functor OR 1, L_0000000001725e80, L_0000000001726350, C4<0>, C4<0>;
L_0000000001726dd0 .functor AND 1, L_00000000016d49e0, L_00000000016d52a0, C4<1>, C4<1>;
L_00000000017264a0 .functor AND 1, L_0000000001726dd0, L_00000000016d6060, C4<1>, C4<1>;
L_00000000017254e0 .functor OR 1, L_0000000001726740, L_00000000017264a0, C4<0>, C4<0>;
L_0000000001726820 .functor OR 1, L_0000000001723020, L_00000000017254e0, C4<0>, C4<0>;
L_0000000001725f60 .functor AND 1, L_0000000001722ca0, L_0000000001722c30, C4<1>, C4<1>;
L_0000000001726a50 .functor AND 1, L_0000000001725f60, L_0000000001722290, C4<1>, C4<1>;
L_0000000001725d30 .functor AND 1, L_0000000001726a50, L_00000000016d5fc0, C4<1>, C4<1>;
L_0000000001726430 .functor AND 1, L_0000000001722ca0, L_00000000016d52a0, C4<1>, C4<1>;
L_0000000001726ba0 .functor AND 1, L_0000000001726430, L_0000000001722290, C4<1>, C4<1>;
L_0000000001725390 .functor AND 1, L_0000000001726ba0, L_0000000001722b50, C4<1>, C4<1>;
L_0000000001725fd0 .functor OR 1, L_0000000001725d30, L_0000000001725390, C4<0>, C4<0>;
L_0000000001726580 .functor AND 1, L_00000000016d52a0, L_00000000016d6060, C4<1>, C4<1>;
L_00000000017265f0 .functor AND 1, L_0000000001726580, L_00000000016d5fc0, C4<1>, C4<1>;
L_0000000001726510 .functor OR 1, L_0000000001725fd0, L_00000000017265f0, C4<0>, C4<0>;
L_00000000017260b0 .functor AND 1, L_00000000016d49e0, L_0000000001722c30, C4<1>, C4<1>;
L_0000000001726660 .functor AND 1, L_00000000017260b0, L_00000000016d6060, C4<1>, C4<1>;
L_0000000001726890 .functor AND 1, L_0000000001726660, L_0000000001722b50, C4<1>, C4<1>;
L_0000000001725a20 .functor OR 1, L_0000000001726510, L_0000000001726890, C4<0>, C4<0>;
L_0000000001725240 .functor OR 1, L_0000000001723020, L_0000000001725a20, C4<0>, C4<0>;
L_0000000001726900 .functor AND 1, L_0000000001722ca0, L_00000000016d5fc0, C4<1>, C4<1>;
L_00000000017266d0 .functor AND 1, L_0000000001722ca0, L_00000000016d52a0, C4<1>, C4<1>;
L_0000000001725320 .functor AND 1, L_00000000017266d0, L_0000000001722290, C4<1>, C4<1>;
L_00000000017267b0 .functor OR 1, L_0000000001726900, L_0000000001725320, C4<0>, C4<0>;
L_0000000001726970 .functor AND 1, L_0000000001722c30, L_0000000001722290, C4<1>, C4<1>;
L_00000000017269e0 .functor AND 1, L_0000000001726970, L_00000000016d5fc0, C4<1>, C4<1>;
L_0000000001726ac0 .functor OR 1, L_00000000017267b0, L_00000000017269e0, C4<0>, C4<0>;
L_0000000001725550 .functor OR 1, L_0000000001723020, L_0000000001726ac0, C4<0>, C4<0>;
L_0000000001726b30 .functor AND 1, L_0000000001722ca0, L_0000000001722c30, C4<1>, C4<1>;
L_0000000001726120 .functor AND 1, L_0000000001726b30, L_00000000016d5fc0, C4<1>, C4<1>;
L_0000000001726c10 .functor AND 1, L_0000000001722ca0, L_0000000001722c30, C4<1>, C4<1>;
L_0000000001725630 .functor AND 1, L_0000000001726c10, L_00000000016d6060, C4<1>, C4<1>;
L_0000000001726190 .functor OR 1, L_0000000001726120, L_0000000001725630, C4<0>, C4<0>;
L_0000000001725a90 .functor AND 1, L_0000000001722ca0, L_00000000016d6060, C4<1>, C4<1>;
L_0000000001726c80 .functor AND 1, L_0000000001725a90, L_00000000016d5fc0, C4<1>, C4<1>;
L_0000000001725b00 .functor OR 1, L_0000000001726190, L_0000000001726c80, C4<0>, C4<0>;
L_0000000001726270 .functor AND 1, L_00000000016d49e0, L_00000000016d52a0, C4<1>, C4<1>;
L_0000000001726d60 .functor AND 1, L_0000000001726270, L_0000000001722290, C4<1>, C4<1>;
L_00000000017252b0 .functor AND 1, L_0000000001726d60, L_00000000016d5fc0, C4<1>, C4<1>;
L_0000000001725400 .functor OR 1, L_0000000001725b00, L_00000000017252b0, C4<0>, C4<0>;
L_00000000017262e0 .functor OR 1, L_0000000001723020, L_0000000001725400, C4<0>, C4<0>;
L_0000000001725470 .functor AND 1, L_0000000001722ca0, L_0000000001722c30, C4<1>, C4<1>;
L_00000000017255c0 .functor AND 1, L_0000000001725470, L_0000000001722290, C4<1>, C4<1>;
L_0000000001725940 .functor AND 1, L_0000000001722ca0, L_00000000016d52a0, C4<1>, C4<1>;
L_0000000001726200 .functor AND 1, L_0000000001725940, L_00000000016d6060, C4<1>, C4<1>;
L_0000000001725b70 .functor AND 1, L_0000000001726200, L_00000000016d5fc0, C4<1>, C4<1>;
L_00000000017256a0 .functor OR 1, L_00000000017255c0, L_0000000001725b70, C4<0>, C4<0>;
L_0000000001725710 .functor AND 1, L_00000000016d49e0, L_00000000016d52a0, C4<1>, C4<1>;
L_0000000001725780 .functor AND 1, L_0000000001725710, L_0000000001722290, C4<1>, C4<1>;
L_00000000017258d0 .functor AND 1, L_0000000001725780, L_0000000001722b50, C4<1>, C4<1>;
L_00000000017257f0 .functor OR 1, L_00000000017256a0, L_00000000017258d0, C4<0>, C4<0>;
L_0000000001725da0 .functor OR 1, L_0000000001723020, L_00000000017257f0, C4<0>, C4<0>;
L_00000000017263c0 .functor NOT 1, L_0000000001721980, C4<0>, C4<0>, C4<0>;
v0000000001327670_0 .net "D0", 0 0, L_00000000016d5fc0;  1 drivers
v0000000001327fd0_0 .net "D0n", 0 0, L_0000000001722b50;  1 drivers
v00000000013282f0_0 .net "D1", 0 0, L_00000000016d6060;  1 drivers
v00000000013273f0_0 .net "D1n", 0 0, L_0000000001722290;  1 drivers
v00000000013272b0_0 .net "D2", 0 0, L_00000000016d52a0;  1 drivers
v0000000001327f30_0 .net "D2n", 0 0, L_0000000001722c30;  1 drivers
v0000000001327030_0 .net "D3", 0 0, L_00000000016d49e0;  1 drivers
v0000000001328610_0 .net "D3n", 0 0, L_0000000001722ca0;  1 drivers
v0000000001327e90_0 .net "LE", 0 0, L_0000000001723020;  alias, 1 drivers
v0000000001327170_0 .net *"_s10", 0 0, L_00000000017223e0;  1 drivers
v00000000013281b0_0 .net *"_s100", 0 0, L_0000000001726580;  1 drivers
v0000000001328750_0 .net *"_s102", 0 0, L_00000000017265f0;  1 drivers
v0000000001328070_0 .net *"_s104", 0 0, L_0000000001726510;  1 drivers
v00000000013287f0_0 .net *"_s106", 0 0, L_00000000017260b0;  1 drivers
v00000000013277b0_0 .net *"_s108", 0 0, L_0000000001726660;  1 drivers
v0000000001327350_0 .net *"_s110", 0 0, L_0000000001726890;  1 drivers
v0000000001326d10_0 .net *"_s112", 0 0, L_0000000001725a20;  1 drivers
v00000000013275d0_0 .net *"_s116", 0 0, L_0000000001726900;  1 drivers
v0000000001328110_0 .net *"_s118", 0 0, L_00000000017266d0;  1 drivers
v0000000001328390_0 .net *"_s12", 0 0, L_0000000001723090;  1 drivers
v0000000001328430_0 .net *"_s120", 0 0, L_0000000001725320;  1 drivers
v0000000001327cb0_0 .net *"_s122", 0 0, L_00000000017267b0;  1 drivers
v0000000001328890_0 .net *"_s124", 0 0, L_0000000001726970;  1 drivers
v00000000013270d0_0 .net *"_s126", 0 0, L_00000000017269e0;  1 drivers
v0000000001326b30_0 .net *"_s128", 0 0, L_0000000001726ac0;  1 drivers
v0000000001327210_0 .net *"_s132", 0 0, L_0000000001726b30;  1 drivers
v0000000001327490_0 .net *"_s134", 0 0, L_0000000001726120;  1 drivers
v0000000001326bd0_0 .net *"_s136", 0 0, L_0000000001726c10;  1 drivers
v0000000001326db0_0 .net *"_s138", 0 0, L_0000000001725630;  1 drivers
v0000000001327990_0 .net *"_s14", 0 0, L_0000000001723100;  1 drivers
v0000000001327b70_0 .net *"_s140", 0 0, L_0000000001726190;  1 drivers
v0000000001326e50_0 .net *"_s142", 0 0, L_0000000001725a90;  1 drivers
v0000000001327530_0 .net *"_s144", 0 0, L_0000000001726c80;  1 drivers
v0000000001327710_0 .net *"_s146", 0 0, L_0000000001725b00;  1 drivers
v0000000001327ad0_0 .net *"_s148", 0 0, L_0000000001726270;  1 drivers
v0000000001327d50_0 .net *"_s150", 0 0, L_0000000001726d60;  1 drivers
v00000000012d9b70_0 .net *"_s152", 0 0, L_00000000017252b0;  1 drivers
v00000000016c59a0_0 .net *"_s154", 0 0, L_0000000001725400;  1 drivers
v00000000016c5220_0 .net *"_s158", 0 0, L_0000000001725470;  1 drivers
v00000000016c68a0_0 .net *"_s16", 0 0, L_0000000001722220;  1 drivers
v00000000016c64e0_0 .net *"_s160", 0 0, L_00000000017255c0;  1 drivers
v00000000016c5d60_0 .net *"_s162", 0 0, L_0000000001725940;  1 drivers
v00000000016c52c0_0 .net *"_s164", 0 0, L_0000000001726200;  1 drivers
v00000000016c5360_0 .net *"_s166", 0 0, L_0000000001725b70;  1 drivers
v00000000016c6b20_0 .net *"_s168", 0 0, L_00000000017256a0;  1 drivers
v00000000016c6940_0 .net *"_s170", 0 0, L_0000000001725710;  1 drivers
v00000000016c6d00_0 .net *"_s172", 0 0, L_0000000001725780;  1 drivers
v00000000016c7020_0 .net *"_s174", 0 0, L_00000000017258d0;  1 drivers
v00000000016c6620_0 .net *"_s176", 0 0, L_00000000017257f0;  1 drivers
v00000000016c6260_0 .net *"_s18", 0 0, L_0000000001722840;  1 drivers
v00000000016c5400_0 .net *"_s20", 0 0, L_0000000001722d10;  1 drivers
v00000000016c69e0_0 .net *"_s22", 0 0, L_0000000001722760;  1 drivers
v00000000016c5a40_0 .net *"_s24", 0 0, L_0000000001722df0;  1 drivers
v00000000016c54a0_0 .net *"_s26", 0 0, L_0000000001722530;  1 drivers
v00000000016c61c0_0 .net *"_s28", 0 0, L_0000000001722e60;  1 drivers
v00000000016c5e00_0 .net *"_s30", 0 0, L_0000000001722ae0;  1 drivers
v00000000016c6580_0 .net *"_s32", 0 0, L_0000000001722300;  1 drivers
v00000000016c6da0_0 .net *"_s34", 0 0, L_0000000001722d80;  1 drivers
v00000000016c5540_0 .net *"_s36", 0 0, L_0000000001722370;  1 drivers
v00000000016c6080_0 .net *"_s40", 0 0, L_0000000001722610;  1 drivers
v00000000016c66c0_0 .net *"_s42", 0 0, L_0000000001722ed0;  1 drivers
v00000000016c5720_0 .net *"_s44", 0 0, L_00000000017227d0;  1 drivers
v00000000016c6440_0 .net *"_s46", 0 0, L_0000000001722bc0;  1 drivers
v00000000016c6a80_0 .net *"_s48", 0 0, L_0000000001722f40;  1 drivers
v00000000016c6760_0 .net *"_s50", 0 0, L_00000000017228b0;  1 drivers
v00000000016c5680_0 .net *"_s52", 0 0, L_00000000017225a0;  1 drivers
v00000000016c55e0_0 .net *"_s54", 0 0, L_0000000001722920;  1 drivers
v00000000016c5900_0 .net *"_s56", 0 0, L_0000000001722680;  1 drivers
v00000000016c57c0_0 .net *"_s58", 0 0, L_00000000017226f0;  1 drivers
v00000000016c6800_0 .net *"_s60", 0 0, L_0000000001722990;  1 drivers
v00000000016c6bc0_0 .net *"_s62", 0 0, L_0000000001722a00;  1 drivers
v00000000016c6c60_0 .net *"_s66", 0 0, L_0000000001721830;  1 drivers
v00000000016c5860_0 .net *"_s68", 0 0, L_0000000001726040;  1 drivers
v00000000016c6e40_0 .net *"_s70", 0 0, L_0000000001725e80;  1 drivers
v00000000016c6ee0_0 .net *"_s72", 0 0, L_0000000001726cf0;  1 drivers
v00000000016c5ae0_0 .net *"_s74", 0 0, L_0000000001726350;  1 drivers
v00000000016c5b80_0 .net *"_s76", 0 0, L_0000000001726740;  1 drivers
v00000000016c5c20_0 .net *"_s78", 0 0, L_0000000001726dd0;  1 drivers
v00000000016c6f80_0 .net *"_s8", 0 0, L_00000000017224c0;  1 drivers
v00000000016c5ea0_0 .net *"_s80", 0 0, L_00000000017264a0;  1 drivers
v00000000016c5180_0 .net *"_s82", 0 0, L_00000000017254e0;  1 drivers
v00000000016c6300_0 .net *"_s86", 0 0, L_0000000001725f60;  1 drivers
v00000000016c5cc0_0 .net *"_s88", 0 0, L_0000000001726a50;  1 drivers
v00000000016c5f40_0 .net *"_s90", 0 0, L_0000000001725d30;  1 drivers
v00000000016c5fe0_0 .net *"_s92", 0 0, L_0000000001726430;  1 drivers
v00000000016c6120_0 .net *"_s94", 0 0, L_0000000001726ba0;  1 drivers
v00000000016c63a0_0 .net *"_s96", 0 0, L_0000000001725390;  1 drivers
v00000000016c8130_0 .net *"_s98", 0 0, L_0000000001725fd0;  1 drivers
v00000000016c8770_0 .net "a", 0 0, L_0000000001722450;  1 drivers
v00000000016c8f90_0 .net "b", 0 0, L_0000000001722a70;  1 drivers
v00000000016c7870_0 .net "c", 0 0, L_0000000001726820;  1 drivers
v00000000016c7b90_0 .net "d", 0 0, L_0000000001725240;  1 drivers
v00000000016c8c70_0 .net "e", 0 0, L_0000000001725550;  1 drivers
v00000000016c89f0_0 .net "f", 0 0, L_00000000017262e0;  1 drivers
v00000000016c8db0_0 .net "g", 0 0, L_0000000001725da0;  1 drivers
v00000000016c8450_0 .net "p", 0 0, L_00000000017263c0;  1 drivers
v00000000016c8310_0 .net "point", 0 0, L_0000000001721980;  alias, 1 drivers
S_00000000012c1f10 .scope module, "cd" "clkdiv" 3 22, 5 1 0, S_00000000012d0960;
 .timescale 0 0;
    .port_info 0 /INPUT 1 "clk";
    .port_info 1 /INPUT 1 "rst";
    .port_info 2 /OUTPUT 32 "clkdiv";
v00000000016c7cd0_0 .net "clk", 0 0, v00000000016d0fa0_0;  alias, 1 drivers
v00000000016c7eb0_0 .var "clkdiv", 31 0;
v00000000016c7ff0_0 .net "rst", 0 0, L_0000000001326650;  alias, 1 drivers
E_000000000131b750 .event posedge, v00000000016c7ff0_0, v00000000016c7cd0_0;
S_00000000012c20a0 .scope module, "ds" "display_sync" 3 25, 6 1 0, S_00000000012d0960;
 .timescale 0 0;
    .port_info 0 /INPUT 4 "I0";
    .port_info 1 /INPUT 4 "I1";
    .port_info 2 /INPUT 4 "I2";
    .port_info 3 /INPUT 4 "I3";
    .port_info 4 /INPUT 4 "points";
    .port_info 5 /INPUT 4 "LES";
    .port_info 6 /INPUT 2 "scan";
    .port_info 7 /OUTPUT 4 "Hex";
    .port_info 8 /OUTPUT 4 "AN";
    .port_info 9 /OUTPUT 1 "p";
    .port_info 10 /OUTPUT 1 "LE";
L_0000000001721a60 .functor AND 1, L_00000000016d55c0, L_00000000016d5660, C4<1>, C4<1>;
L_0000000001721440 .functor AND 1, L_00000000016d5700, L_00000000016d5ac0, C4<1>, C4<1>;
L_0000000001721590 .functor OR 1, L_0000000001721a60, L_0000000001721440, C4<0>, C4<0>;
L_00000000017214b0 .functor AND 1, L_00000000016d5b60, L_00000000016d4da0, C4<1>, C4<1>;
L_00000000017218a0 .functor OR 1, L_0000000001721590, L_00000000017214b0, C4<0>, C4<0>;
L_0000000001721600 .functor AND 1, L_00000000016d5980, L_00000000016d5200, C4<1>, C4<1>;
L_0000000001721980 .functor OR 1, L_00000000017218a0, L_0000000001721600, C4<0>, C4<0>;
L_0000000001721670 .functor AND 1, L_00000000016d5520, L_00000000016d5c00, C4<1>, C4<1>;
L_0000000001721ad0 .functor AND 1, L_00000000016d5d40, L_00000000016d5f20, C4<1>, C4<1>;
L_0000000001721750 .functor OR 1, L_0000000001721670, L_0000000001721ad0, C4<0>, C4<0>;
L_00000000017216e0 .functor AND 1, L_00000000016d5840, L_00000000016d5a20, C4<1>, C4<1>;
L_00000000017217c0 .functor OR 1, L_0000000001721750, L_00000000017216e0, C4<0>, C4<0>;
L_0000000001721b40 .functor AND 1, L_00000000016d5160, L_00000000016d5020, C4<1>, C4<1>;
L_0000000001723020 .functor OR 1, L_00000000017217c0, L_0000000001721b40, C4<0>, C4<0>;
L_0000000001722fb0 .functor NOT 4, L_00000000016d4f80, C4<0000>, C4<0000>, C4<0000>;
v00000000016cc770_0 .net "AN", 3 0, L_0000000001722fb0;  alias, 1 drivers
v00000000016cca90_0 .net "Hex", 3 0, L_00000000016d3180;  alias, 1 drivers
v00000000016cc810_0 .net "I0", 3 0, v00000000016d0aa0_0;  alias, 1 drivers
v00000000016cc8b0_0 .net "I1", 3 0, v00000000016d1040_0;  alias, 1 drivers
v00000000016cc270_0 .net "I2", 3 0, L_00000000016d3720;  alias, 1 drivers
v00000000016cc310_0 .net "I3", 3 0, L_00000000016d4620;  alias, 1 drivers
v00000000016cc950_0 .net "LE", 0 0, L_0000000001723020;  alias, 1 drivers
v00000000016ccb30_0 .net "LES", 3 0, L_00000000016d50c0;  1 drivers
v00000000016cce50_0 .net "M", 3 0, L_00000000016d4f80;  1 drivers
v00000000016cc9f0_0 .net *"_s1", 0 0, L_00000000016d55c0;  1 drivers
v00000000016cc1d0_0 .net *"_s10", 0 0, L_0000000001721440;  1 drivers
v00000000016cbf50_0 .net *"_s12", 0 0, L_0000000001721590;  1 drivers
v00000000016cc590_0 .net *"_s15", 0 0, L_00000000016d5b60;  1 drivers
v00000000016ccbd0_0 .net *"_s17", 0 0, L_00000000016d4da0;  1 drivers
v00000000016ccc70_0 .net *"_s18", 0 0, L_00000000017214b0;  1 drivers
v00000000016cc130_0 .net *"_s20", 0 0, L_00000000017218a0;  1 drivers
v00000000016cb9b0_0 .net *"_s23", 0 0, L_00000000016d5980;  1 drivers
v00000000016ccd10_0 .net *"_s25", 0 0, L_00000000016d5200;  1 drivers
v00000000016ccef0_0 .net *"_s26", 0 0, L_0000000001721600;  1 drivers
v00000000016ccf90_0 .net *"_s3", 0 0, L_00000000016d5660;  1 drivers
v00000000016cd030_0 .net *"_s31", 0 0, L_00000000016d5520;  1 drivers
v00000000016cc3b0_0 .net *"_s33", 0 0, L_00000000016d5c00;  1 drivers
v00000000016cc630_0 .net *"_s34", 0 0, L_0000000001721670;  1 drivers
v00000000016cbb90_0 .net *"_s37", 0 0, L_00000000016d5d40;  1 drivers
v00000000016cc450_0 .net *"_s39", 0 0, L_00000000016d5f20;  1 drivers
v00000000016cc6d0_0 .net *"_s4", 0 0, L_0000000001721a60;  1 drivers
v00000000016cba50_0 .net *"_s40", 0 0, L_0000000001721ad0;  1 drivers
v00000000016cbe10_0 .net *"_s42", 0 0, L_0000000001721750;  1 drivers
v00000000016cbaf0_0 .net *"_s45", 0 0, L_00000000016d5840;  1 drivers
v00000000016cbc30_0 .net *"_s47", 0 0, L_00000000016d5a20;  1 drivers
v00000000016cc090_0 .net *"_s48", 0 0, L_00000000017216e0;  1 drivers
v00000000016cbcd0_0 .net *"_s50", 0 0, L_00000000017217c0;  1 drivers
v00000000016cbff0_0 .net *"_s53", 0 0, L_00000000016d5160;  1 drivers
v00000000016cbd70_0 .net *"_s55", 0 0, L_00000000016d5020;  1 drivers
v00000000016cbeb0_0 .net *"_s56", 0 0, L_0000000001721b40;  1 drivers
v00000000016cefc0_0 .net *"_s7", 0 0, L_00000000016d5700;  1 drivers
v00000000016cdd00_0 .net *"_s9", 0 0, L_00000000016d5ac0;  1 drivers
v00000000016cf1a0_0 .net "p", 0 0, L_0000000001721980;  alias, 1 drivers
v00000000016cd580_0 .net "points", 3 0, L_00000000016d4d00;  1 drivers
v00000000016ce520_0 .net "scan", 1 0, L_00000000016d5ca0;  1 drivers
L_00000000016d55c0 .part L_00000000016d4f80, 0, 1;
L_00000000016d5660 .part L_00000000016d4d00, 0, 1;
L_00000000016d5700 .part L_00000000016d4f80, 1, 1;
L_00000000016d5ac0 .part L_00000000016d4d00, 1, 1;
L_00000000016d5b60 .part L_00000000016d4f80, 2, 1;
L_00000000016d4da0 .part L_00000000016d4d00, 2, 1;
L_00000000016d5980 .part L_00000000016d4f80, 3, 1;
L_00000000016d5200 .part L_00000000016d4d00, 3, 1;
L_00000000016d5520 .part L_00000000016d4f80, 0, 1;
L_00000000016d5c00 .part L_00000000016d50c0, 0, 1;
L_00000000016d5d40 .part L_00000000016d4f80, 1, 1;
L_00000000016d5f20 .part L_00000000016d50c0, 1, 1;
L_00000000016d5840 .part L_00000000016d4f80, 2, 1;
L_00000000016d5a20 .part L_00000000016d50c0, 2, 1;
L_00000000016d5160 .part L_00000000016d4f80, 3, 1;
L_00000000016d5020 .part L_00000000016d50c0, 3, 1;
S_00000000012c2c30 .scope module, "Muxb4" "Mux_4_1_b4" 6 7, 7 12 0, S_00000000012c20a0;
 .timescale 0 0;
    .port_info 0 /INPUT 2 "s";
    .port_info 1 /INPUT 4 "I0";
    .port_info 2 /INPUT 4 "I1";
    .port_info 3 /INPUT 4 "I2";
    .port_info 4 /INPUT 4 "I3";
    .port_info 5 /OUTPUT 4 "o";
L_00000000016d62c0 .functor AND 1, L_00000000016d3900, L_00000000016d2c80, C4<1>, C4<1>;
L_00000000016d63a0 .functor AND 1, L_00000000016d46c0, L_00000000016d3400, C4<1>, C4<1>;
L_00000000016d6480 .functor OR 1, L_00000000016d62c0, L_00000000016d63a0, C4<0>, C4<0>;
L_00000000016d6f70 .functor AND 1, L_00000000016d35e0, L_00000000016d25a0, C4<1>, C4<1>;
L_00000000016d6790 .functor OR 1, L_00000000016d6480, L_00000000016d6f70, C4<0>, C4<0>;
L_00000000016d6aa0 .functor AND 1, L_00000000016d3ea0, L_00000000016d3f40, C4<1>, C4<1>;
L_00000000016d6800 .functor OR 1, L_00000000016d6790, L_00000000016d6aa0, C4<0>, C4<0>;
L_00000000016d64f0 .functor AND 1, L_00000000016d2d20, L_00000000016d3fe0, C4<1>, C4<1>;
L_00000000016d6720 .functor AND 1, L_00000000016d39a0, L_00000000016d4080, C4<1>, C4<1>;
L_00000000016d6950 .functor OR 1, L_00000000016d64f0, L_00000000016d6720, C4<0>, C4<0>;
L_00000000016d69c0 .functor AND 1, L_00000000016d4260, L_00000000016d34a0, C4<1>, C4<1>;
L_00000000016d6fe0 .functor OR 1, L_00000000016d6950, L_00000000016d69c0, C4<0>, C4<0>;
L_00000000016d6b10 .functor AND 1, L_00000000016d2dc0, L_00000000016d4300, C4<1>, C4<1>;
L_00000000016d6a30 .functor OR 1, L_00000000016d6fe0, L_00000000016d6b10, C4<0>, C4<0>;
L_00000000016d66b0 .functor AND 1, L_00000000016d4940, L_00000000016d2320, C4<1>, C4<1>;
L_0000000001722010 .functor AND 1, L_00000000016d2fa0, L_00000000016d2f00, C4<1>, C4<1>;
L_0000000001721e50 .functor OR 1, L_00000000016d66b0, L_0000000001722010, C4<0>, C4<0>;
L_0000000001721ec0 .functor AND 1, L_00000000016d2280, L_00000000016d3040, C4<1>, C4<1>;
L_0000000001721fa0 .functor OR 1, L_0000000001721e50, L_0000000001721ec0, C4<0>, C4<0>;
L_0000000001721360 .functor AND 1, L_00000000016d43a0, L_00000000016d3360, C4<1>, C4<1>;
L_0000000001721de0 .functor OR 1, L_0000000001721fa0, L_0000000001721360, C4<0>, C4<0>;
L_0000000001721bb0 .functor AND 1, L_00000000016d4440, L_00000000016d3540, C4<1>, C4<1>;
L_0000000001721520 .functor AND 1, L_00000000016d3680, L_00000000016d37c0, C4<1>, C4<1>;
L_0000000001721f30 .functor OR 1, L_0000000001721bb0, L_0000000001721520, C4<0>, C4<0>;
L_0000000001721c90 .functor AND 1, L_00000000016d3860, L_00000000016d3a40, C4<1>, C4<1>;
L_0000000001721c20 .functor OR 1, L_0000000001721f30, L_0000000001721c90, C4<0>, C4<0>;
L_00000000017220f0 .functor AND 1, L_00000000016d4760, L_00000000016d21e0, C4<1>, C4<1>;
L_0000000001721d00 .functor OR 1, L_0000000001721c20, L_00000000017220f0, C4<0>, C4<0>;
v00000000016c7410_0 .net "I0", 3 0, v00000000016d0aa0_0;  alias, 1 drivers
v00000000016c8b30_0 .net "I1", 3 0, v00000000016d1040_0;  alias, 1 drivers
v00000000016c8d10_0 .net "I2", 3 0, L_00000000016d3720;  alias, 1 drivers
v00000000016c84f0_0 .net "I3", 3 0, L_00000000016d4620;  alias, 1 drivers
v00000000016c8bd0_0 .net "Muxer", 3 0, L_00000000016d2be0;  1 drivers
v00000000016c77d0_0 .net *"_s100", 0 0, L_00000000016d4440;  1 drivers
v00000000016c8270_0 .net *"_s102", 0 0, L_00000000016d3540;  1 drivers
v00000000016c7190_0 .net *"_s103", 0 0, L_0000000001721bb0;  1 drivers
v00000000016c7230_0 .net *"_s106", 0 0, L_00000000016d3680;  1 drivers
v00000000016c88b0_0 .net *"_s108", 0 0, L_00000000016d37c0;  1 drivers
v00000000016c8630_0 .net *"_s109", 0 0, L_0000000001721520;  1 drivers
v00000000016c74b0_0 .net *"_s11", 0 0, L_00000000016d3400;  1 drivers
v00000000016c7550_0 .net *"_s111", 0 0, L_0000000001721f30;  1 drivers
v00000000016c8810_0 .net *"_s114", 0 0, L_00000000016d3860;  1 drivers
v00000000016c86d0_0 .net *"_s116", 0 0, L_00000000016d3a40;  1 drivers
v00000000016c75f0_0 .net *"_s117", 0 0, L_0000000001721c90;  1 drivers
v00000000016c7690_0 .net *"_s119", 0 0, L_0000000001721c20;  1 drivers
v00000000016c7730_0 .net *"_s12", 0 0, L_00000000016d63a0;  1 drivers
v00000000016c7a50_0 .net *"_s122", 0 0, L_00000000016d4760;  1 drivers
v00000000016ca290_0 .net *"_s124", 0 0, L_00000000016d21e0;  1 drivers
v00000000016ca5b0_0 .net *"_s125", 0 0, L_00000000017220f0;  1 drivers
v00000000016ca330_0 .net *"_s127", 0 0, L_0000000001721d00;  1 drivers
v00000000016c9570_0 .net *"_s14", 0 0, L_00000000016d6480;  1 drivers
v00000000016cac90_0 .net *"_s17", 0 0, L_00000000016d35e0;  1 drivers
v00000000016cb410_0 .net *"_s19", 0 0, L_00000000016d25a0;  1 drivers
v00000000016cb4b0_0 .net *"_s20", 0 0, L_00000000016d6f70;  1 drivers
v00000000016ca970_0 .net *"_s22", 0 0, L_00000000016d6790;  1 drivers
v00000000016caab0_0 .net *"_s25", 0 0, L_00000000016d3ea0;  1 drivers
v00000000016c97f0_0 .net *"_s27", 0 0, L_00000000016d3f40;  1 drivers
v00000000016cb550_0 .net *"_s28", 0 0, L_00000000016d6aa0;  1 drivers
v00000000016c9890_0 .net *"_s3", 0 0, L_00000000016d3900;  1 drivers
v00000000016c9930_0 .net *"_s30", 0 0, L_00000000016d6800;  1 drivers
v00000000016cb7d0_0 .net *"_s35", 0 0, L_00000000016d2d20;  1 drivers
v00000000016cad30_0 .net *"_s37", 0 0, L_00000000016d3fe0;  1 drivers
v00000000016ca0b0_0 .net *"_s38", 0 0, L_00000000016d64f0;  1 drivers
v00000000016ca3d0_0 .net *"_s41", 0 0, L_00000000016d39a0;  1 drivers
v00000000016cb5f0_0 .net *"_s43", 0 0, L_00000000016d4080;  1 drivers
v00000000016cb190_0 .net *"_s44", 0 0, L_00000000016d6720;  1 drivers
v00000000016cb910_0 .net *"_s46", 0 0, L_00000000016d6950;  1 drivers
v00000000016ca470_0 .net *"_s49", 0 0, L_00000000016d4260;  1 drivers
v00000000016cb690_0 .net *"_s5", 0 0, L_00000000016d2c80;  1 drivers
v00000000016c9610_0 .net *"_s51", 0 0, L_00000000016d34a0;  1 drivers
v00000000016c9390_0 .net *"_s52", 0 0, L_00000000016d69c0;  1 drivers
v00000000016c9b10_0 .net *"_s54", 0 0, L_00000000016d6fe0;  1 drivers
v00000000016c9f70_0 .net *"_s57", 0 0, L_00000000016d2dc0;  1 drivers
v00000000016c91b0_0 .net *"_s59", 0 0, L_00000000016d4300;  1 drivers
v00000000016c99d0_0 .net *"_s6", 0 0, L_00000000016d62c0;  1 drivers
v00000000016c9250_0 .net *"_s60", 0 0, L_00000000016d6b10;  1 drivers
v00000000016cb870_0 .net *"_s62", 0 0, L_00000000016d6a30;  1 drivers
v00000000016caa10_0 .net *"_s67", 0 0, L_00000000016d4940;  1 drivers
v00000000016ca6f0_0 .net *"_s69", 0 0, L_00000000016d2320;  1 drivers
v00000000016ca790_0 .net *"_s70", 0 0, L_00000000016d66b0;  1 drivers
v00000000016c92f0_0 .net *"_s73", 0 0, L_00000000016d2fa0;  1 drivers
v00000000016c9e30_0 .net *"_s75", 0 0, L_00000000016d2f00;  1 drivers
v00000000016ca510_0 .net *"_s76", 0 0, L_0000000001722010;  1 drivers
v00000000016cb730_0 .net *"_s78", 0 0, L_0000000001721e50;  1 drivers
v00000000016c9ed0_0 .net *"_s81", 0 0, L_00000000016d2280;  1 drivers
v00000000016c9bb0_0 .net *"_s83", 0 0, L_00000000016d3040;  1 drivers
v00000000016ca010_0 .net *"_s84", 0 0, L_0000000001721ec0;  1 drivers
v00000000016ca830_0 .net *"_s86", 0 0, L_0000000001721fa0;  1 drivers
v00000000016cb050_0 .net *"_s89", 0 0, L_00000000016d43a0;  1 drivers
v00000000016ca650_0 .net *"_s9", 0 0, L_00000000016d46c0;  1 drivers
v00000000016cadd0_0 .net *"_s91", 0 0, L_00000000016d3360;  1 drivers
v00000000016c9a70_0 .net *"_s92", 0 0, L_0000000001721360;  1 drivers
v00000000016c9430_0 .net *"_s94", 0 0, L_0000000001721de0;  1 drivers
v00000000016ca8d0_0 .net "o", 3 0, L_00000000016d3180;  alias, 1 drivers
v00000000016c94d0_0 .net "s", 1 0, L_00000000016d5ca0;  alias, 1 drivers
L_00000000016d3900 .part L_00000000016d2be0, 0, 1;
L_00000000016d2c80 .part v00000000016d0aa0_0, 0, 1;
L_00000000016d46c0 .part L_00000000016d2be0, 1, 1;
L_00000000016d3400 .part v00000000016d1040_0, 0, 1;
L_00000000016d35e0 .part L_00000000016d2be0, 2, 1;
L_00000000016d25a0 .part L_00000000016d3720, 0, 1;
L_00000000016d3ea0 .part L_00000000016d2be0, 3, 1;
L_00000000016d3f40 .part L_00000000016d4620, 0, 1;
L_00000000016d2d20 .part L_00000000016d2be0, 0, 1;
L_00000000016d3fe0 .part v00000000016d0aa0_0, 1, 1;
L_00000000016d39a0 .part L_00000000016d2be0, 1, 1;
L_00000000016d4080 .part v00000000016d1040_0, 1, 1;
L_00000000016d4260 .part L_00000000016d2be0, 2, 1;
L_00000000016d34a0 .part L_00000000016d3720, 1, 1;
L_00000000016d2dc0 .part L_00000000016d2be0, 3, 1;
L_00000000016d4300 .part L_00000000016d4620, 1, 1;
L_00000000016d4940 .part L_00000000016d2be0, 0, 1;
L_00000000016d2320 .part v00000000016d0aa0_0, 2, 1;
L_00000000016d2fa0 .part L_00000000016d2be0, 1, 1;
L_00000000016d2f00 .part v00000000016d1040_0, 2, 1;
L_00000000016d2280 .part L_00000000016d2be0, 2, 1;
L_00000000016d3040 .part L_00000000016d3720, 2, 1;
L_00000000016d43a0 .part L_00000000016d2be0, 3, 1;
L_00000000016d3360 .part L_00000000016d4620, 2, 1;
L_00000000016d3180 .concat8 [ 1 1 1 1], L_00000000016d6800, L_00000000016d6a30, L_0000000001721de0, L_0000000001721d00;
L_00000000016d4440 .part L_00000000016d2be0, 0, 1;
L_00000000016d3540 .part v00000000016d0aa0_0, 3, 1;
L_00000000016d3680 .part L_00000000016d2be0, 1, 1;
L_00000000016d37c0 .part v00000000016d1040_0, 3, 1;
L_00000000016d3860 .part L_00000000016d2be0, 2, 1;
L_00000000016d3a40 .part L_00000000016d3720, 3, 1;
L_00000000016d4760 .part L_00000000016d2be0, 3, 1;
L_00000000016d21e0 .part L_00000000016d4620, 3, 1;
S_00000000012c2dc0 .scope module, "Decoder" "decoder_2_4" 7 18, 7 1 0, S_00000000012c2c30;
 .timescale 0 0;
    .port_info 0 /INPUT 2 "s";
    .port_info 1 /OUTPUT 4 "outp";
L_00000000016d6250 .functor NOT 1, L_00000000016d2780, C4<0>, C4<0>, C4<0>;
L_00000000016d6330 .functor NOT 1, L_00000000016d3e00, C4<0>, C4<0>, C4<0>;
L_00000000016d6d40 .functor AND 1, L_00000000016d6250, L_00000000016d6330, C4<1>, C4<1>;
L_00000000016d6e90 .functor NOT 1, L_00000000016d4800, C4<0>, C4<0>, C4<0>;
L_00000000016d6410 .functor AND 1, L_00000000016d2b40, L_00000000016d6e90, C4<1>, C4<1>;
L_00000000016d6db0 .functor NOT 1, L_00000000016d3ae0, C4<0>, C4<0>, C4<0>;
L_00000000016d6f00 .functor AND 1, L_00000000016d6db0, L_00000000016d41c0, C4<1>, C4<1>;
L_00000000016d7050 .functor AND 1, L_00000000016d3b80, L_00000000016d3c20, C4<1>, C4<1>;
v00000000016c79b0_0 .net *"_s10", 0 0, L_00000000016d6d40;  1 drivers
v00000000016c8090_0 .net *"_s15", 0 0, L_00000000016d2b40;  1 drivers
v00000000016c9030_0 .net *"_s17", 0 0, L_00000000016d4800;  1 drivers
v00000000016c7d70_0 .net *"_s18", 0 0, L_00000000016d6e90;  1 drivers
v00000000016c72d0_0 .net *"_s20", 0 0, L_00000000016d6410;  1 drivers
v00000000016c7c30_0 .net *"_s25", 0 0, L_00000000016d3ae0;  1 drivers
v00000000016c8ef0_0 .net *"_s26", 0 0, L_00000000016d6db0;  1 drivers
v00000000016c7370_0 .net *"_s29", 0 0, L_00000000016d41c0;  1 drivers
v00000000016c8a90_0 .net *"_s3", 0 0, L_00000000016d2780;  1 drivers
v00000000016c7af0_0 .net *"_s30", 0 0, L_00000000016d6f00;  1 drivers
v00000000016c7f50_0 .net *"_s36", 0 0, L_00000000016d3b80;  1 drivers
v00000000016c8e50_0 .net *"_s38", 0 0, L_00000000016d3c20;  1 drivers
v00000000016c7e10_0 .net *"_s39", 0 0, L_00000000016d7050;  1 drivers
v00000000016c7910_0 .net *"_s4", 0 0, L_00000000016d6250;  1 drivers
v00000000016c81d0_0 .net *"_s7", 0 0, L_00000000016d3e00;  1 drivers
v00000000016c83b0_0 .net *"_s8", 0 0, L_00000000016d6330;  1 drivers
v00000000016c8950_0 .net "outp", 3 0, L_00000000016d2be0;  alias, 1 drivers
v00000000016c8590_0 .net "s", 1 0, L_00000000016d5ca0;  alias, 1 drivers
L_00000000016d2780 .part L_00000000016d5ca0, 0, 1;
L_00000000016d3e00 .part L_00000000016d5ca0, 1, 1;
L_00000000016d2b40 .part L_00000000016d5ca0, 0, 1;
L_00000000016d4800 .part L_00000000016d5ca0, 1, 1;
L_00000000016d3ae0 .part L_00000000016d5ca0, 0, 1;
L_00000000016d41c0 .part L_00000000016d5ca0, 1, 1;
L_00000000016d2be0 .concat8 [ 1 1 1 1], L_00000000016d6d40, L_00000000016d6410, L_00000000016d6f00, L_00000000016d7050;
L_00000000016d3b80 .part L_00000000016d5ca0, 0, 1;
L_00000000016d3c20 .part L_00000000016d5ca0, 1, 1;
S_00000000012b3590 .scope module, "d24_1" "decoder_2_4" 6 10, 7 1 0, S_00000000012c20a0;
 .timescale 0 0;
    .port_info 0 /INPUT 2 "s";
    .port_info 1 /OUTPUT 4 "outp";
L_0000000001721d70 .functor NOT 1, L_00000000016d48a0, C4<0>, C4<0>, C4<0>;
L_0000000001722080 .functor NOT 1, L_00000000016d58e0, C4<0>, C4<0>, C4<0>;
L_0000000001721910 .functor AND 1, L_0000000001721d70, L_0000000001722080, C4<1>, C4<1>;
L_00000000017219f0 .functor NOT 1, L_00000000016d5e80, C4<0>, C4<0>, C4<0>;
L_0000000001721210 .functor AND 1, L_00000000016d53e0, L_00000000017219f0, C4<1>, C4<1>;
L_0000000001721280 .functor NOT 1, L_00000000016d5480, C4<0>, C4<0>, C4<0>;
L_00000000017212f0 .functor AND 1, L_0000000001721280, L_00000000016d57a0, C4<1>, C4<1>;
L_00000000017213d0 .functor AND 1, L_00000000016d5de0, L_00000000016d4ee0, C4<1>, C4<1>;
v00000000016ca150_0 .net *"_s10", 0 0, L_0000000001721910;  1 drivers
v00000000016c96b0_0 .net *"_s15", 0 0, L_00000000016d53e0;  1 drivers
v00000000016c9750_0 .net *"_s17", 0 0, L_00000000016d5e80;  1 drivers
v00000000016cabf0_0 .net *"_s18", 0 0, L_00000000017219f0;  1 drivers
v00000000016ca1f0_0 .net *"_s20", 0 0, L_0000000001721210;  1 drivers
v00000000016c9c50_0 .net *"_s25", 0 0, L_00000000016d5480;  1 drivers
v00000000016cab50_0 .net *"_s26", 0 0, L_0000000001721280;  1 drivers
v00000000016c9cf0_0 .net *"_s29", 0 0, L_00000000016d57a0;  1 drivers
v00000000016c9d90_0 .net *"_s3", 0 0, L_00000000016d48a0;  1 drivers
v00000000016cae70_0 .net *"_s30", 0 0, L_00000000017212f0;  1 drivers
v00000000016caf10_0 .net *"_s36", 0 0, L_00000000016d5de0;  1 drivers
v00000000016cafb0_0 .net *"_s38", 0 0, L_00000000016d4ee0;  1 drivers
v00000000016cb0f0_0 .net *"_s39", 0 0, L_00000000017213d0;  1 drivers
v00000000016cb230_0 .net *"_s4", 0 0, L_0000000001721d70;  1 drivers
v00000000016cb2d0_0 .net *"_s7", 0 0, L_00000000016d58e0;  1 drivers
v00000000016cb370_0 .net *"_s8", 0 0, L_0000000001722080;  1 drivers
v00000000016cc4f0_0 .net "outp", 3 0, L_00000000016d4f80;  alias, 1 drivers
v00000000016ccdb0_0 .net "s", 1 0, L_00000000016d5ca0;  alias, 1 drivers
L_00000000016d48a0 .part L_00000000016d5ca0, 0, 1;
L_00000000016d58e0 .part L_00000000016d5ca0, 1, 1;
L_00000000016d53e0 .part L_00000000016d5ca0, 0, 1;
L_00000000016d5e80 .part L_00000000016d5ca0, 1, 1;
L_00000000016d5480 .part L_00000000016d5ca0, 0, 1;
L_00000000016d57a0 .part L_00000000016d5ca0, 1, 1;
L_00000000016d4f80 .concat8 [ 1 1 1 1], L_0000000001721910, L_0000000001721210, L_00000000017212f0, L_00000000017213d0;
L_00000000016d5de0 .part L_00000000016d5ca0, 0, 1;
L_00000000016d4ee0 .part L_00000000016d5ca0, 1, 1;
S_000000000125e800 .scope module, "numc" "create_number" 3 23, 8 18 0, S_00000000012d0960;
 .timescale 0 0;
    .port_info 0 /INPUT 1 "clk";
    .port_info 1 /INPUT 2 "btn";
    .port_info 2 /OUTPUT 4 "n0";
    .port_info 3 /OUTPUT 4 "n1";
    .port_info 4 /OUTPUT 4 "n2";
    .port_info 5 /OUTPUT 4 "n3";
L_00000000016d61e0 .functor BUFZ 1, v00000000016cd260_0, C4<0>, C4<0>, C4<0>;
L_00000000016d6bf0 .functor BUFZ 1, v00000000016cd260_0, C4<0>, C4<0>, C4<0>;
L_00000000016d6640 .functor BUFZ 1, v00000000016cd260_0, C4<0>, C4<0>, C4<0>;
v00000000016cd260_0 .var "GND", 0 0;
v00000000016cd3a0_0 .net *"_s14", 0 0, L_00000000016d6640;  1 drivers
L_00000000016d71a8 .functor BUFT 1, C4<0001>, C4<0>, C4<0>, C4<0>;
v00000000016ce980_0 .net/2u *"_s15", 3 0, L_00000000016d71a8;  1 drivers
L_00000000016d71f0 .functor BUFT 1, C4<0001>, C4<0>, C4<0>, C4<0>;
v00000000016cd440_0 .net/2u *"_s19", 3 0, L_00000000016d71f0;  1 drivers
v00000000016cd760_0 .net *"_s34", 0 0, L_00000000016d32c0;  1 drivers
v00000000016d00a0_0 .net *"_s38", 0 0, L_00000000016d3cc0;  1 drivers
v00000000016d0b40_0 .net *"_s5", 0 0, L_00000000016d61e0;  1 drivers
v00000000016d06e0_0 .net *"_s9", 0 0, L_00000000016d6bf0;  1 drivers
v00000000016d08c0_0 .net "btn", 1 0, v00000000016d0460_0;  alias, 1 drivers
v00000000016d0500_0 .net "clk", 0 0, L_00000000016d2820;  1 drivers
v00000000016d0aa0_0 .var "n0", 3 0;
v00000000016d1040_0 .var "n1", 3 0;
v00000000016d0c80_0 .net "n2", 3 0, L_00000000016d3720;  alias, 1 drivers
v00000000016d0280_0 .net "n3", 3 0, L_00000000016d4620;  alias, 1 drivers
v00000000016cfb00_0 .net "t0", 3 0, L_00000000016d3220;  1 drivers
v00000000016cfba0_0 .net "t1", 3 0, L_00000000016d3d60;  1 drivers
v00000000016d0d20_0 .net "tbtn", 1 0, L_00000000016d4580;  1 drivers
E_000000000131b850 .event posedge, L_00000000016d3cc0;
E_000000000131acd0 .event posedge, L_00000000016d32c0;
L_00000000016d4620 .concat8 [ 1 1 1 1], L_00000000016d65d0, L_00000000016d61e0, L_00000000016d6bf0, L_00000000016d6640;
L_00000000016d3220 .arith/sum 4, v00000000016d0aa0_0, L_00000000016d71a8;
L_00000000016d3d60 .arith/sum 4, v00000000016d1040_0, L_00000000016d71f0;
L_00000000016d2500 .part v00000000016d0460_0, 0, 1;
L_00000000016d4120 .part v00000000016d0460_0, 1, 1;
L_00000000016d4580 .concat8 [ 1 1 0 0], v00000000016cd300_0, v00000000016cd1c0_0;
L_00000000016d32c0 .part L_00000000016d4580, 0, 1;
L_00000000016d3cc0 .part L_00000000016d4580, 1, 1;
S_000000000125e990 .scope module, "adder_c" "Adder_4b" 8 33, 9 11 0, S_000000000125e800;
 .timescale 0 0;
    .port_info 0 /INPUT 1 "Ci";
    .port_info 1 /INPUT 4 "A";
    .port_info 2 /INPUT 4 "B";
    .port_info 3 /OUTPUT 1 "Co";
    .port_info 4 /OUTPUT 4 "S";
v00000000016cf060_0 .net "A", 3 0, v00000000016d0aa0_0;  alias, 1 drivers
v00000000016cde40_0 .net "B", 3 0, v00000000016d1040_0;  alias, 1 drivers
v00000000016cf4c0_0 .net "C", 3 1, L_00000000016d2960;  1 drivers
v00000000016cf380_0 .net "Ci", 0 0, v00000000016cd260_0;  1 drivers
v00000000016cdf80_0 .net "Co", 0 0, L_00000000016d65d0;  1 drivers
v00000000016ce840_0 .net "S", 3 0, L_00000000016d3720;  alias, 1 drivers
L_00000000016cf9c0 .part v00000000016d0aa0_0, 0, 1;
L_00000000016d2640 .part v00000000016d1040_0, 0, 1;
L_00000000016d30e0 .part L_00000000016d2960, 0, 1;
L_00000000016d26e0 .part v00000000016d0aa0_0, 1, 1;
L_00000000016d2aa0 .part v00000000016d1040_0, 1, 1;
L_00000000016d2460 .part L_00000000016d2960, 1, 1;
L_00000000016d44e0 .part v00000000016d0aa0_0, 2, 1;
L_00000000016d28c0 .part v00000000016d1040_0, 2, 1;
L_00000000016d2960 .concat8 [ 1 1 1 0], L_0000000001326500, L_0000000001326960, L_00000000013262d0;
L_00000000016d2a00 .part L_00000000016d2960, 2, 1;
L_00000000016d23c0 .part v00000000016d0aa0_0, 3, 1;
L_00000000016d2e60 .part v00000000016d1040_0, 3, 1;
L_00000000016d3720 .concat8 [ 1 1 1 1], L_0000000001326340, L_0000000001325ee0, L_00000000016d6b80, L_00000000016d6cd0;
S_00000000012cc5d0 .scope module, "A0" "Adder_1b" 9 21, 9 1 0, S_000000000125e990;
 .timescale 0 0;
    .port_info 0 /INPUT 1 "Ci";
    .port_info 1 /INPUT 1 "A";
    .port_info 2 /INPUT 1 "B";
    .port_info 3 /OUTPUT 1 "S";
    .port_info 4 /OUTPUT 1 "Co";
L_0000000001325d90 .functor AND 1, L_00000000016cf9c0, L_00000000016d2640, C4<1>, C4<1>;
L_0000000001325cb0 .functor AND 1, L_00000000016cf9c0, v00000000016cd260_0, C4<1>, C4<1>;
L_0000000001325c40 .functor OR 1, L_0000000001325d90, L_0000000001325cb0, C4<0>, C4<0>;
L_0000000001326810 .functor AND 1, v00000000016cd260_0, L_00000000016d2640, C4<1>, C4<1>;
L_0000000001326500 .functor OR 1, L_0000000001325c40, L_0000000001326810, C4<0>, C4<0>;
L_0000000001325e00 .functor XOR 1, L_00000000016cf9c0, L_00000000016d2640, C4<0>, C4<0>;
L_0000000001326340 .functor XOR 1, L_0000000001325e00, v00000000016cd260_0, C4<0>, C4<0>;
v00000000016ce2a0_0 .net "A", 0 0, L_00000000016cf9c0;  1 drivers
v00000000016cf600_0 .net "B", 0 0, L_00000000016d2640;  1 drivers
v00000000016cdee0_0 .net "Ci", 0 0, v00000000016cd260_0;  alias, 1 drivers
v00000000016cdb20_0 .net "Co", 0 0, L_0000000001326500;  1 drivers
v00000000016ce480_0 .net "S", 0 0, L_0000000001326340;  1 drivers
v00000000016cdbc0_0 .net *"_s0", 0 0, L_0000000001325d90;  1 drivers
v00000000016ce200_0 .net *"_s10", 0 0, L_0000000001325e00;  1 drivers
v00000000016cd4e0_0 .net *"_s2", 0 0, L_0000000001325cb0;  1 drivers
v00000000016ce340_0 .net *"_s4", 0 0, L_0000000001325c40;  1 drivers
v00000000016cda80_0 .net *"_s6", 0 0, L_0000000001326810;  1 drivers
S_00000000012cc760 .scope module, "A1" "Adder_1b" 9 22, 9 1 0, S_000000000125e990;
 .timescale 0 0;
    .port_info 0 /INPUT 1 "Ci";
    .port_info 1 /INPUT 1 "A";
    .port_info 2 /INPUT 1 "B";
    .port_info 3 /OUTPUT 1 "S";
    .port_info 4 /OUTPUT 1 "Co";
L_0000000001326110 .functor AND 1, L_00000000016d26e0, L_00000000016d2aa0, C4<1>, C4<1>;
L_0000000001326260 .functor AND 1, L_00000000016d26e0, L_00000000016d30e0, C4<1>, C4<1>;
L_00000000013268f0 .functor OR 1, L_0000000001326110, L_0000000001326260, C4<0>, C4<0>;
L_0000000001325e70 .functor AND 1, L_00000000016d30e0, L_00000000016d2aa0, C4<1>, C4<1>;
L_0000000001326960 .functor OR 1, L_00000000013268f0, L_0000000001325e70, C4<0>, C4<0>;
L_0000000001325f50 .functor XOR 1, L_00000000016d26e0, L_00000000016d2aa0, C4<0>, C4<0>;
L_0000000001325ee0 .functor XOR 1, L_0000000001325f50, L_00000000016d30e0, C4<0>, C4<0>;
v00000000016cea20_0 .net "A", 0 0, L_00000000016d26e0;  1 drivers
v00000000016cf100_0 .net "B", 0 0, L_00000000016d2aa0;  1 drivers
v00000000016ceca0_0 .net "Ci", 0 0, L_00000000016d30e0;  1 drivers
v00000000016cd800_0 .net "Co", 0 0, L_0000000001326960;  1 drivers
v00000000016ce3e0_0 .net "S", 0 0, L_0000000001325ee0;  1 drivers
v00000000016cf6a0_0 .net *"_s0", 0 0, L_0000000001326110;  1 drivers
v00000000016cf240_0 .net *"_s10", 0 0, L_0000000001325f50;  1 drivers
v00000000016ceb60_0 .net *"_s2", 0 0, L_0000000001326260;  1 drivers
v00000000016ce0c0_0 .net *"_s4", 0 0, L_00000000013268f0;  1 drivers
v00000000016cee80_0 .net *"_s6", 0 0, L_0000000001325e70;  1 drivers
S_00000000012ca1a0 .scope module, "A2" "Adder_1b" 9 23, 9 1 0, S_000000000125e990;
 .timescale 0 0;
    .port_info 0 /INPUT 1 "Ci";
    .port_info 1 /INPUT 1 "A";
    .port_info 2 /INPUT 1 "B";
    .port_info 3 /OUTPUT 1 "S";
    .port_info 4 /OUTPUT 1 "Co";
L_0000000001325a80 .functor AND 1, L_00000000016d44e0, L_00000000016d28c0, C4<1>, C4<1>;
L_0000000001325fc0 .functor AND 1, L_00000000016d44e0, L_00000000016d2460, C4<1>, C4<1>;
L_0000000001326030 .functor OR 1, L_0000000001325a80, L_0000000001325fc0, C4<0>, C4<0>;
L_00000000013261f0 .functor AND 1, L_00000000016d2460, L_00000000016d28c0, C4<1>, C4<1>;
L_00000000013262d0 .functor OR 1, L_0000000001326030, L_00000000013261f0, C4<0>, C4<0>;
L_00000000012e60d0 .functor XOR 1, L_00000000016d44e0, L_00000000016d28c0, C4<0>, C4<0>;
L_00000000016d6b80 .functor XOR 1, L_00000000012e60d0, L_00000000016d2460, C4<0>, C4<0>;
v00000000016cf2e0_0 .net "A", 0 0, L_00000000016d44e0;  1 drivers
v00000000016cf740_0 .net "B", 0 0, L_00000000016d28c0;  1 drivers
v00000000016cd620_0 .net "Ci", 0 0, L_00000000016d2460;  1 drivers
v00000000016cd8a0_0 .net "Co", 0 0, L_00000000013262d0;  1 drivers
v00000000016ce5c0_0 .net "S", 0 0, L_00000000016d6b80;  1 drivers
v00000000016ce660_0 .net *"_s0", 0 0, L_0000000001325a80;  1 drivers
v00000000016ce700_0 .net *"_s10", 0 0, L_00000000012e60d0;  1 drivers
v00000000016cd6c0_0 .net *"_s2", 0 0, L_0000000001325fc0;  1 drivers
v00000000016ced40_0 .net *"_s4", 0 0, L_0000000001326030;  1 drivers
v00000000016cf560_0 .net *"_s6", 0 0, L_00000000013261f0;  1 drivers
S_00000000012ca330 .scope module, "A3" "Adder_1b" 9 24, 9 1 0, S_000000000125e990;
 .timescale 0 0;
    .port_info 0 /INPUT 1 "Ci";
    .port_info 1 /INPUT 1 "A";
    .port_info 2 /INPUT 1 "B";
    .port_info 3 /OUTPUT 1 "S";
    .port_info 4 /OUTPUT 1 "Co";
L_00000000016d6c60 .functor AND 1, L_00000000016d23c0, L_00000000016d2e60, C4<1>, C4<1>;
L_00000000016d6870 .functor AND 1, L_00000000016d23c0, L_00000000016d2a00, C4<1>, C4<1>;
L_00000000016d6e20 .functor OR 1, L_00000000016d6c60, L_00000000016d6870, C4<0>, C4<0>;
L_00000000016d68e0 .functor AND 1, L_00000000016d2a00, L_00000000016d2e60, C4<1>, C4<1>;
L_00000000016d65d0 .functor OR 1, L_00000000016d6e20, L_00000000016d68e0, C4<0>, C4<0>;
L_00000000016d6560 .functor XOR 1, L_00000000016d23c0, L_00000000016d2e60, C4<0>, C4<0>;
L_00000000016d6cd0 .functor XOR 1, L_00000000016d6560, L_00000000016d2a00, C4<0>, C4<0>;
v00000000016cdda0_0 .net "A", 0 0, L_00000000016d23c0;  1 drivers
v00000000016ce8e0_0 .net "B", 0 0, L_00000000016d2e60;  1 drivers
v00000000016ce7a0_0 .net "Ci", 0 0, L_00000000016d2a00;  1 drivers
v00000000016cf420_0 .net "Co", 0 0, L_00000000016d65d0;  alias, 1 drivers
v00000000016ceac0_0 .net "S", 0 0, L_00000000016d6cd0;  1 drivers
v00000000016cdc60_0 .net *"_s0", 0 0, L_00000000016d6c60;  1 drivers
v00000000016cef20_0 .net *"_s10", 0 0, L_00000000016d6560;  1 drivers
v00000000016cf7e0_0 .net *"_s2", 0 0, L_00000000016d6870;  1 drivers
v00000000016cede0_0 .net *"_s4", 0 0, L_00000000016d6e20;  1 drivers
v00000000016ce020_0 .net *"_s6", 0 0, L_00000000016d68e0;  1 drivers
S_0000000001272720 .scope module, "db0" "pbdebounce" 8 45, 8 1 0, S_000000000125e800;
 .timescale 0 0;
    .port_info 0 /INPUT 1 "clk_1ms";
    .port_info 1 /INPUT 1 "I";
    .port_info 2 /OUTPUT 1 "O";
v00000000016cf880_0 .net "I", 0 0, L_00000000016d2500;  1 drivers
v00000000016cd300_0 .var "O", 0 0;
v00000000016cf920_0 .net "clk_1ms", 0 0, L_00000000016d2820;  alias, 1 drivers
v00000000016cec00_0 .var "pbshift", 7 0;
E_000000000131b490 .event posedge, v00000000016cf920_0;
S_00000000012728b0 .scope module, "db1" "pbdebounce" 8 46, 8 1 0, S_000000000125e800;
 .timescale 0 0;
    .port_info 0 /INPUT 1 "clk_1ms";
    .port_info 1 /INPUT 1 "I";
    .port_info 2 /OUTPUT 1 "O";
v00000000016cd940_0 .net "I", 0 0, L_00000000016d4120;  1 drivers
v00000000016cd1c0_0 .var "O", 0 0;
v00000000016cd9e0_0 .net "clk_1ms", 0 0, L_00000000016d2820;  alias, 1 drivers
v00000000016ce160_0 .var "pbshift", 7 0;
    .scope S_00000000012c1f10;
T_0 ;
    %pushi/vec4 0, 0, 32;
    %assign/vec4 v00000000016c7eb0_0, 0;
    %end;
    .thread T_0;
    .scope S_00000000012c1f10;
T_1 ;
    %wait E_000000000131b750;
    %load/vec4 v00000000016c7ff0_0;
    %flag_set/vec4 8;
    %jmp/0xz  T_1.0, 8;
    %pushi/vec4 0, 0, 32;
    %assign/vec4 v00000000016c7eb0_0, 0;
    %jmp T_1.1;
T_1.0 ;
    %load/vec4 v00000000016c7eb0_0;
    %addi 1, 0, 32;
    %assign/vec4 v00000000016c7eb0_0, 0;
T_1.1 ;
    %jmp T_1;
    .thread T_1;
    .scope S_0000000001272720;
T_2 ;
    %pushi/vec4 0, 0, 1;
    %store/vec4 v00000000016cd300_0, 0, 1;
    %end;
    .thread T_2;
    .scope S_0000000001272720;
T_3 ;
    %wait E_000000000131b490;
    %load/vec4 v00000000016cec00_0;
    %ix/load 4, 1, 0;
    %flag_set/imm 4, 0;
    %shiftl 4;
    %store/vec4 v00000000016cec00_0, 0, 8;
    %load/vec4 v00000000016cf880_0;
    %ix/load 4, 0, 0;
    %flag_set/imm 4, 0;
    %store/vec4 v00000000016cec00_0, 4, 1;
    %load/vec4 v00000000016cec00_0;
    %cmpi/e 0, 0, 8;
    %jmp/0xz  T_3.0, 4;
    %pushi/vec4 0, 0, 1;
    %store/vec4 v00000000016cd300_0, 0, 1;
T_3.0 ;
    %load/vec4 v00000000016cec00_0;
    %cmpi/e 255, 0, 8;
    %jmp/0xz  T_3.2, 4;
    %pushi/vec4 1, 0, 1;
    %store/vec4 v00000000016cd300_0, 0, 1;
T_3.2 ;
    %jmp T_3;
    .thread T_3;
    .scope S_00000000012728b0;
T_4 ;
    %pushi/vec4 0, 0, 1;
    %store/vec4 v00000000016cd1c0_0, 0, 1;
    %end;
    .thread T_4;
    .scope S_00000000012728b0;
T_5 ;
    %wait E_000000000131b490;
    %load/vec4 v00000000016ce160_0;
    %ix/load 4, 1, 0;
    %flag_set/imm 4, 0;
    %shiftl 4;
    %store/vec4 v00000000016ce160_0, 0, 8;
    %load/vec4 v00000000016cd940_0;
    %ix/load 4, 0, 0;
    %flag_set/imm 4, 0;
    %store/vec4 v00000000016ce160_0, 4, 1;
    %load/vec4 v00000000016ce160_0;
    %cmpi/e 0, 0, 8;
    %jmp/0xz  T_5.0, 4;
    %pushi/vec4 0, 0, 1;
    %store/vec4 v00000000016cd1c0_0, 0, 1;
T_5.0 ;
    %load/vec4 v00000000016ce160_0;
    %cmpi/e 255, 0, 8;
    %jmp/0xz  T_5.2, 4;
    %pushi/vec4 1, 0, 1;
    %store/vec4 v00000000016cd1c0_0, 0, 1;
T_5.2 ;
    %jmp T_5;
    .thread T_5;
    .scope S_000000000125e800;
T_6 ;
    %pushi/vec4 0, 0, 1;
    %assign/vec4 v00000000016cd260_0, 0;
    %end;
    .thread T_6;
    .scope S_000000000125e800;
T_7 ;
    %pushi/vec4 18, 0, 8;
    %split/vec4 4;
    %assign/vec4 v00000000016d0aa0_0, 0;
    %assign/vec4 v00000000016d1040_0, 0;
    %end;
    .thread T_7;
    .scope S_000000000125e800;
T_8 ;
    %wait E_000000000131acd0;
    %load/vec4 v00000000016cfb00_0;
    %assign/vec4 v00000000016d0aa0_0, 0;
    %jmp T_8;
    .thread T_8;
    .scope S_000000000125e800;
T_9 ;
    %wait E_000000000131b850;
    %load/vec4 v00000000016cfba0_0;
    %assign/vec4 v00000000016d1040_0, 0;
    %jmp T_9;
    .thread T_9;
    .scope S_00000000012d0960;
T_10 ;
    %pushi/vec4 0, 0, 1;
    %assign/vec4 v00000000016cfc40_0, 0;
    %end;
    .thread T_10;
    .scope S_0000000001328c70;
T_11 ;
    %pushi/vec4 0, 0, 2;
    %store/vec4 v00000000016d0460_0, 0, 2;
    %pushi/vec4 255, 0, 8;
    %store/vec4 v00000000016d0dc0_0, 0, 8;
    %pushi/vec4 0, 0, 1;
    %store/vec4 v00000000016d0fa0_0, 0, 1;
    %end;
    .thread T_11;
    .scope S_0000000001328c70;
T_12 ;
    %delay 5, 0;
    %load/vec4 v00000000016d0fa0_0;
    %inv;
    %store/vec4 v00000000016d0fa0_0, 0, 1;
    %jmp T_12;
    .thread T_12;
    .scope S_0000000001328c70;
T_13 ;
    %delay 5000, 0;
    %pushi/vec4 1, 0, 2;
    %store/vec4 v00000000016d0460_0, 0, 2;
    %delay 10000, 0;
    %pushi/vec4 0, 0, 2;
    %store/vec4 v00000000016d0460_0, 0, 2;
    %delay 5000, 0;
    %pushi/vec4 1, 0, 2;
    %store/vec4 v00000000016d0460_0, 0, 2;
    %delay 10000, 0;
    %pushi/vec4 0, 0, 2;
    %store/vec4 v00000000016d0460_0, 0, 2;
    %delay 5000, 0;
    %pushi/vec4 2, 0, 2;
    %store/vec4 v00000000016d0460_0, 0, 2;
    %delay 10000, 0;
    %pushi/vec4 0, 0, 2;
    %store/vec4 v00000000016d0460_0, 0, 2;
    %delay 5000, 0;
    %pushi/vec4 2, 0, 2;
    %store/vec4 v00000000016d0460_0, 0, 2;
    %delay 10000, 0;
    %pushi/vec4 0, 0, 2;
    %store/vec4 v00000000016d0460_0, 0, 2;
    %delay 5000, 0;
    %pushi/vec4 2, 0, 2;
    %store/vec4 v00000000016d0460_0, 0, 2;
    %delay 10000, 0;
    %pushi/vec4 0, 0, 2;
    %store/vec4 v00000000016d0460_0, 0, 2;
    %delay 5000, 0;
    %pushi/vec4 1, 0, 2;
    %store/vec4 v00000000016d0460_0, 0, 2;
    %delay 10000, 0;
    %pushi/vec4 0, 0, 2;
    %store/vec4 v00000000016d0460_0, 0, 2;
    %end;
    .thread T_13;
    .scope S_0000000001328c70;
T_14 ;
    %vpi_call 2 41 "$dumpfile", ".\134build\134wave.vcd" {0 0 0};
    %vpi_call 2 42 "$dumpvars", 32'sb00000000000000000000000000000000, S_0000000001328c70 {0 0 0};
    %delay 1000000, 0;
    %vpi_call 2 43 "$finish" {0 0 0};
    %end;
    .thread T_14;
# The file index is used to find the file name in the following table.
:file_names 10;
    "N/A";
    "<interactive>";
    ".\src\testbench_top.v";
    ".\src\top.v";
    ".\src\MyMC14495.v";
    ".\src\clkdiv.v";
    ".\src\display.v";
    ".\src\MUX41.v";
    ".\src\createnumber.v";
    ".\src\Adder.v";
