#! /usr/local/iverilog/bin/vvp
:ivl_version "11.0 (devel)" "(s20150603-642-g3bdb50da)";
:ivl_delay_selection "TYPICAL";
:vpi_time_precision - 9;
:vpi_module "system";
:vpi_module "vhdl_sys";
:vpi_module "vhdl_textio";
:vpi_module "v2005_math";
:vpi_module "va_math";
S_00000000012b6c70 .scope module, "uut" "uut" 2 3;
 .timescale -9 -9;
v000000000165a8d0_0 .net "AN", 3 0, L_00000000016a93b0;  1 drivers
v000000000165c590_0 .net "BTNX4", 0 0, L_00000000012af8d0;  1 drivers
v000000000165b050_0 .net "SEGMENT", 7 0, L_00000000016afd10;  1 drivers
v000000000165aa10_0 .var "SW", 7 0;
v000000000165aab0_0 .var "btn", 3 0;
v000000000165bf50_0 .var "clk", 0 0;
S_000000000126a8c0 .scope module, "uut0" "top" 2 18, 3 1 0, S_00000000012b6c70;
 .timescale 0 0;
    .port_info 0 /INPUT 4 "btn";
    .port_info 1 /INPUT 1 "clk";
    .port_info 2 /INPUT 8 "SW";
    .port_info 3 /OUTPUT 4 "AN";
    .port_info 4 /OUTPUT 8 "SEGMENT";
    .port_info 5 /OUTPUT 1 "BTNX4";
    .port_info 6 /OUTPUT 1 "Ring";
L_00000000012af8d0 .functor BUFZ 1, v000000000165b5f0_0, C4<0>, C4<0>, C4<0>;
L_00000000012aee50 .functor BUFZ 1, v000000000165b5f0_0, C4<0>, C4<0>, C4<0>;
L_00000000012af010 .functor BUFZ 1, v000000000165b5f0_0, C4<0>, C4<0>, C4<0>;
v000000000165ab50_0 .net "AN", 3 0, L_00000000016a93b0;  alias, 1 drivers
v000000000165c450_0 .net "BTNX4", 0 0, L_00000000012af8d0;  alias, 1 drivers
v000000000165b5f0_0 .var "GND", 0 0;
v000000000165b910_0 .net "Hex", 3 0, L_000000000165d210;  1 drivers
v000000000165ac90_0 .net "I0", 3 0, v0000000001657330_0;  1 drivers
v000000000165a330_0 .net "I1", 3 0, v00000000016573d0_0;  1 drivers
v000000000165b2d0_0 .net "I2", 3 0, v0000000001657510_0;  1 drivers
v000000000165b730_0 .net "I3", 3 0, v000000000165a3d0_0;  1 drivers
v000000000165c4f0_0 .net "LE", 0 0, L_00000000016a95e0;  1 drivers
v000000000165add0_0 .net "P", 0 0, L_00000000016a91f0;  1 drivers
v000000000165a470_0 .net "RST", 0 0, L_00000000012aee50;  1 drivers
v000000000165b4b0_0 .net "Ring", 0 0, L_00000000012af010;  1 drivers
v000000000165c090_0 .net "SEGMENT", 7 0, L_00000000016afd10;  alias, 1 drivers
v000000000165ad30_0 .net "SW", 7 0, v000000000165aa10_0;  1 drivers
v000000000165b7d0_0 .net "btn", 3 0, v000000000165aab0_0;  1 drivers
v000000000165c130_0 .net "clk", 0 0, v000000000165bf50_0;  1 drivers
v000000000165c6d0_0 .net "clkd", 31 0, v00000000016513c0_0;  1 drivers
L_000000000165b0f0 .part v00000000016513c0_0, 17, 1;
L_00000000016aec30 .part v000000000165aa10_0, 0, 4;
L_00000000016afc70 .part v000000000165aa10_0, 4, 4;
L_00000000016aeb90 .part v00000000016513c0_0, 17, 2;
L_00000000016afef0 .part L_000000000165d210, 0, 1;
L_00000000016aef50 .part L_000000000165d210, 1, 1;
L_00000000016aff90 .part L_000000000165d210, 2, 1;
L_00000000016aed70 .part L_000000000165d210, 3, 1;
LS_00000000016afd10_0_0 .concat8 [ 1 1 1 1], L_00000000016b0df0, L_00000000016b0300, L_00000000016b0680, L_00000000016b1f40;
LS_00000000016afd10_0_4 .concat8 [ 1 1 1 1], L_00000000016b1b50, L_00000000016b18b0, L_00000000016b5b80, L_00000000016b58e0;
L_00000000016afd10 .concat8 [ 4 4 0 0], LS_00000000016afd10_0_0, LS_00000000016afd10_0_4;
S_000000000126aa50 .scope module, "MyMc" "MyMC14495" 3 26, 4 1 0, S_000000000126a8c0;
 .timescale 0 0;
    .port_info 0 /INPUT 1 "D0";
    .port_info 1 /INPUT 1 "D1";
    .port_info 2 /INPUT 1 "D2";
    .port_info 3 /INPUT 1 "D3";
    .port_info 4 /INPUT 1 "LE";
    .port_info 5 /INPUT 1 "point";
    .port_info 6 /OUTPUT 1 "a";
    .port_info 7 /OUTPUT 1 "b";
    .port_info 8 /OUTPUT 1 "c";
    .port_info 9 /OUTPUT 1 "d";
    .port_info 10 /OUTPUT 1 "e";
    .port_info 11 /OUTPUT 1 "f";
    .port_info 12 /OUTPUT 1 "g";
    .port_info 13 /OUTPUT 1 "p";
L_00000000016a9260 .functor NOT 1, L_00000000016afef0, C4<0>, C4<0>, C4<0>;
L_00000000016a9570 .functor NOT 1, L_00000000016aef50, C4<0>, C4<0>, C4<0>;
L_00000000016a9650 .functor NOT 1, L_00000000016aff90, C4<0>, C4<0>, C4<0>;
L_00000000016a9b20 .functor NOT 1, L_00000000016aed70, C4<0>, C4<0>, C4<0>;
L_00000000016a96c0 .functor AND 1, L_00000000016a9b20, L_00000000016a9650, C4<1>, C4<1>;
L_00000000016a9f10 .functor AND 1, L_00000000016a96c0, L_00000000016a9570, C4<1>, C4<1>;
L_00000000016a92d0 .functor AND 1, L_00000000016a9f10, L_00000000016afef0, C4<1>, C4<1>;
L_00000000016a98f0 .functor AND 1, L_00000000016a9b20, L_00000000016aff90, C4<1>, C4<1>;
L_00000000016a97a0 .functor AND 1, L_00000000016a98f0, L_00000000016a9570, C4<1>, C4<1>;
L_00000000016aa060 .functor AND 1, L_00000000016a97a0, L_00000000016a9260, C4<1>, C4<1>;
L_00000000016a9490 .functor OR 1, L_00000000016a92d0, L_00000000016aa060, C4<0>, C4<0>;
L_00000000016a9960 .functor AND 1, L_00000000016aed70, L_00000000016a9650, C4<1>, C4<1>;
L_00000000016a9a40 .functor AND 1, L_00000000016a9960, L_00000000016aef50, C4<1>, C4<1>;
L_00000000016a99d0 .functor AND 1, L_00000000016a9a40, L_00000000016afef0, C4<1>, C4<1>;
L_00000000016a9ab0 .functor OR 1, L_00000000016a9490, L_00000000016a99d0, C4<0>, C4<0>;
L_00000000016a9b90 .functor AND 1, L_00000000016aed70, L_00000000016aff90, C4<1>, C4<1>;
L_00000000016a9c00 .functor AND 1, L_00000000016a9b90, L_00000000016a9570, C4<1>, C4<1>;
L_00000000016b0450 .functor AND 1, L_00000000016a9c00, L_00000000016afef0, C4<1>, C4<1>;
L_00000000016b0bc0 .functor OR 1, L_00000000016a9ab0, L_00000000016b0450, C4<0>, C4<0>;
L_00000000016b0df0 .functor OR 1, L_00000000016a95e0, L_00000000016b0bc0, C4<0>, C4<0>;
L_00000000016b0fb0 .functor AND 1, L_00000000016a9b20, L_00000000016aff90, C4<1>, C4<1>;
L_00000000016b0370 .functor AND 1, L_00000000016b0fb0, L_00000000016a9570, C4<1>, C4<1>;
L_00000000016b0d80 .functor AND 1, L_00000000016b0370, L_00000000016afef0, C4<1>, C4<1>;
L_00000000016b0ca0 .functor AND 1, L_00000000016aff90, L_00000000016aef50, C4<1>, C4<1>;
L_00000000016b1090 .functor AND 1, L_00000000016b0ca0, L_00000000016a9260, C4<1>, C4<1>;
L_00000000016b0f40 .functor OR 1, L_00000000016b0d80, L_00000000016b1090, C4<0>, C4<0>;
L_00000000016b1020 .functor AND 1, L_00000000016aed70, L_00000000016aff90, C4<1>, C4<1>;
L_00000000016b0220 .functor AND 1, L_00000000016b1020, L_00000000016a9260, C4<1>, C4<1>;
L_00000000016b0290 .functor OR 1, L_00000000016b0f40, L_00000000016b0220, C4<0>, C4<0>;
L_00000000016b0d10 .functor AND 1, L_00000000016aed70, L_00000000016aef50, C4<1>, C4<1>;
L_00000000016b0c30 .functor AND 1, L_00000000016b0d10, L_00000000016afef0, C4<1>, C4<1>;
L_00000000016b0ed0 .functor OR 1, L_00000000016b0290, L_00000000016b0c30, C4<0>, C4<0>;
L_00000000016b0300 .functor OR 1, L_00000000016a95e0, L_00000000016b0ed0, C4<0>, C4<0>;
L_00000000016b0760 .functor AND 1, L_00000000016a9b20, L_00000000016a9650, C4<1>, C4<1>;
L_00000000016b0990 .functor AND 1, L_00000000016b0760, L_00000000016aef50, C4<1>, C4<1>;
L_00000000016b01b0 .functor AND 1, L_00000000016b0990, L_00000000016a9260, C4<1>, C4<1>;
L_00000000016b03e0 .functor AND 1, L_00000000016aed70, L_00000000016aff90, C4<1>, C4<1>;
L_00000000016b0840 .functor AND 1, L_00000000016b03e0, L_00000000016a9260, C4<1>, C4<1>;
L_00000000016b0ae0 .functor OR 1, L_00000000016b01b0, L_00000000016b0840, C4<0>, C4<0>;
L_00000000016b04c0 .functor AND 1, L_00000000016aed70, L_00000000016aff90, C4<1>, C4<1>;
L_00000000016b0530 .functor AND 1, L_00000000016b04c0, L_00000000016aef50, C4<1>, C4<1>;
L_00000000016b05a0 .functor OR 1, L_00000000016b0ae0, L_00000000016b0530, C4<0>, C4<0>;
L_00000000016b0680 .functor OR 1, L_00000000016a95e0, L_00000000016b05a0, C4<0>, C4<0>;
L_00000000016b0610 .functor AND 1, L_00000000016a9b20, L_00000000016a9650, C4<1>, C4<1>;
L_00000000016b06f0 .functor AND 1, L_00000000016b0610, L_00000000016a9570, C4<1>, C4<1>;
L_00000000016b08b0 .functor AND 1, L_00000000016b06f0, L_00000000016afef0, C4<1>, C4<1>;
L_00000000016b07d0 .functor AND 1, L_00000000016a9b20, L_00000000016aff90, C4<1>, C4<1>;
L_00000000016b0920 .functor AND 1, L_00000000016b07d0, L_00000000016a9570, C4<1>, C4<1>;
L_00000000016b0a00 .functor AND 1, L_00000000016b0920, L_00000000016a9260, C4<1>, C4<1>;
L_00000000016b0a70 .functor OR 1, L_00000000016b08b0, L_00000000016b0a00, C4<0>, C4<0>;
L_00000000016b0b50 .functor AND 1, L_00000000016aff90, L_00000000016aef50, C4<1>, C4<1>;
L_00000000016b0e60 .functor AND 1, L_00000000016b0b50, L_00000000016afef0, C4<1>, C4<1>;
L_00000000016b1bc0 .functor OR 1, L_00000000016b0a70, L_00000000016b0e60, C4<0>, C4<0>;
L_00000000016b2170 .functor AND 1, L_00000000016aed70, L_00000000016a9650, C4<1>, C4<1>;
L_00000000016b1d10 .functor AND 1, L_00000000016b2170, L_00000000016aef50, C4<1>, C4<1>;
L_00000000016b1c30 .functor AND 1, L_00000000016b1d10, L_00000000016a9260, C4<1>, C4<1>;
L_00000000016b1680 .functor OR 1, L_00000000016b1bc0, L_00000000016b1c30, C4<0>, C4<0>;
L_00000000016b1f40 .functor OR 1, L_00000000016a95e0, L_00000000016b1680, C4<0>, C4<0>;
L_00000000016b2090 .functor AND 1, L_00000000016a9b20, L_00000000016afef0, C4<1>, C4<1>;
L_00000000016b2100 .functor AND 1, L_00000000016a9b20, L_00000000016aff90, C4<1>, C4<1>;
L_00000000016b21e0 .functor AND 1, L_00000000016b2100, L_00000000016a9570, C4<1>, C4<1>;
L_00000000016b1760 .functor OR 1, L_00000000016b2090, L_00000000016b21e0, C4<0>, C4<0>;
L_00000000016b16f0 .functor AND 1, L_00000000016a9650, L_00000000016a9570, C4<1>, C4<1>;
L_00000000016b17d0 .functor AND 1, L_00000000016b16f0, L_00000000016afef0, C4<1>, C4<1>;
L_00000000016b1a70 .functor OR 1, L_00000000016b1760, L_00000000016b17d0, C4<0>, C4<0>;
L_00000000016b1b50 .functor OR 1, L_00000000016a95e0, L_00000000016b1a70, C4<0>, C4<0>;
L_00000000016b14c0 .functor AND 1, L_00000000016a9b20, L_00000000016a9650, C4<1>, C4<1>;
L_00000000016b1530 .functor AND 1, L_00000000016b14c0, L_00000000016afef0, C4<1>, C4<1>;
L_00000000016b1990 .functor AND 1, L_00000000016a9b20, L_00000000016a9650, C4<1>, C4<1>;
L_00000000016b2250 .functor AND 1, L_00000000016b1990, L_00000000016aef50, C4<1>, C4<1>;
L_00000000016b13e0 .functor OR 1, L_00000000016b1530, L_00000000016b2250, C4<0>, C4<0>;
L_00000000016b1ca0 .functor AND 1, L_00000000016a9b20, L_00000000016aef50, C4<1>, C4<1>;
L_00000000016b1370 .functor AND 1, L_00000000016b1ca0, L_00000000016afef0, C4<1>, C4<1>;
L_00000000016b15a0 .functor OR 1, L_00000000016b13e0, L_00000000016b1370, C4<0>, C4<0>;
L_00000000016b1610 .functor AND 1, L_00000000016aed70, L_00000000016aff90, C4<1>, C4<1>;
L_00000000016b1450 .functor AND 1, L_00000000016b1610, L_00000000016a9570, C4<1>, C4<1>;
L_00000000016b1840 .functor AND 1, L_00000000016b1450, L_00000000016afef0, C4<1>, C4<1>;
L_00000000016b1df0 .functor OR 1, L_00000000016b15a0, L_00000000016b1840, C4<0>, C4<0>;
L_00000000016b18b0 .functor OR 1, L_00000000016a95e0, L_00000000016b1df0, C4<0>, C4<0>;
L_00000000016b1d80 .functor AND 1, L_00000000016a9b20, L_00000000016a9650, C4<1>, C4<1>;
L_00000000016b1920 .functor AND 1, L_00000000016b1d80, L_00000000016a9570, C4<1>, C4<1>;
L_00000000016b1ed0 .functor AND 1, L_00000000016a9b20, L_00000000016aff90, C4<1>, C4<1>;
L_00000000016b1a00 .functor AND 1, L_00000000016b1ed0, L_00000000016aef50, C4<1>, C4<1>;
L_00000000016b1ae0 .functor AND 1, L_00000000016b1a00, L_00000000016afef0, C4<1>, C4<1>;
L_00000000016b1e60 .functor OR 1, L_00000000016b1920, L_00000000016b1ae0, C4<0>, C4<0>;
L_00000000016b1fb0 .functor AND 1, L_00000000016aed70, L_00000000016aff90, C4<1>, C4<1>;
L_00000000016b2020 .functor AND 1, L_00000000016b1fb0, L_00000000016a9570, C4<1>, C4<1>;
L_00000000016b4df0 .functor AND 1, L_00000000016b2020, L_00000000016a9260, C4<1>, C4<1>;
L_00000000016b4c30 .functor OR 1, L_00000000016b1e60, L_00000000016b4df0, C4<0>, C4<0>;
L_00000000016b5b80 .functor OR 1, L_00000000016a95e0, L_00000000016b4c30, C4<0>, C4<0>;
L_00000000016b58e0 .functor NOT 1, L_00000000016a91f0, C4<0>, C4<0>, C4<0>;
v00000000012adaf0_0 .net "D0", 0 0, L_00000000016afef0;  1 drivers
v00000000012adb90_0 .net "D0n", 0 0, L_00000000016a9260;  1 drivers
v00000000012acb50_0 .net "D1", 0 0, L_00000000016aef50;  1 drivers
v00000000012ae310_0 .net "D1n", 0 0, L_00000000016a9570;  1 drivers
v00000000012ac970_0 .net "D2", 0 0, L_00000000016aff90;  1 drivers
v00000000012ac790_0 .net "D2n", 0 0, L_00000000016a9650;  1 drivers
v00000000012acbf0_0 .net "D3", 0 0, L_00000000016aed70;  1 drivers
v00000000012acc90_0 .net "D3n", 0 0, L_00000000016a9b20;  1 drivers
v00000000012adff0_0 .net "LE", 0 0, L_00000000016a95e0;  alias, 1 drivers
v00000000012ace70_0 .net *"_s10", 0 0, L_00000000016a9f10;  1 drivers
v00000000012adc30_0 .net *"_s100", 0 0, L_00000000016b0b50;  1 drivers
v00000000012adcd0_0 .net *"_s102", 0 0, L_00000000016b0e60;  1 drivers
v00000000012ac830_0 .net *"_s104", 0 0, L_00000000016b1bc0;  1 drivers
v00000000012ac8d0_0 .net *"_s106", 0 0, L_00000000016b2170;  1 drivers
v00000000012ade10_0 .net *"_s108", 0 0, L_00000000016b1d10;  1 drivers
v00000000012add70_0 .net *"_s110", 0 0, L_00000000016b1c30;  1 drivers
v00000000012adf50_0 .net *"_s112", 0 0, L_00000000016b1680;  1 drivers
v00000000012ae090_0 .net *"_s116", 0 0, L_00000000016b2090;  1 drivers
v0000000001275900_0 .net *"_s118", 0 0, L_00000000016b2100;  1 drivers
v0000000001276940_0 .net *"_s12", 0 0, L_00000000016a92d0;  1 drivers
v00000000012528a0_0 .net *"_s120", 0 0, L_00000000016b21e0;  1 drivers
v00000000012fc9e0_0 .net *"_s122", 0 0, L_00000000016b1760;  1 drivers
v00000000012fc760_0 .net *"_s124", 0 0, L_00000000016b16f0;  1 drivers
v00000000012fd480_0 .net *"_s126", 0 0, L_00000000016b17d0;  1 drivers
v00000000012fca80_0 .net *"_s128", 0 0, L_00000000016b1a70;  1 drivers
v00000000012fcc60_0 .net *"_s132", 0 0, L_00000000016b14c0;  1 drivers
v00000000012fcb20_0 .net *"_s134", 0 0, L_00000000016b1530;  1 drivers
v00000000012fc8a0_0 .net *"_s136", 0 0, L_00000000016b1990;  1 drivers
v00000000012fc4e0_0 .net *"_s138", 0 0, L_00000000016b2250;  1 drivers
v00000000012fc800_0 .net *"_s14", 0 0, L_00000000016a98f0;  1 drivers
v00000000012fd660_0 .net *"_s140", 0 0, L_00000000016b13e0;  1 drivers
v00000000012fbcc0_0 .net *"_s142", 0 0, L_00000000016b1ca0;  1 drivers
v00000000012fbea0_0 .net *"_s144", 0 0, L_00000000016b1370;  1 drivers
v00000000012fcda0_0 .net *"_s146", 0 0, L_00000000016b15a0;  1 drivers
v00000000012fd0c0_0 .net *"_s148", 0 0, L_00000000016b1610;  1 drivers
v00000000012fbe00_0 .net *"_s150", 0 0, L_00000000016b1450;  1 drivers
v00000000012fcbc0_0 .net *"_s152", 0 0, L_00000000016b1840;  1 drivers
v00000000012fcd00_0 .net *"_s154", 0 0, L_00000000016b1df0;  1 drivers
v00000000012fd2a0_0 .net *"_s158", 0 0, L_00000000016b1d80;  1 drivers
v00000000012fc120_0 .net *"_s16", 0 0, L_00000000016a97a0;  1 drivers
v00000000012fbd60_0 .net *"_s160", 0 0, L_00000000016b1920;  1 drivers
v00000000012fd020_0 .net *"_s162", 0 0, L_00000000016b1ed0;  1 drivers
v00000000012fd840_0 .net *"_s164", 0 0, L_00000000016b1a00;  1 drivers
v00000000012fce40_0 .net *"_s166", 0 0, L_00000000016b1ae0;  1 drivers
v00000000012fbb80_0 .net *"_s168", 0 0, L_00000000016b1e60;  1 drivers
v00000000012fd7a0_0 .net *"_s170", 0 0, L_00000000016b1fb0;  1 drivers
v00000000012fd340_0 .net *"_s172", 0 0, L_00000000016b2020;  1 drivers
v00000000012fd160_0 .net *"_s174", 0 0, L_00000000016b4df0;  1 drivers
v00000000012fbc20_0 .net *"_s176", 0 0, L_00000000016b4c30;  1 drivers
v00000000012fc940_0 .net *"_s18", 0 0, L_00000000016aa060;  1 drivers
v00000000012fc300_0 .net *"_s20", 0 0, L_00000000016a9490;  1 drivers
v00000000012fb9a0_0 .net *"_s22", 0 0, L_00000000016a9960;  1 drivers
v00000000012fba40_0 .net *"_s24", 0 0, L_00000000016a9a40;  1 drivers
v00000000012fbf40_0 .net *"_s26", 0 0, L_00000000016a99d0;  1 drivers
v00000000012fbae0_0 .net *"_s28", 0 0, L_00000000016a9ab0;  1 drivers
v00000000012fc620_0 .net *"_s30", 0 0, L_00000000016a9b90;  1 drivers
v00000000012fbfe0_0 .net *"_s32", 0 0, L_00000000016a9c00;  1 drivers
v00000000012fcee0_0 .net *"_s34", 0 0, L_00000000016b0450;  1 drivers
v00000000012fcf80_0 .net *"_s36", 0 0, L_00000000016b0bc0;  1 drivers
v00000000012fc080_0 .net *"_s40", 0 0, L_00000000016b0fb0;  1 drivers
v00000000012fd200_0 .net *"_s42", 0 0, L_00000000016b0370;  1 drivers
v00000000012fd520_0 .net *"_s44", 0 0, L_00000000016b0d80;  1 drivers
v00000000012fc1c0_0 .net *"_s46", 0 0, L_00000000016b0ca0;  1 drivers
v00000000012fc580_0 .net *"_s48", 0 0, L_00000000016b1090;  1 drivers
v00000000012fd3e0_0 .net *"_s50", 0 0, L_00000000016b0f40;  1 drivers
v00000000012fc260_0 .net *"_s52", 0 0, L_00000000016b1020;  1 drivers
v00000000012fd5c0_0 .net *"_s54", 0 0, L_00000000016b0220;  1 drivers
v00000000012fc6c0_0 .net *"_s56", 0 0, L_00000000016b0290;  1 drivers
v00000000012fc3a0_0 .net *"_s58", 0 0, L_00000000016b0d10;  1 drivers
v00000000012fd700_0 .net *"_s60", 0 0, L_00000000016b0c30;  1 drivers
v00000000012fc440_0 .net *"_s62", 0 0, L_00000000016b0ed0;  1 drivers
v0000000001650880_0 .net *"_s66", 0 0, L_00000000016b0760;  1 drivers
v0000000001651140_0 .net *"_s68", 0 0, L_00000000016b0990;  1 drivers
v0000000001650920_0 .net *"_s70", 0 0, L_00000000016b01b0;  1 drivers
v0000000001651dc0_0 .net *"_s72", 0 0, L_00000000016b03e0;  1 drivers
v0000000001651e60_0 .net *"_s74", 0 0, L_00000000016b0840;  1 drivers
v0000000001651640_0 .net *"_s76", 0 0, L_00000000016b0ae0;  1 drivers
v0000000001650f60_0 .net *"_s78", 0 0, L_00000000016b04c0;  1 drivers
v00000000016504c0_0 .net *"_s8", 0 0, L_00000000016a96c0;  1 drivers
v00000000016507e0_0 .net *"_s80", 0 0, L_00000000016b0530;  1 drivers
v00000000016509c0_0 .net *"_s82", 0 0, L_00000000016b05a0;  1 drivers
v0000000001651000_0 .net *"_s86", 0 0, L_00000000016b0610;  1 drivers
v00000000016510a0_0 .net *"_s88", 0 0, L_00000000016b06f0;  1 drivers
v0000000001650e20_0 .net *"_s90", 0 0, L_00000000016b08b0;  1 drivers
v0000000001651d20_0 .net *"_s92", 0 0, L_00000000016b07d0;  1 drivers
v0000000001651f00_0 .net *"_s94", 0 0, L_00000000016b0920;  1 drivers
v0000000001651aa0_0 .net *"_s96", 0 0, L_00000000016b0a00;  1 drivers
v00000000016511e0_0 .net *"_s98", 0 0, L_00000000016b0a70;  1 drivers
v0000000001651c80_0 .net "a", 0 0, L_00000000016b0df0;  1 drivers
v0000000001650a60_0 .net "b", 0 0, L_00000000016b0300;  1 drivers
v0000000001650420_0 .net "c", 0 0, L_00000000016b0680;  1 drivers
v0000000001651280_0 .net "d", 0 0, L_00000000016b1f40;  1 drivers
v0000000001651820_0 .net "e", 0 0, L_00000000016b1b50;  1 drivers
v0000000001651320_0 .net "f", 0 0, L_00000000016b18b0;  1 drivers
v0000000001650ba0_0 .net "g", 0 0, L_00000000016b5b80;  1 drivers
v0000000001650b00_0 .net "p", 0 0, L_00000000016b58e0;  1 drivers
v00000000016518c0_0 .net "point", 0 0, L_00000000016a91f0;  alias, 1 drivers
S_0000000001261b60 .scope module, "cd" "clkdiv" 3 22, 5 1 0, S_000000000126a8c0;
 .timescale 0 0;
    .port_info 0 /INPUT 1 "clk";
    .port_info 1 /INPUT 1 "rst";
    .port_info 2 /OUTPUT 32 "clkdiv";
v0000000001651fa0_0 .net "clk", 0 0, v000000000165bf50_0;  alias, 1 drivers
v00000000016513c0_0 .var "clkdiv", 31 0;
v0000000001650100_0 .net "rst", 0 0, L_00000000012aee50;  alias, 1 drivers
E_000000000129cc60 .event posedge, v0000000001650100_0, v0000000001651fa0_0;
S_0000000001261cf0 .scope module, "ds" "display_sync" 3 25, 6 1 0, S_000000000126a8c0;
 .timescale 0 0;
    .port_info 0 /INPUT 4 "I0";
    .port_info 1 /INPUT 4 "I1";
    .port_info 2 /INPUT 4 "I2";
    .port_info 3 /INPUT 4 "I3";
    .port_info 4 /INPUT 4 "points";
    .port_info 5 /INPUT 4 "LES";
    .port_info 6 /INPUT 2 "scan";
    .port_info 7 /OUTPUT 4 "Hex";
    .port_info 8 /OUTPUT 4 "AN";
    .port_info 9 /OUTPUT 1 "p";
    .port_info 10 /OUTPUT 1 "LE";
L_00000000016a9c70 .functor AND 1, L_000000000165d5d0, L_000000000165d670, C4<1>, C4<1>;
L_00000000016a9340 .functor AND 1, L_000000000165d710, L_000000000165d7b0, C4<1>, C4<1>;
L_00000000016a9ce0 .functor OR 1, L_00000000016a9c70, L_00000000016a9340, C4<0>, C4<0>;
L_00000000016a9dc0 .functor AND 1, L_000000000165d850, L_000000000165d990, C4<1>, C4<1>;
L_00000000016a9180 .functor OR 1, L_00000000016a9ce0, L_00000000016a9dc0, C4<0>, C4<0>;
L_00000000016a9e30 .functor AND 1, L_000000000165da30, L_00000000016b0030, C4<1>, C4<1>;
L_00000000016a91f0 .functor OR 1, L_00000000016a9180, L_00000000016a9e30, C4<0>, C4<0>;
L_00000000016a9880 .functor AND 1, L_00000000016af810, L_00000000016af590, C4<1>, C4<1>;
L_00000000016a9730 .functor AND 1, L_00000000016aeaf0, L_00000000016aecd0, C4<1>, C4<1>;
L_00000000016a9ea0 .functor OR 1, L_00000000016a9880, L_00000000016a9730, C4<0>, C4<0>;
L_00000000016a9d50 .functor AND 1, L_00000000016af630, L_00000000016afbd0, C4<1>, C4<1>;
L_00000000016a9500 .functor OR 1, L_00000000016a9ea0, L_00000000016a9d50, C4<0>, C4<0>;
L_00000000016a9420 .functor AND 1, L_00000000016aeff0, L_00000000016afdb0, C4<1>, C4<1>;
L_00000000016a95e0 .functor OR 1, L_00000000016a9500, L_00000000016a9420, C4<0>, C4<0>;
L_00000000016a93b0 .functor NOT 4, L_000000000165d530, C4<0000>, C4<0000>, C4<0000>;
v0000000001654770_0 .net "AN", 3 0, L_00000000016a93b0;  alias, 1 drivers
v00000000016562f0_0 .net "Hex", 3 0, L_000000000165d210;  alias, 1 drivers
v0000000001656390_0 .net "I0", 3 0, v0000000001657330_0;  alias, 1 drivers
v0000000001656570_0 .net "I1", 3 0, v00000000016573d0_0;  alias, 1 drivers
v00000000016566b0_0 .net "I2", 3 0, v0000000001657510_0;  alias, 1 drivers
v0000000001656610_0 .net "I3", 3 0, v000000000165a3d0_0;  alias, 1 drivers
v0000000001654810_0 .net "LE", 0 0, L_00000000016a95e0;  alias, 1 drivers
v0000000001654d10_0 .net "LES", 3 0, L_00000000016afc70;  1 drivers
v00000000016548b0_0 .net "M", 3 0, L_000000000165d530;  1 drivers
v0000000001656750_0 .net *"_s1", 0 0, L_000000000165d5d0;  1 drivers
v0000000001655030_0 .net *"_s10", 0 0, L_00000000016a9340;  1 drivers
v00000000016555d0_0 .net *"_s12", 0 0, L_00000000016a9ce0;  1 drivers
v00000000016552b0_0 .net *"_s15", 0 0, L_000000000165d850;  1 drivers
v0000000001655350_0 .net *"_s17", 0 0, L_000000000165d990;  1 drivers
v00000000016549f0_0 .net *"_s18", 0 0, L_00000000016a9dc0;  1 drivers
v0000000001654b30_0 .net *"_s20", 0 0, L_00000000016a9180;  1 drivers
v0000000001656890_0 .net *"_s23", 0 0, L_000000000165da30;  1 drivers
v0000000001654bd0_0 .net *"_s25", 0 0, L_00000000016b0030;  1 drivers
v00000000016553f0_0 .net *"_s26", 0 0, L_00000000016a9e30;  1 drivers
v0000000001655670_0 .net *"_s3", 0 0, L_000000000165d670;  1 drivers
v0000000001655490_0 .net *"_s31", 0 0, L_00000000016af810;  1 drivers
v0000000001655530_0 .net *"_s33", 0 0, L_00000000016af590;  1 drivers
v0000000001655710_0 .net *"_s34", 0 0, L_00000000016a9880;  1 drivers
v00000000016558f0_0 .net *"_s37", 0 0, L_00000000016aeaf0;  1 drivers
v0000000001655990_0 .net *"_s39", 0 0, L_00000000016aecd0;  1 drivers
v0000000001655ad0_0 .net *"_s4", 0 0, L_00000000016a9c70;  1 drivers
v0000000001655e90_0 .net *"_s40", 0 0, L_00000000016a9730;  1 drivers
v0000000001655b70_0 .net *"_s42", 0 0, L_00000000016a9ea0;  1 drivers
v0000000001655c10_0 .net *"_s45", 0 0, L_00000000016af630;  1 drivers
v0000000001655cb0_0 .net *"_s47", 0 0, L_00000000016afbd0;  1 drivers
v0000000001655d50_0 .net *"_s48", 0 0, L_00000000016a9d50;  1 drivers
v0000000001655f30_0 .net *"_s50", 0 0, L_00000000016a9500;  1 drivers
v0000000001657650_0 .net *"_s53", 0 0, L_00000000016aeff0;  1 drivers
v00000000016578d0_0 .net *"_s55", 0 0, L_00000000016afdb0;  1 drivers
v0000000001657470_0 .net *"_s56", 0 0, L_00000000016a9420;  1 drivers
v0000000001657830_0 .net *"_s7", 0 0, L_000000000165d710;  1 drivers
v0000000001657790_0 .net *"_s9", 0 0, L_000000000165d7b0;  1 drivers
v0000000001657970_0 .net "p", 0 0, L_00000000016a91f0;  alias, 1 drivers
v0000000001657a10_0 .net "points", 3 0, L_00000000016aec30;  1 drivers
v0000000001657ab0_0 .net "scan", 1 0, L_00000000016aeb90;  1 drivers
L_000000000165d5d0 .part L_000000000165d530, 0, 1;
L_000000000165d670 .part L_00000000016aec30, 0, 1;
L_000000000165d710 .part L_000000000165d530, 1, 1;
L_000000000165d7b0 .part L_00000000016aec30, 1, 1;
L_000000000165d850 .part L_000000000165d530, 2, 1;
L_000000000165d990 .part L_00000000016aec30, 2, 1;
L_000000000165da30 .part L_000000000165d530, 3, 1;
L_00000000016b0030 .part L_00000000016aec30, 3, 1;
L_00000000016af810 .part L_000000000165d530, 0, 1;
L_00000000016af590 .part L_00000000016afc70, 0, 1;
L_00000000016aeaf0 .part L_000000000165d530, 1, 1;
L_00000000016aecd0 .part L_00000000016afc70, 1, 1;
L_00000000016af630 .part L_000000000165d530, 2, 1;
L_00000000016afbd0 .part L_00000000016afc70, 2, 1;
L_00000000016aeff0 .part L_000000000165d530, 3, 1;
L_00000000016afdb0 .part L_00000000016afc70, 3, 1;
S_0000000001262880 .scope module, "Muxb4" "Mux_4_1_b4" 6 7, 7 12 0, S_0000000001261cf0;
 .timescale 0 0;
    .port_info 0 /INPUT 2 "s";
    .port_info 1 /INPUT 4 "I0";
    .port_info 2 /INPUT 4 "I1";
    .port_info 3 /INPUT 4 "I2";
    .port_info 4 /INPUT 4 "I3";
    .port_info 5 /OUTPUT 4 "o";
L_00000000016a85d0 .functor AND 1, L_000000000165a6f0, L_000000000165a790, C4<1>, C4<1>;
L_00000000016a8640 .functor AND 1, L_000000000165a1f0, L_000000000165a830, C4<1>, C4<1>;
L_00000000016a8790 .functor OR 1, L_00000000016a85d0, L_00000000016a8640, C4<0>, C4<0>;
L_00000000016a8b80 .functor AND 1, L_000000000165a970, L_000000000165beb0, C4<1>, C4<1>;
L_00000000016a8950 .functor OR 1, L_00000000016a8790, L_00000000016a8b80, C4<0>, C4<0>;
L_00000000016a8800 .functor AND 1, L_000000000165abf0, L_000000000165b410, C4<1>, C4<1>;
L_00000000016a8e20 .functor OR 1, L_00000000016a8950, L_00000000016a8800, C4<0>, C4<0>;
L_00000000016a8cd0 .functor AND 1, L_000000000165b550, L_000000000165b9b0, C4<1>, C4<1>;
L_00000000016a8170 .functor AND 1, L_000000000165ba50, L_000000000165bb90, C4<1>, C4<1>;
L_00000000016a81e0 .functor OR 1, L_00000000016a8cd0, L_00000000016a8170, C4<0>, C4<0>;
L_00000000016a86b0 .functor AND 1, L_000000000165dd50, L_000000000165d170, C4<1>, C4<1>;
L_00000000016a8a30 .functor OR 1, L_00000000016a81e0, L_00000000016a86b0, C4<0>, C4<0>;
L_00000000016a8250 .functor AND 1, L_000000000165cf90, L_000000000165c9f0, C4<1>, C4<1>;
L_00000000016a8870 .functor OR 1, L_00000000016a8a30, L_00000000016a8250, C4<0>, C4<0>;
L_00000000016a88e0 .functor AND 1, L_000000000165dad0, L_000000000165d0d0, C4<1>, C4<1>;
L_00000000016a82c0 .functor AND 1, L_000000000165d2b0, L_000000000165cb30, C4<1>, C4<1>;
L_00000000016a89c0 .functor OR 1, L_00000000016a88e0, L_00000000016a82c0, C4<0>, C4<0>;
L_00000000016a9050 .functor AND 1, L_000000000165db70, L_000000000165ddf0, C4<1>, C4<1>;
L_00000000016a8720 .functor OR 1, L_00000000016a89c0, L_00000000016a9050, C4<0>, C4<0>;
L_00000000016a8aa0 .functor AND 1, L_000000000165cef0, L_000000000165cd10, C4<1>, C4<1>;
L_00000000016a8db0 .functor OR 1, L_00000000016a8720, L_00000000016a8aa0, C4<0>, C4<0>;
L_00000000016a8e90 .functor AND 1, L_000000000165d030, L_000000000165cbd0, C4<1>, C4<1>;
L_00000000016a8bf0 .functor AND 1, L_000000000165d350, L_000000000165dc10, C4<1>, C4<1>;
L_00000000016a8b10 .functor OR 1, L_00000000016a8e90, L_00000000016a8bf0, C4<0>, C4<0>;
L_00000000016a8fe0 .functor AND 1, L_000000000165de90, L_000000000165d3f0, C4<1>, C4<1>;
L_00000000016a84f0 .functor OR 1, L_00000000016a8b10, L_00000000016a8fe0, C4<0>, C4<0>;
L_00000000016a8d40 .functor AND 1, L_000000000165c950, L_000000000165dcb0, C4<1>, C4<1>;
L_00000000016a8f00 .functor OR 1, L_00000000016a84f0, L_00000000016a8d40, C4<0>, C4<0>;
v0000000001651b40_0 .net "I0", 3 0, v0000000001657330_0;  alias, 1 drivers
v0000000001650240_0 .net "I1", 3 0, v00000000016573d0_0;  alias, 1 drivers
v00000000016502e0_0 .net "I2", 3 0, v0000000001657510_0;  alias, 1 drivers
v0000000001653830_0 .net "I3", 3 0, v000000000165a3d0_0;  alias, 1 drivers
v00000000016521b0_0 .net "Muxer", 3 0, L_000000000165c810;  1 drivers
v00000000016531f0_0 .net *"_s100", 0 0, L_000000000165d030;  1 drivers
v00000000016535b0_0 .net *"_s102", 0 0, L_000000000165cbd0;  1 drivers
v0000000001653a10_0 .net *"_s103", 0 0, L_00000000016a8e90;  1 drivers
v0000000001653d30_0 .net *"_s106", 0 0, L_000000000165d350;  1 drivers
v0000000001653510_0 .net *"_s108", 0 0, L_000000000165dc10;  1 drivers
v0000000001653470_0 .net *"_s109", 0 0, L_00000000016a8bf0;  1 drivers
v00000000016536f0_0 .net *"_s11", 0 0, L_000000000165a830;  1 drivers
v0000000001653650_0 .net *"_s111", 0 0, L_00000000016a8b10;  1 drivers
v0000000001653ab0_0 .net *"_s114", 0 0, L_000000000165de90;  1 drivers
v0000000001652e30_0 .net *"_s116", 0 0, L_000000000165d3f0;  1 drivers
v0000000001653290_0 .net *"_s117", 0 0, L_00000000016a8fe0;  1 drivers
v00000000016533d0_0 .net *"_s119", 0 0, L_00000000016a84f0;  1 drivers
v0000000001652d90_0 .net *"_s12", 0 0, L_00000000016a8640;  1 drivers
v0000000001653b50_0 .net *"_s122", 0 0, L_000000000165c950;  1 drivers
v00000000016526b0_0 .net *"_s124", 0 0, L_000000000165dcb0;  1 drivers
v0000000001653bf0_0 .net *"_s125", 0 0, L_00000000016a8d40;  1 drivers
v00000000016522f0_0 .net *"_s127", 0 0, L_00000000016a8f00;  1 drivers
v0000000001652110_0 .net *"_s14", 0 0, L_00000000016a8790;  1 drivers
v0000000001653790_0 .net *"_s17", 0 0, L_000000000165a970;  1 drivers
v0000000001652f70_0 .net *"_s19", 0 0, L_000000000165beb0;  1 drivers
v0000000001652930_0 .net *"_s20", 0 0, L_00000000016a8b80;  1 drivers
v00000000016538d0_0 .net *"_s22", 0 0, L_00000000016a8950;  1 drivers
v0000000001653fb0_0 .net *"_s25", 0 0, L_000000000165abf0;  1 drivers
v0000000001653330_0 .net *"_s27", 0 0, L_000000000165b410;  1 drivers
v0000000001652250_0 .net *"_s28", 0 0, L_00000000016a8800;  1 drivers
v0000000001653c90_0 .net *"_s3", 0 0, L_000000000165a6f0;  1 drivers
v0000000001652390_0 .net *"_s30", 0 0, L_00000000016a8e20;  1 drivers
v00000000016530b0_0 .net *"_s35", 0 0, L_000000000165b550;  1 drivers
v0000000001653970_0 .net *"_s37", 0 0, L_000000000165b9b0;  1 drivers
v0000000001653dd0_0 .net *"_s38", 0 0, L_00000000016a8cd0;  1 drivers
v0000000001652430_0 .net *"_s41", 0 0, L_000000000165ba50;  1 drivers
v0000000001652890_0 .net *"_s43", 0 0, L_000000000165bb90;  1 drivers
v00000000016529d0_0 .net *"_s44", 0 0, L_00000000016a8170;  1 drivers
v0000000001653e70_0 .net *"_s46", 0 0, L_00000000016a81e0;  1 drivers
v0000000001653f10_0 .net *"_s49", 0 0, L_000000000165dd50;  1 drivers
v0000000001652ed0_0 .net *"_s5", 0 0, L_000000000165a790;  1 drivers
v00000000016524d0_0 .net *"_s51", 0 0, L_000000000165d170;  1 drivers
v0000000001652570_0 .net *"_s52", 0 0, L_00000000016a86b0;  1 drivers
v00000000016527f0_0 .net *"_s54", 0 0, L_00000000016a8a30;  1 drivers
v0000000001652610_0 .net *"_s57", 0 0, L_000000000165cf90;  1 drivers
v0000000001652750_0 .net *"_s59", 0 0, L_000000000165c9f0;  1 drivers
v0000000001652a70_0 .net *"_s6", 0 0, L_00000000016a85d0;  1 drivers
v0000000001652b10_0 .net *"_s60", 0 0, L_00000000016a8250;  1 drivers
v0000000001652bb0_0 .net *"_s62", 0 0, L_00000000016a8870;  1 drivers
v0000000001652c50_0 .net *"_s67", 0 0, L_000000000165dad0;  1 drivers
v0000000001652cf0_0 .net *"_s69", 0 0, L_000000000165d0d0;  1 drivers
v0000000001653010_0 .net *"_s70", 0 0, L_00000000016a88e0;  1 drivers
v0000000001653150_0 .net *"_s73", 0 0, L_000000000165d2b0;  1 drivers
v0000000001654310_0 .net *"_s75", 0 0, L_000000000165cb30;  1 drivers
v00000000016567f0_0 .net *"_s76", 0 0, L_00000000016a82c0;  1 drivers
v0000000001656430_0 .net *"_s78", 0 0, L_00000000016a89c0;  1 drivers
v0000000001654db0_0 .net *"_s81", 0 0, L_000000000165db70;  1 drivers
v00000000016543b0_0 .net *"_s83", 0 0, L_000000000165ddf0;  1 drivers
v0000000001656070_0 .net *"_s84", 0 0, L_00000000016a9050;  1 drivers
v0000000001654c70_0 .net *"_s86", 0 0, L_00000000016a8720;  1 drivers
v00000000016557b0_0 .net *"_s89", 0 0, L_000000000165cef0;  1 drivers
v0000000001655850_0 .net *"_s9", 0 0, L_000000000165a1f0;  1 drivers
v0000000001655a30_0 .net *"_s91", 0 0, L_000000000165cd10;  1 drivers
v00000000016561b0_0 .net *"_s92", 0 0, L_00000000016a8aa0;  1 drivers
v0000000001654a90_0 .net *"_s94", 0 0, L_00000000016a8db0;  1 drivers
v0000000001654630_0 .net "o", 3 0, L_000000000165d210;  alias, 1 drivers
v0000000001655df0_0 .net "s", 1 0, L_00000000016aeb90;  alias, 1 drivers
L_000000000165a6f0 .part L_000000000165c810, 0, 1;
L_000000000165a790 .part v0000000001657330_0, 0, 1;
L_000000000165a1f0 .part L_000000000165c810, 1, 1;
L_000000000165a830 .part v00000000016573d0_0, 0, 1;
L_000000000165a970 .part L_000000000165c810, 2, 1;
L_000000000165beb0 .part v0000000001657510_0, 0, 1;
L_000000000165abf0 .part L_000000000165c810, 3, 1;
L_000000000165b410 .part v000000000165a3d0_0, 0, 1;
L_000000000165b550 .part L_000000000165c810, 0, 1;
L_000000000165b9b0 .part v0000000001657330_0, 1, 1;
L_000000000165ba50 .part L_000000000165c810, 1, 1;
L_000000000165bb90 .part v00000000016573d0_0, 1, 1;
L_000000000165dd50 .part L_000000000165c810, 2, 1;
L_000000000165d170 .part v0000000001657510_0, 1, 1;
L_000000000165cf90 .part L_000000000165c810, 3, 1;
L_000000000165c9f0 .part v000000000165a3d0_0, 1, 1;
L_000000000165dad0 .part L_000000000165c810, 0, 1;
L_000000000165d0d0 .part v0000000001657330_0, 2, 1;
L_000000000165d2b0 .part L_000000000165c810, 1, 1;
L_000000000165cb30 .part v00000000016573d0_0, 2, 1;
L_000000000165db70 .part L_000000000165c810, 2, 1;
L_000000000165ddf0 .part v0000000001657510_0, 2, 1;
L_000000000165cef0 .part L_000000000165c810, 3, 1;
L_000000000165cd10 .part v000000000165a3d0_0, 2, 1;
L_000000000165d210 .concat8 [ 1 1 1 1], L_00000000016a8e20, L_00000000016a8870, L_00000000016a8db0, L_00000000016a8f00;
L_000000000165d030 .part L_000000000165c810, 0, 1;
L_000000000165cbd0 .part v0000000001657330_0, 3, 1;
L_000000000165d350 .part L_000000000165c810, 1, 1;
L_000000000165dc10 .part v00000000016573d0_0, 3, 1;
L_000000000165de90 .part L_000000000165c810, 2, 1;
L_000000000165d3f0 .part v0000000001657510_0, 3, 1;
L_000000000165c950 .part L_000000000165c810, 3, 1;
L_000000000165dcb0 .part v000000000165a3d0_0, 3, 1;
S_0000000001262a10 .scope module, "Decoder" "decoder_2_4" 7 18, 7 1 0, S_0000000001262880;
 .timescale 0 0;
    .port_info 0 /INPUT 2 "s";
    .port_info 1 /OUTPUT 4 "outp";
L_00000000012af940 .functor NOT 1, L_000000000165a5b0, C4<0>, C4<0>, C4<0>;
L_00000000012aefa0 .functor NOT 1, L_000000000165b870, C4<0>, C4<0>, C4<0>;
L_00000000012af080 .functor AND 1, L_00000000012af940, L_00000000012aefa0, C4<1>, C4<1>;
L_0000000001242020 .functor NOT 1, L_000000000165c270, C4<0>, C4<0>, C4<0>;
L_0000000001242170 .functor AND 1, L_000000000165a650, L_0000000001242020, C4<1>, C4<1>;
L_0000000001242250 .functor NOT 1, L_000000000165bff0, C4<0>, C4<0>, C4<0>;
L_00000000016a8410 .functor AND 1, L_0000000001242250, L_000000000165bc30, C4<1>, C4<1>;
L_00000000016a8c60 .functor AND 1, L_000000000165c310, L_000000000165b370, C4<1>, C4<1>;
v0000000001650c40_0 .net *"_s10", 0 0, L_00000000012af080;  1 drivers
v0000000001650380_0 .net *"_s15", 0 0, L_000000000165a650;  1 drivers
v00000000016506a0_0 .net *"_s17", 0 0, L_000000000165c270;  1 drivers
v00000000016501a0_0 .net *"_s18", 0 0, L_0000000001242020;  1 drivers
v0000000001651780_0 .net *"_s20", 0 0, L_0000000001242170;  1 drivers
v0000000001650ec0_0 .net *"_s25", 0 0, L_000000000165bff0;  1 drivers
v0000000001651960_0 .net *"_s26", 0 0, L_0000000001242250;  1 drivers
v0000000001651460_0 .net *"_s29", 0 0, L_000000000165bc30;  1 drivers
v0000000001650560_0 .net *"_s3", 0 0, L_000000000165a5b0;  1 drivers
v0000000001650600_0 .net *"_s30", 0 0, L_00000000016a8410;  1 drivers
v0000000001650740_0 .net *"_s36", 0 0, L_000000000165c310;  1 drivers
v0000000001651be0_0 .net *"_s38", 0 0, L_000000000165b370;  1 drivers
v0000000001651500_0 .net *"_s39", 0 0, L_00000000016a8c60;  1 drivers
v0000000001650ce0_0 .net *"_s4", 0 0, L_00000000012af940;  1 drivers
v0000000001650d80_0 .net *"_s7", 0 0, L_000000000165b870;  1 drivers
v00000000016515a0_0 .net *"_s8", 0 0, L_00000000012aefa0;  1 drivers
v00000000016516e0_0 .net "outp", 3 0, L_000000000165c810;  alias, 1 drivers
v0000000001651a00_0 .net "s", 1 0, L_00000000016aeb90;  alias, 1 drivers
L_000000000165a5b0 .part L_00000000016aeb90, 0, 1;
L_000000000165b870 .part L_00000000016aeb90, 1, 1;
L_000000000165a650 .part L_00000000016aeb90, 0, 1;
L_000000000165c270 .part L_00000000016aeb90, 1, 1;
L_000000000165bff0 .part L_00000000016aeb90, 0, 1;
L_000000000165bc30 .part L_00000000016aeb90, 1, 1;
L_000000000165c810 .concat8 [ 1 1 1 1], L_00000000012af080, L_0000000001242170, L_00000000016a8410, L_00000000016a8c60;
L_000000000165c310 .part L_00000000016aeb90, 0, 1;
L_000000000165b370 .part L_00000000016aeb90, 1, 1;
S_00000000012535e0 .scope module, "d24_1" "decoder_2_4" 6 10, 7 1 0, S_0000000001261cf0;
 .timescale 0 0;
    .port_info 0 /INPUT 2 "s";
    .port_info 1 /OUTPUT 4 "outp";
L_00000000016a8f70 .functor NOT 1, L_000000000165df30, C4<0>, C4<0>, C4<0>;
L_00000000016a8330 .functor NOT 1, L_000000000165dfd0, C4<0>, C4<0>, C4<0>;
L_00000000016a83a0 .functor AND 1, L_00000000016a8f70, L_00000000016a8330, C4<1>, C4<1>;
L_00000000016a8480 .functor NOT 1, L_000000000165ca90, C4<0>, C4<0>, C4<0>;
L_00000000016a8560 .functor AND 1, L_000000000165d490, L_00000000016a8480, C4<1>, C4<1>;
L_00000000016a9810 .functor NOT 1, L_000000000165d8f0, C4<0>, C4<0>, C4<0>;
L_00000000016a9f80 .functor AND 1, L_00000000016a9810, L_000000000165cc70, C4<1>, C4<1>;
L_00000000016a9ff0 .functor AND 1, L_000000000165cdb0, L_000000000165ce50, C4<1>, C4<1>;
v0000000001654590_0 .net *"_s10", 0 0, L_00000000016a83a0;  1 drivers
v0000000001655fd0_0 .net *"_s15", 0 0, L_000000000165d490;  1 drivers
v0000000001656110_0 .net *"_s17", 0 0, L_000000000165ca90;  1 drivers
v0000000001654e50_0 .net *"_s18", 0 0, L_00000000016a8480;  1 drivers
v0000000001655210_0 .net *"_s20", 0 0, L_00000000016a8560;  1 drivers
v0000000001654130_0 .net *"_s25", 0 0, L_000000000165d8f0;  1 drivers
v00000000016541d0_0 .net *"_s26", 0 0, L_00000000016a9810;  1 drivers
v0000000001654270_0 .net *"_s29", 0 0, L_000000000165cc70;  1 drivers
v0000000001654950_0 .net *"_s3", 0 0, L_000000000165df30;  1 drivers
v0000000001654450_0 .net *"_s30", 0 0, L_00000000016a9f80;  1 drivers
v0000000001656250_0 .net *"_s36", 0 0, L_000000000165cdb0;  1 drivers
v00000000016564d0_0 .net *"_s38", 0 0, L_000000000165ce50;  1 drivers
v0000000001654ef0_0 .net *"_s39", 0 0, L_00000000016a9ff0;  1 drivers
v0000000001654f90_0 .net *"_s4", 0 0, L_00000000016a8f70;  1 drivers
v00000000016550d0_0 .net *"_s7", 0 0, L_000000000165dfd0;  1 drivers
v0000000001655170_0 .net *"_s8", 0 0, L_00000000016a8330;  1 drivers
v00000000016544f0_0 .net "outp", 3 0, L_000000000165d530;  alias, 1 drivers
v00000000016546d0_0 .net "s", 1 0, L_00000000016aeb90;  alias, 1 drivers
L_000000000165df30 .part L_00000000016aeb90, 0, 1;
L_000000000165dfd0 .part L_00000000016aeb90, 1, 1;
L_000000000165d490 .part L_00000000016aeb90, 0, 1;
L_000000000165ca90 .part L_00000000016aeb90, 1, 1;
L_000000000165d8f0 .part L_00000000016aeb90, 0, 1;
L_000000000165cc70 .part L_00000000016aeb90, 1, 1;
L_000000000165d530 .concat8 [ 1 1 1 1], L_00000000016a83a0, L_00000000016a8560, L_00000000016a9f80, L_00000000016a9ff0;
L_000000000165cdb0 .part L_00000000016aeb90, 0, 1;
L_000000000165ce50 .part L_00000000016aeb90, 1, 1;
S_00000000011f6740 .scope module, "numc" "create_number" 3 23, 8 18 0, S_000000000126a8c0;
 .timescale 0 0;
    .port_info 0 /INPUT 1 "clk";
    .port_info 1 /INPUT 4 "btn";
    .port_info 2 /OUTPUT 4 "n0";
    .port_info 3 /OUTPUT 4 "n1";
    .port_info 4 /OUTPUT 4 "n2";
    .port_info 5 /OUTPUT 4 "n3";
L_000000000165e108 .functor BUFT 1, C4<0001>, C4<0>, C4<0>, C4<0>;
v0000000001656a70_0 .net/2u *"_s0", 3 0, L_000000000165e108;  1 drivers
L_000000000165e1e0 .functor BUFT 1, C4<0001>, C4<0>, C4<0>, C4<0>;
v0000000001656bb0_0 .net/2u *"_s12", 3 0, L_000000000165e1e0;  1 drivers
v0000000001656c50_0 .net *"_s35", 0 0, L_000000000165bcd0;  1 drivers
v0000000001657010_0 .net *"_s39", 0 0, L_000000000165b190;  1 drivers
L_000000000165e150 .functor BUFT 1, C4<0001>, C4<0>, C4<0>, C4<0>;
v0000000001656cf0_0 .net/2u *"_s4", 3 0, L_000000000165e150;  1 drivers
v0000000001656d90_0 .net *"_s43", 0 0, L_000000000165be10;  1 drivers
v0000000001656f70_0 .net *"_s47", 0 0, L_000000000165af10;  1 drivers
L_000000000165e198 .functor BUFT 1, C4<0001>, C4<0>, C4<0>, C4<0>;
v00000000016570b0_0 .net/2u *"_s8", 3 0, L_000000000165e198;  1 drivers
v00000000016571f0_0 .net "btn", 3 0, v000000000165aab0_0;  alias, 1 drivers
v0000000001657290_0 .net "clk", 0 0, L_000000000165b0f0;  1 drivers
v0000000001657330_0 .var "n0", 3 0;
v00000000016573d0_0 .var "n1", 3 0;
v0000000001657510_0 .var "n2", 3 0;
v000000000165a3d0_0 .var "n3", 3 0;
v000000000165a290_0 .net "t0", 3 0, L_000000000165c630;  1 drivers
v000000000165bd70_0 .net "t1", 3 0, L_000000000165b690;  1 drivers
v000000000165a150_0 .net "t2", 3 0, L_000000000165ae70;  1 drivers
v000000000165c8b0_0 .net "t3", 3 0, L_000000000165afb0;  1 drivers
v000000000165b230_0 .net "tbtn", 3 0, L_000000000165baf0;  1 drivers
E_000000000129d4e0 .event posedge, L_000000000165af10;
E_000000000129c860 .event posedge, L_000000000165be10;
E_000000000129cae0 .event posedge, L_000000000165b190;
E_000000000129cba0 .event posedge, L_000000000165bcd0;
L_000000000165c630 .arith/sum 4, v0000000001657330_0, L_000000000165e108;
L_000000000165b690 .arith/sum 4, v00000000016573d0_0, L_000000000165e150;
L_000000000165ae70 .arith/sum 4, v0000000001657510_0, L_000000000165e198;
L_000000000165afb0 .arith/sum 4, v000000000165a3d0_0, L_000000000165e1e0;
L_000000000165c3b0 .part v000000000165aab0_0, 0, 1;
L_000000000165c1d0 .part v000000000165aab0_0, 1, 1;
L_000000000165c770 .part v000000000165aab0_0, 2, 1;
L_000000000165a510 .part v000000000165aab0_0, 3, 1;
L_000000000165baf0 .concat8 [ 1 1 1 1], v0000000001657c90_0, v00000000016575b0_0, v0000000001657e70_0, v0000000001656b10_0;
L_000000000165bcd0 .part L_000000000165baf0, 0, 1;
L_000000000165b190 .part L_000000000165baf0, 1, 1;
L_000000000165be10 .part L_000000000165baf0, 2, 1;
L_000000000165af10 .part L_000000000165baf0, 3, 1;
S_00000000011f68d0 .scope module, "db0" "pbdebounce" 8 38, 8 1 0, S_00000000011f6740;
 .timescale 0 0;
    .port_info 0 /INPUT 1 "clk_1ms";
    .port_info 1 /INPUT 1 "I";
    .port_info 2 /OUTPUT 1 "O";
v0000000001657bf0_0 .net "I", 0 0, L_000000000165c3b0;  1 drivers
v0000000001657c90_0 .var "O", 0 0;
v0000000001657f10_0 .net "clk_1ms", 0 0, L_000000000165b0f0;  alias, 1 drivers
v0000000001656e30_0 .var "pbshift", 7 0;
E_000000000129a120 .event posedge, v0000000001657f10_0;
S_00000000011fb800 .scope module, "db1" "pbdebounce" 8 39, 8 1 0, S_00000000011f6740;
 .timescale 0 0;
    .port_info 0 /INPUT 1 "clk_1ms";
    .port_info 1 /INPUT 1 "I";
    .port_info 2 /OUTPUT 1 "O";
v0000000001657d30_0 .net "I", 0 0, L_000000000165c1d0;  1 drivers
v00000000016575b0_0 .var "O", 0 0;
v0000000001657b50_0 .net "clk_1ms", 0 0, L_000000000165b0f0;  alias, 1 drivers
v0000000001657dd0_0 .var "pbshift", 7 0;
S_00000000011fb990 .scope module, "db2" "pbdebounce" 8 40, 8 1 0, S_00000000011f6740;
 .timescale 0 0;
    .port_info 0 /INPUT 1 "clk_1ms";
    .port_info 1 /INPUT 1 "I";
    .port_info 2 /OUTPUT 1 "O";
v0000000001657150_0 .net "I", 0 0, L_000000000165c770;  1 drivers
v0000000001657e70_0 .var "O", 0 0;
v00000000016576f0_0 .net "clk_1ms", 0 0, L_000000000165b0f0;  alias, 1 drivers
v0000000001657fb0_0 .var "pbshift", 7 0;
S_00000000012fe970 .scope module, "db3" "pbdebounce" 8 41, 8 1 0, S_00000000011f6740;
 .timescale 0 0;
    .port_info 0 /INPUT 1 "clk_1ms";
    .port_info 1 /INPUT 1 "I";
    .port_info 2 /OUTPUT 1 "O";
v0000000001656930_0 .net "I", 0 0, L_000000000165a510;  1 drivers
v0000000001656b10_0 .var "O", 0 0;
v00000000016569d0_0 .net "clk_1ms", 0 0, L_000000000165b0f0;  alias, 1 drivers
v0000000001656ed0_0 .var "pbshift", 7 0;
    .scope S_0000000001261b60;
T_0 ;
    %pushi/vec4 0, 0, 32;
    %assign/vec4 v00000000016513c0_0, 0;
    %end;
    .thread T_0;
    .scope S_0000000001261b60;
T_1 ;
    %wait E_000000000129cc60;
    %load/vec4 v0000000001650100_0;
    %flag_set/vec4 8;
    %jmp/0xz  T_1.0, 8;
    %pushi/vec4 0, 0, 32;
    %assign/vec4 v00000000016513c0_0, 0;
    %jmp T_1.1;
T_1.0 ;
    %load/vec4 v00000000016513c0_0;
    %addi 1, 0, 32;
    %assign/vec4 v00000000016513c0_0, 0;
T_1.1 ;
    %jmp T_1;
    .thread T_1;
    .scope S_00000000011f68d0;
T_2 ;
    %pushi/vec4 0, 0, 1;
    %store/vec4 v0000000001657c90_0, 0, 1;
    %end;
    .thread T_2;
    .scope S_00000000011f68d0;
T_3 ;
    %wait E_000000000129a120;
    %load/vec4 v0000000001656e30_0;
    %ix/load 4, 1, 0;
    %flag_set/imm 4, 0;
    %shiftl 4;
    %store/vec4 v0000000001656e30_0, 0, 8;
    %load/vec4 v0000000001657bf0_0;
    %ix/load 4, 0, 0;
    %flag_set/imm 4, 0;
    %store/vec4 v0000000001656e30_0, 4, 1;
    %load/vec4 v0000000001656e30_0;
    %cmpi/e 0, 0, 8;
    %jmp/0xz  T_3.0, 4;
    %pushi/vec4 0, 0, 1;
    %store/vec4 v0000000001657c90_0, 0, 1;
T_3.0 ;
    %load/vec4 v0000000001656e30_0;
    %cmpi/e 255, 0, 8;
    %jmp/0xz  T_3.2, 4;
    %pushi/vec4 1, 0, 1;
    %store/vec4 v0000000001657c90_0, 0, 1;
T_3.2 ;
    %jmp T_3;
    .thread T_3;
    .scope S_00000000011fb800;
T_4 ;
    %pushi/vec4 0, 0, 1;
    %store/vec4 v00000000016575b0_0, 0, 1;
    %end;
    .thread T_4;
    .scope S_00000000011fb800;
T_5 ;
    %wait E_000000000129a120;
    %load/vec4 v0000000001657dd0_0;
    %ix/load 4, 1, 0;
    %flag_set/imm 4, 0;
    %shiftl 4;
    %store/vec4 v0000000001657dd0_0, 0, 8;
    %load/vec4 v0000000001657d30_0;
    %ix/load 4, 0, 0;
    %flag_set/imm 4, 0;
    %store/vec4 v0000000001657dd0_0, 4, 1;
    %load/vec4 v0000000001657dd0_0;
    %cmpi/e 0, 0, 8;
    %jmp/0xz  T_5.0, 4;
    %pushi/vec4 0, 0, 1;
    %store/vec4 v00000000016575b0_0, 0, 1;
T_5.0 ;
    %load/vec4 v0000000001657dd0_0;
    %cmpi/e 255, 0, 8;
    %jmp/0xz  T_5.2, 4;
    %pushi/vec4 1, 0, 1;
    %store/vec4 v00000000016575b0_0, 0, 1;
T_5.2 ;
    %jmp T_5;
    .thread T_5;
    .scope S_00000000011fb990;
T_6 ;
    %pushi/vec4 0, 0, 1;
    %store/vec4 v0000000001657e70_0, 0, 1;
    %end;
    .thread T_6;
    .scope S_00000000011fb990;
T_7 ;
    %wait E_000000000129a120;
    %load/vec4 v0000000001657fb0_0;
    %ix/load 4, 1, 0;
    %flag_set/imm 4, 0;
    %shiftl 4;
    %store/vec4 v0000000001657fb0_0, 0, 8;
    %load/vec4 v0000000001657150_0;
    %ix/load 4, 0, 0;
    %flag_set/imm 4, 0;
    %store/vec4 v0000000001657fb0_0, 4, 1;
    %load/vec4 v0000000001657fb0_0;
    %cmpi/e 0, 0, 8;
    %jmp/0xz  T_7.0, 4;
    %pushi/vec4 0, 0, 1;
    %store/vec4 v0000000001657e70_0, 0, 1;
T_7.0 ;
    %load/vec4 v0000000001657fb0_0;
    %cmpi/e 255, 0, 8;
    %jmp/0xz  T_7.2, 4;
    %pushi/vec4 1, 0, 1;
    %store/vec4 v0000000001657e70_0, 0, 1;
T_7.2 ;
    %jmp T_7;
    .thread T_7;
    .scope S_00000000012fe970;
T_8 ;
    %pushi/vec4 0, 0, 1;
    %store/vec4 v0000000001656b10_0, 0, 1;
    %end;
    .thread T_8;
    .scope S_00000000012fe970;
T_9 ;
    %wait E_000000000129a120;
    %load/vec4 v0000000001656ed0_0;
    %ix/load 4, 1, 0;
    %flag_set/imm 4, 0;
    %shiftl 4;
    %store/vec4 v0000000001656ed0_0, 0, 8;
    %load/vec4 v0000000001656930_0;
    %ix/load 4, 0, 0;
    %flag_set/imm 4, 0;
    %store/vec4 v0000000001656ed0_0, 4, 1;
    %load/vec4 v0000000001656ed0_0;
    %cmpi/e 0, 0, 8;
    %jmp/0xz  T_9.0, 4;
    %pushi/vec4 0, 0, 1;
    %store/vec4 v0000000001656b10_0, 0, 1;
T_9.0 ;
    %load/vec4 v0000000001656ed0_0;
    %cmpi/e 255, 0, 8;
    %jmp/0xz  T_9.2, 4;
    %pushi/vec4 1, 0, 1;
    %store/vec4 v0000000001656b10_0, 0, 1;
T_9.2 ;
    %jmp T_9;
    .thread T_9;
    .scope S_00000000011f6740;
T_10 ;
    %pushi/vec4 4660, 0, 16;
    %split/vec4 4;
    %assign/vec4 v0000000001657330_0, 0;
    %split/vec4 4;
    %assign/vec4 v00000000016573d0_0, 0;
    %split/vec4 4;
    %assign/vec4 v0000000001657510_0, 0;
    %assign/vec4 v000000000165a3d0_0, 0;
    %end;
    .thread T_10;
    .scope S_00000000011f6740;
T_11 ;
    %wait E_000000000129cba0;
    %load/vec4 v000000000165a290_0;
    %assign/vec4 v0000000001657330_0, 0;
    %jmp T_11;
    .thread T_11;
    .scope S_00000000011f6740;
T_12 ;
    %wait E_000000000129cae0;
    %load/vec4 v000000000165bd70_0;
    %assign/vec4 v00000000016573d0_0, 0;
    %jmp T_12;
    .thread T_12;
    .scope S_00000000011f6740;
T_13 ;
    %wait E_000000000129c860;
    %load/vec4 v000000000165a150_0;
    %assign/vec4 v0000000001657510_0, 0;
    %jmp T_13;
    .thread T_13;
    .scope S_00000000011f6740;
T_14 ;
    %wait E_000000000129d4e0;
    %load/vec4 v000000000165c8b0_0;
    %assign/vec4 v000000000165a3d0_0, 0;
    %jmp T_14;
    .thread T_14;
    .scope S_000000000126a8c0;
T_15 ;
    %pushi/vec4 0, 0, 1;
    %assign/vec4 v000000000165b5f0_0, 0;
    %end;
    .thread T_15;
    .scope S_00000000012b6c70;
T_16 ;
    %pushi/vec4 0, 0, 4;
    %store/vec4 v000000000165aab0_0, 0, 4;
    %pushi/vec4 255, 0, 8;
    %store/vec4 v000000000165aa10_0, 0, 8;
    %pushi/vec4 0, 0, 1;
    %store/vec4 v000000000165bf50_0, 0, 1;
    %end;
    .thread T_16;
    .scope S_00000000012b6c70;
T_17 ;
    %delay 5, 0;
    %load/vec4 v000000000165bf50_0;
    %inv;
    %store/vec4 v000000000165bf50_0, 0, 1;
    %jmp T_17;
    .thread T_17;
    .scope S_00000000012b6c70;
T_18 ;
    %delay 5000, 0;
    %pushi/vec4 1, 0, 4;
    %store/vec4 v000000000165aab0_0, 0, 4;
    %delay 10000, 0;
    %pushi/vec4 0, 0, 4;
    %store/vec4 v000000000165aab0_0, 0, 4;
    %delay 5000, 0;
    %pushi/vec4 1, 0, 4;
    %store/vec4 v000000000165aab0_0, 0, 4;
    %delay 10000, 0;
    %pushi/vec4 0, 0, 4;
    %store/vec4 v000000000165aab0_0, 0, 4;
    %delay 5000, 0;
    %pushi/vec4 2, 0, 4;
    %store/vec4 v000000000165aab0_0, 0, 4;
    %delay 10000, 0;
    %pushi/vec4 0, 0, 4;
    %store/vec4 v000000000165aab0_0, 0, 4;
    %end;
    .thread T_18;
    .scope S_00000000012b6c70;
T_19 ;
    %vpi_call 2 34 "$dumpfile", ".\134build\134wave.vcd" {0 0 0};
    %vpi_call 2 35 "$dumpvars", 32'sb00000000000000000000000000000000, S_00000000012b6c70 {0 0 0};
    %delay 1000000, 0;
    %vpi_call 2 36 "$finish" {0 0 0};
    %end;
    .thread T_19;
# The file index is used to find the file name in the following table.
:file_names 9;
    "N/A";
    "<interactive>";
    ".\src\testbench_top.v";
    ".\src\top.v";
    ".\src\MyMC14495.v";
    ".\src\clkdiv.v";
    ".\src\display.v";
    ".\src\MUX41.v";
    ".\src\createnumber.v";
