#! /usr/local/iverilog/bin/vvp
:ivl_version "11.0 (devel)" "(s20150603-642-g3bdb50da)";
:ivl_delay_selection "TYPICAL";
:vpi_time_precision - 9;
:vpi_module "system";
:vpi_module "vhdl_sys";
:vpi_module "vhdl_textio";
:vpi_module "v2005_math";
:vpi_module "va_math";
S_0000000001371350 .scope module, "uut" "uut" 2 3;
 .timescale -9 -9;
v000000000171c1b0_0 .net "AN", 3 0, L_00000000017767c0;  1 drivers
v000000000171c4d0_0 .net "BTNX4", 0 0, L_000000000136bfb0;  1 drivers
v0000000001723300_0 .net "Ring", 0 0, L_000000000136b530;  1 drivers
v0000000001723f80_0 .net "SEGMENT", 7 0, L_0000000001720e20;  1 drivers
v0000000001722720_0 .var "SW", 7 0;
v0000000001722900_0 .var "btn", 1 0;
v0000000001723620_0 .var "clk", 0 0;
v00000000017242a0_0 .var "op", 1 0;
S_00000000012f51e0 .scope module, "uut0" "top" 2 22, 3 1 0, S_0000000001371350;
 .timescale 0 0;
    .port_info 0 /INPUT 2 "btn";
    .port_info 1 /INPUT 2 "op";
    .port_info 2 /INPUT 1 "clk";
    .port_info 3 /INPUT 8 "SW";
    .port_info 4 /OUTPUT 4 "AN";
    .port_info 5 /OUTPUT 8 "SEGMENT";
    .port_info 6 /OUTPUT 1 "BTNX4";
    .port_info 7 /OUTPUT 1 "Ring";
L_000000000136bfb0 .functor BUFZ 1, v000000000171cbb0_0, C4<0>, C4<0>, C4<0>;
L_000000000136c020 .functor BUFZ 1, v000000000171cbb0_0, C4<0>, C4<0>, C4<0>;
L_000000000136b530 .functor BUFZ 1, v000000000171cbb0_0, C4<0>, C4<0>, C4<0>;
v000000000171ba30_0 .net "AN", 3 0, L_00000000017767c0;  alias, 1 drivers
v000000000171c890_0 .net "BTNX4", 0 0, L_000000000136bfb0;  alias, 1 drivers
v000000000171cbb0_0 .var "GND", 0 0;
v000000000171cd90_0 .net "Hex", 3 0, L_0000000001726320;  1 drivers
v000000000171bad0_0 .net "I0", 3 0, v000000000171c930_0;  1 drivers
v000000000171cb10_0 .net "I1", 3 0, v000000000171c570_0;  1 drivers
v000000000171c250_0 .net "I2", 3 0, L_0000000001723940;  1 drivers
v000000000171c430_0 .net "I3", 3 0, L_0000000001724de0;  1 drivers
v000000000171ccf0_0 .net "LE", 0 0, L_0000000001776750;  1 drivers
v000000000171c390_0 .net "P", 0 0, L_0000000001776670;  1 drivers
v000000000171c6b0_0 .net "RST", 0 0, L_000000000136c020;  1 drivers
v000000000171c110_0 .net "Ring", 0 0, L_000000000136b530;  alias, 1 drivers
v000000000171c750_0 .net "SEGMENT", 7 0, L_0000000001720e20;  alias, 1 drivers
v000000000171bd50_0 .net "SW", 7 0, v0000000001722720_0;  1 drivers
v000000000171ce30_0 .net "btn", 1 0, v0000000001722900_0;  1 drivers
v000000000171bc10_0 .net "clk", 0 0, v0000000001723620_0;  1 drivers
v000000000171bcb0_0 .net "clkd", 31 0, v000000000170f460_0;  1 drivers
v000000000171be90_0 .net "op", 1 0, v00000000017242a0_0;  1 drivers
L_00000000017243e0 .part v000000000170f460_0, 3, 1;
L_00000000017216e0 .part v0000000001722720_0, 0, 4;
L_0000000001721000 .part v0000000001722720_0, 4, 4;
L_0000000001720240 .part v000000000170f460_0, 7, 2;
L_0000000001720d80 .part L_0000000001726320, 0, 1;
L_000000000171f8e0 .part L_0000000001726320, 1, 1;
L_0000000001721780 .part L_0000000001726320, 2, 1;
L_000000000171f980 .part L_0000000001726320, 3, 1;
LS_0000000001720e20_0_0 .concat8 [ 1 1 1 1], L_000000000177a300, L_0000000001778d90, L_000000000177a680, L_0000000001779420;
LS_0000000001720e20_0_4 .concat8 [ 1 1 1 1], L_00000000017792d0, L_0000000001779b90, L_00000000017801c0, L_0000000001780540;
L_0000000001720e20 .concat8 [ 4 4 0 0], LS_0000000001720e20_0_0, LS_0000000001720e20_0_4;
S_00000000012f5370 .scope module, "MyMc" "MyMC14495" 3 27, 4 1 0, S_00000000012f51e0;
 .timescale 0 0;
    .port_info 0 /INPUT 1 "D0";
    .port_info 1 /INPUT 1 "D1";
    .port_info 2 /INPUT 1 "D2";
    .port_info 3 /INPUT 1 "D3";
    .port_info 4 /INPUT 1 "LE";
    .port_info 5 /INPUT 1 "point";
    .port_info 6 /OUTPUT 1 "a";
    .port_info 7 /OUTPUT 1 "b";
    .port_info 8 /OUTPUT 1 "c";
    .port_info 9 /OUTPUT 1 "d";
    .port_info 10 /OUTPUT 1 "e";
    .port_info 11 /OUTPUT 1 "f";
    .port_info 12 /OUTPUT 1 "g";
    .port_info 13 /OUTPUT 1 "p";
L_0000000001776e50 .functor NOT 1, L_0000000001720d80, C4<0>, C4<0>, C4<0>;
L_0000000001776830 .functor NOT 1, L_000000000171f8e0, C4<0>, C4<0>, C4<0>;
L_0000000001776910 .functor NOT 1, L_0000000001721780, C4<0>, C4<0>, C4<0>;
L_0000000001776c90 .functor NOT 1, L_000000000171f980, C4<0>, C4<0>, C4<0>;
L_0000000001776f30 .functor AND 1, L_0000000001776c90, L_0000000001776910, C4<1>, C4<1>;
L_0000000001776fa0 .functor AND 1, L_0000000001776f30, L_0000000001776830, C4<1>, C4<1>;
L_0000000001777320 .functor AND 1, L_0000000001776fa0, L_0000000001720d80, C4<1>, C4<1>;
L_0000000001777400 .functor AND 1, L_0000000001776c90, L_0000000001721780, C4<1>, C4<1>;
L_0000000001778190 .functor AND 1, L_0000000001777400, L_0000000001776830, C4<1>, C4<1>;
L_0000000001778350 .functor AND 1, L_0000000001778190, L_0000000001776e50, C4<1>, C4<1>;
L_0000000001778200 .functor OR 1, L_0000000001777320, L_0000000001778350, C4<0>, C4<0>;
L_00000000017783c0 .functor AND 1, L_000000000171f980, L_0000000001776910, C4<1>, C4<1>;
L_0000000001778270 .functor AND 1, L_00000000017783c0, L_000000000171f8e0, C4<1>, C4<1>;
L_0000000001778430 .functor AND 1, L_0000000001778270, L_0000000001720d80, C4<1>, C4<1>;
L_00000000017782e0 .functor OR 1, L_0000000001778200, L_0000000001778430, C4<0>, C4<0>;
L_00000000017784a0 .functor AND 1, L_000000000171f980, L_0000000001721780, C4<1>, C4<1>;
L_0000000001779ea0 .functor AND 1, L_00000000017784a0, L_0000000001776830, C4<1>, C4<1>;
L_000000000177a4c0 .functor AND 1, L_0000000001779ea0, L_0000000001720d80, C4<1>, C4<1>;
L_000000000177a5a0 .functor OR 1, L_00000000017782e0, L_000000000177a4c0, C4<0>, C4<0>;
L_000000000177a300 .functor OR 1, L_0000000001776750, L_000000000177a5a0, C4<0>, C4<0>;
L_0000000001778bd0 .functor AND 1, L_0000000001776c90, L_0000000001721780, C4<1>, C4<1>;
L_0000000001778e70 .functor AND 1, L_0000000001778bd0, L_0000000001776830, C4<1>, C4<1>;
L_0000000001779650 .functor AND 1, L_0000000001778e70, L_0000000001720d80, C4<1>, C4<1>;
L_0000000001778d20 .functor AND 1, L_0000000001721780, L_000000000171f8e0, C4<1>, C4<1>;
L_00000000017793b0 .functor AND 1, L_0000000001778d20, L_0000000001776e50, C4<1>, C4<1>;
L_0000000001779180 .functor OR 1, L_0000000001779650, L_00000000017793b0, C4<0>, C4<0>;
L_00000000017791f0 .functor AND 1, L_000000000171f980, L_0000000001721780, C4<1>, C4<1>;
L_0000000001779e30 .functor AND 1, L_00000000017791f0, L_0000000001776e50, C4<1>, C4<1>;
L_0000000001779d50 .functor OR 1, L_0000000001779180, L_0000000001779e30, C4<0>, C4<0>;
L_0000000001779260 .functor AND 1, L_000000000171f980, L_000000000171f8e0, C4<1>, C4<1>;
L_000000000177a370 .functor AND 1, L_0000000001779260, L_0000000001720d80, C4<1>, C4<1>;
L_0000000001779dc0 .functor OR 1, L_0000000001779d50, L_000000000177a370, C4<0>, C4<0>;
L_0000000001778d90 .functor OR 1, L_0000000001776750, L_0000000001779dc0, C4<0>, C4<0>;
L_00000000017799d0 .functor AND 1, L_0000000001776c90, L_0000000001776910, C4<1>, C4<1>;
L_0000000001779ce0 .functor AND 1, L_00000000017799d0, L_000000000171f8e0, C4<1>, C4<1>;
L_000000000177a610 .functor AND 1, L_0000000001779ce0, L_0000000001776e50, C4<1>, C4<1>;
L_0000000001779f80 .functor AND 1, L_000000000171f980, L_0000000001721780, C4<1>, C4<1>;
L_00000000017796c0 .functor AND 1, L_0000000001779f80, L_0000000001776e50, C4<1>, C4<1>;
L_0000000001779f10 .functor OR 1, L_000000000177a610, L_00000000017796c0, C4<0>, C4<0>;
L_0000000001779730 .functor AND 1, L_000000000171f980, L_0000000001721780, C4<1>, C4<1>;
L_0000000001778c40 .functor AND 1, L_0000000001779730, L_000000000171f8e0, C4<1>, C4<1>;
L_0000000001779030 .functor OR 1, L_0000000001779f10, L_0000000001778c40, C4<0>, C4<0>;
L_000000000177a680 .functor OR 1, L_0000000001776750, L_0000000001779030, C4<0>, C4<0>;
L_0000000001778ee0 .functor AND 1, L_0000000001776c90, L_0000000001776910, C4<1>, C4<1>;
L_00000000017797a0 .functor AND 1, L_0000000001778ee0, L_0000000001776830, C4<1>, C4<1>;
L_000000000177a6f0 .functor AND 1, L_00000000017797a0, L_0000000001720d80, C4<1>, C4<1>;
L_00000000017798f0 .functor AND 1, L_0000000001776c90, L_0000000001721780, C4<1>, C4<1>;
L_0000000001779490 .functor AND 1, L_00000000017798f0, L_0000000001776830, C4<1>, C4<1>;
L_0000000001779ff0 .functor AND 1, L_0000000001779490, L_0000000001776e50, C4<1>, C4<1>;
L_0000000001779c70 .functor OR 1, L_000000000177a6f0, L_0000000001779ff0, C4<0>, C4<0>;
L_0000000001779110 .functor AND 1, L_0000000001721780, L_000000000171f8e0, C4<1>, C4<1>;
L_0000000001778e00 .functor AND 1, L_0000000001779110, L_0000000001720d80, C4<1>, C4<1>;
L_000000000177a060 .functor OR 1, L_0000000001779c70, L_0000000001778e00, C4<0>, C4<0>;
L_0000000001778f50 .functor AND 1, L_000000000171f980, L_0000000001776910, C4<1>, C4<1>;
L_0000000001779810 .functor AND 1, L_0000000001778f50, L_000000000171f8e0, C4<1>, C4<1>;
L_000000000177a0d0 .functor AND 1, L_0000000001779810, L_0000000001776e50, C4<1>, C4<1>;
L_000000000177a530 .functor OR 1, L_000000000177a060, L_000000000177a0d0, C4<0>, C4<0>;
L_0000000001779420 .functor OR 1, L_0000000001776750, L_000000000177a530, C4<0>, C4<0>;
L_0000000001779500 .functor AND 1, L_0000000001776c90, L_0000000001720d80, C4<1>, C4<1>;
L_000000000177a3e0 .functor AND 1, L_0000000001776c90, L_0000000001721780, C4<1>, C4<1>;
L_00000000017790a0 .functor AND 1, L_000000000177a3e0, L_0000000001776830, C4<1>, C4<1>;
L_0000000001779960 .functor OR 1, L_0000000001779500, L_00000000017790a0, C4<0>, C4<0>;
L_0000000001779ab0 .functor AND 1, L_0000000001776910, L_0000000001776830, C4<1>, C4<1>;
L_00000000017795e0 .functor AND 1, L_0000000001779ab0, L_0000000001720d80, C4<1>, C4<1>;
L_000000000177a140 .functor OR 1, L_0000000001779960, L_00000000017795e0, C4<0>, C4<0>;
L_00000000017792d0 .functor OR 1, L_0000000001776750, L_000000000177a140, C4<0>, C4<0>;
L_0000000001779340 .functor AND 1, L_0000000001776c90, L_0000000001776910, C4<1>, C4<1>;
L_0000000001778fc0 .functor AND 1, L_0000000001779340, L_0000000001720d80, C4<1>, C4<1>;
L_000000000177a450 .functor AND 1, L_0000000001776c90, L_0000000001776910, C4<1>, C4<1>;
L_000000000177a1b0 .functor AND 1, L_000000000177a450, L_000000000171f8e0, C4<1>, C4<1>;
L_000000000177a760 .functor OR 1, L_0000000001778fc0, L_000000000177a1b0, C4<0>, C4<0>;
L_0000000001779a40 .functor AND 1, L_0000000001776c90, L_000000000171f8e0, C4<1>, C4<1>;
L_0000000001779570 .functor AND 1, L_0000000001779a40, L_0000000001720d80, C4<1>, C4<1>;
L_000000000177a220 .functor OR 1, L_000000000177a760, L_0000000001779570, C4<0>, C4<0>;
L_0000000001779b20 .functor AND 1, L_000000000171f980, L_0000000001721780, C4<1>, C4<1>;
L_000000000177a290 .functor AND 1, L_0000000001779b20, L_0000000001776830, C4<1>, C4<1>;
L_0000000001779880 .functor AND 1, L_000000000177a290, L_0000000001720d80, C4<1>, C4<1>;
L_0000000001778cb0 .functor OR 1, L_000000000177a220, L_0000000001779880, C4<0>, C4<0>;
L_0000000001779b90 .functor OR 1, L_0000000001776750, L_0000000001778cb0, C4<0>, C4<0>;
L_0000000001779c00 .functor AND 1, L_0000000001776c90, L_0000000001776910, C4<1>, C4<1>;
L_000000000177a920 .functor AND 1, L_0000000001779c00, L_0000000001776830, C4<1>, C4<1>;
L_000000000177aa00 .functor AND 1, L_0000000001776c90, L_0000000001721780, C4<1>, C4<1>;
L_000000000177aa70 .functor AND 1, L_000000000177aa00, L_000000000171f8e0, C4<1>, C4<1>;
L_000000000177a990 .functor AND 1, L_000000000177aa70, L_0000000001720d80, C4<1>, C4<1>;
L_000000000177aae0 .functor OR 1, L_000000000177a920, L_000000000177a990, C4<0>, C4<0>;
L_000000000177a7d0 .functor AND 1, L_000000000171f980, L_0000000001721780, C4<1>, C4<1>;
L_000000000177a840 .functor AND 1, L_000000000177a7d0, L_0000000001776830, C4<1>, C4<1>;
L_000000000177a8b0 .functor AND 1, L_000000000177a840, L_0000000001776e50, C4<1>, C4<1>;
L_000000000177f120 .functor OR 1, L_000000000177aae0, L_000000000177a8b0, C4<0>, C4<0>;
L_00000000017801c0 .functor OR 1, L_0000000001776750, L_000000000177f120, C4<0>, C4<0>;
L_0000000001780540 .functor NOT 1, L_0000000001776670, C4<0>, C4<0>, C4<0>;
v000000000136f060_0 .net "D0", 0 0, L_0000000001720d80;  1 drivers
v000000000136f2e0_0 .net "D0n", 0 0, L_0000000001776e50;  1 drivers
v000000000136e160_0 .net "D1", 0 0, L_000000000171f8e0;  1 drivers
v000000000136f100_0 .net "D1n", 0 0, L_0000000001776830;  1 drivers
v000000000136f560_0 .net "D2", 0 0, L_0000000001721780;  1 drivers
v000000000136e660_0 .net "D2n", 0 0, L_0000000001776910;  1 drivers
v000000000136ef20_0 .net "D3", 0 0, L_000000000171f980;  1 drivers
v000000000136ff60_0 .net "D3n", 0 0, L_0000000001776c90;  1 drivers
v000000000136e480_0 .net "LE", 0 0, L_0000000001776750;  alias, 1 drivers
v0000000001370000_0 .net *"_s10", 0 0, L_0000000001776fa0;  1 drivers
v000000000136f880_0 .net *"_s100", 0 0, L_0000000001779110;  1 drivers
v000000000136f920_0 .net *"_s102", 0 0, L_0000000001778e00;  1 drivers
v000000000136f9c0_0 .net *"_s104", 0 0, L_000000000177a060;  1 drivers
v000000000136e3e0_0 .net *"_s106", 0 0, L_0000000001778f50;  1 drivers
v000000000136f380_0 .net *"_s108", 0 0, L_0000000001779810;  1 drivers
v000000000136fa60_0 .net *"_s110", 0 0, L_000000000177a0d0;  1 drivers
v000000000136e7a0_0 .net *"_s112", 0 0, L_000000000177a530;  1 drivers
v000000000136fb00_0 .net *"_s116", 0 0, L_0000000001779500;  1 drivers
v000000000136ee80_0 .net *"_s118", 0 0, L_000000000177a3e0;  1 drivers
v000000000136f1a0_0 .net *"_s12", 0 0, L_0000000001777320;  1 drivers
v000000000136fba0_0 .net *"_s120", 0 0, L_00000000017790a0;  1 drivers
v000000000136fce0_0 .net *"_s122", 0 0, L_0000000001779960;  1 drivers
v000000000136eca0_0 .net *"_s124", 0 0, L_0000000001779ab0;  1 drivers
v000000000136fd80_0 .net *"_s126", 0 0, L_00000000017795e0;  1 drivers
v000000000136e5c0_0 .net *"_s128", 0 0, L_000000000177a140;  1 drivers
v000000000136eac0_0 .net *"_s132", 0 0, L_0000000001779340;  1 drivers
v000000000136fe20_0 .net *"_s134", 0 0, L_0000000001778fc0;  1 drivers
v000000000136e520_0 .net *"_s136", 0 0, L_000000000177a450;  1 drivers
v000000000136e980_0 .net *"_s138", 0 0, L_000000000177a1b0;  1 drivers
v000000000136e8e0_0 .net *"_s14", 0 0, L_0000000001777400;  1 drivers
v000000000136e840_0 .net *"_s140", 0 0, L_000000000177a760;  1 drivers
v000000000136ea20_0 .net *"_s142", 0 0, L_0000000001779a40;  1 drivers
v000000000136f420_0 .net *"_s144", 0 0, L_0000000001779570;  1 drivers
v000000000136eb60_0 .net *"_s146", 0 0, L_000000000177a220;  1 drivers
v000000000136ec00_0 .net *"_s148", 0 0, L_0000000001779b20;  1 drivers
v000000000136ede0_0 .net *"_s150", 0 0, L_000000000177a290;  1 drivers
v000000000136efc0_0 .net *"_s152", 0 0, L_0000000001779880;  1 drivers
v000000000136f240_0 .net *"_s154", 0 0, L_0000000001778cb0;  1 drivers
v0000000001323ee0_0 .net *"_s158", 0 0, L_0000000001779c00;  1 drivers
v000000000170da20_0 .net *"_s16", 0 0, L_0000000001778190;  1 drivers
v000000000170ec40_0 .net *"_s160", 0 0, L_000000000177a920;  1 drivers
v000000000170eba0_0 .net *"_s162", 0 0, L_000000000177aa00;  1 drivers
v000000000170f500_0 .net *"_s164", 0 0, L_000000000177aa70;  1 drivers
v000000000170ee20_0 .net *"_s166", 0 0, L_000000000177a990;  1 drivers
v000000000170eec0_0 .net *"_s168", 0 0, L_000000000177aae0;  1 drivers
v000000000170ef60_0 .net *"_s170", 0 0, L_000000000177a7d0;  1 drivers
v000000000170ea60_0 .net *"_s172", 0 0, L_000000000177a840;  1 drivers
v000000000170f8c0_0 .net *"_s174", 0 0, L_000000000177a8b0;  1 drivers
v000000000170f780_0 .net *"_s176", 0 0, L_000000000177f120;  1 drivers
v000000000170e880_0 .net *"_s18", 0 0, L_0000000001778350;  1 drivers
v000000000170f640_0 .net *"_s20", 0 0, L_0000000001778200;  1 drivers
v000000000170d160_0 .net *"_s22", 0 0, L_00000000017783c0;  1 drivers
v000000000170ece0_0 .net *"_s24", 0 0, L_0000000001778270;  1 drivers
v000000000170f820_0 .net *"_s26", 0 0, L_0000000001778430;  1 drivers
v000000000170e060_0 .net *"_s28", 0 0, L_00000000017782e0;  1 drivers
v000000000170e740_0 .net *"_s30", 0 0, L_00000000017784a0;  1 drivers
v000000000170d200_0 .net *"_s32", 0 0, L_0000000001779ea0;  1 drivers
v000000000170ed80_0 .net *"_s34", 0 0, L_000000000177a4c0;  1 drivers
v000000000170d2a0_0 .net *"_s36", 0 0, L_000000000177a5a0;  1 drivers
v000000000170d3e0_0 .net *"_s40", 0 0, L_0000000001778bd0;  1 drivers
v000000000170f280_0 .net *"_s42", 0 0, L_0000000001778e70;  1 drivers
v000000000170e100_0 .net *"_s44", 0 0, L_0000000001779650;  1 drivers
v000000000170e4c0_0 .net *"_s46", 0 0, L_0000000001778d20;  1 drivers
v000000000170e2e0_0 .net *"_s48", 0 0, L_00000000017793b0;  1 drivers
v000000000170e7e0_0 .net *"_s50", 0 0, L_0000000001779180;  1 drivers
v000000000170dfc0_0 .net *"_s52", 0 0, L_00000000017791f0;  1 drivers
v000000000170f000_0 .net *"_s54", 0 0, L_0000000001779e30;  1 drivers
v000000000170dd40_0 .net *"_s56", 0 0, L_0000000001779d50;  1 drivers
v000000000170dde0_0 .net *"_s58", 0 0, L_0000000001779260;  1 drivers
v000000000170d7a0_0 .net *"_s60", 0 0, L_000000000177a370;  1 drivers
v000000000170d8e0_0 .net *"_s62", 0 0, L_0000000001779dc0;  1 drivers
v000000000170de80_0 .net *"_s66", 0 0, L_00000000017799d0;  1 drivers
v000000000170e560_0 .net *"_s68", 0 0, L_0000000001779ce0;  1 drivers
v000000000170e240_0 .net *"_s70", 0 0, L_000000000177a610;  1 drivers
v000000000170d340_0 .net *"_s72", 0 0, L_0000000001779f80;  1 drivers
v000000000170e380_0 .net *"_s74", 0 0, L_00000000017796c0;  1 drivers
v000000000170eb00_0 .net *"_s76", 0 0, L_0000000001779f10;  1 drivers
v000000000170f0a0_0 .net *"_s78", 0 0, L_0000000001779730;  1 drivers
v000000000170e920_0 .net *"_s8", 0 0, L_0000000001776f30;  1 drivers
v000000000170d480_0 .net *"_s80", 0 0, L_0000000001778c40;  1 drivers
v000000000170e1a0_0 .net *"_s82", 0 0, L_0000000001779030;  1 drivers
v000000000170e420_0 .net *"_s86", 0 0, L_0000000001778ee0;  1 drivers
v000000000170f6e0_0 .net *"_s88", 0 0, L_00000000017797a0;  1 drivers
v000000000170f3c0_0 .net *"_s90", 0 0, L_000000000177a6f0;  1 drivers
v000000000170e9c0_0 .net *"_s92", 0 0, L_00000000017798f0;  1 drivers
v000000000170f140_0 .net *"_s94", 0 0, L_0000000001779490;  1 drivers
v000000000170f1e0_0 .net *"_s96", 0 0, L_0000000001779ff0;  1 drivers
v000000000170f5a0_0 .net *"_s98", 0 0, L_0000000001779c70;  1 drivers
v000000000170d520_0 .net "a", 0 0, L_000000000177a300;  1 drivers
v000000000170d5c0_0 .net "b", 0 0, L_0000000001778d90;  1 drivers
v000000000170e600_0 .net "c", 0 0, L_000000000177a680;  1 drivers
v000000000170dc00_0 .net "d", 0 0, L_0000000001779420;  1 drivers
v000000000170d660_0 .net "e", 0 0, L_00000000017792d0;  1 drivers
v000000000170dca0_0 .net "f", 0 0, L_0000000001779b90;  1 drivers
v000000000170f320_0 .net "g", 0 0, L_00000000017801c0;  1 drivers
v000000000170d700_0 .net "p", 0 0, L_0000000001780540;  1 drivers
v000000000170d840_0 .net "point", 0 0, L_0000000001776670;  alias, 1 drivers
S_00000000012e1b60 .scope module, "cd" "clkdiv" 3 23, 5 1 0, S_00000000012f51e0;
 .timescale 0 0;
    .port_info 0 /INPUT 1 "clk";
    .port_info 1 /INPUT 1 "rst";
    .port_info 2 /OUTPUT 32 "clkdiv";
v000000000170d980_0 .net "clk", 0 0, v0000000001723620_0;  alias, 1 drivers
v000000000170f460_0 .var "clkdiv", 31 0;
v000000000170dac0_0 .net "rst", 0 0, L_000000000136c020;  alias, 1 drivers
E_0000000001352290 .event posedge, v000000000170dac0_0, v000000000170d980_0;
S_00000000012e1cf0 .scope module, "ds" "display_sync" 3 26, 6 1 0, S_00000000012f51e0;
 .timescale 0 0;
    .port_info 0 /INPUT 4 "I0";
    .port_info 1 /INPUT 4 "I1";
    .port_info 2 /INPUT 4 "I2";
    .port_info 3 /INPUT 4 "I3";
    .port_info 4 /INPUT 4 "points";
    .port_info 5 /INPUT 4 "LES";
    .port_info 6 /INPUT 2 "scan";
    .port_info 7 /OUTPUT 4 "Hex";
    .port_info 8 /OUTPUT 4 "AN";
    .port_info 9 /OUTPUT 1 "p";
    .port_info 10 /OUTPUT 1 "LE";
L_0000000001777a90 .functor AND 1, L_0000000001724ca0, L_0000000001726dc0, C4<1>, C4<1>;
L_0000000001777b70 .functor AND 1, L_0000000001726e60, L_0000000001726be0, C4<1>, C4<1>;
L_0000000001777cc0 .functor OR 1, L_0000000001777a90, L_0000000001777b70, C4<0>, C4<0>;
L_00000000017766e0 .functor AND 1, L_0000000001726d20, L_0000000001726c80, C4<1>, C4<1>;
L_0000000001776590 .functor OR 1, L_0000000001777cc0, L_00000000017766e0, C4<0>, C4<0>;
L_0000000001777d30 .functor AND 1, L_0000000001726f00, L_0000000001727180, C4<1>, C4<1>;
L_0000000001776670 .functor OR 1, L_0000000001776590, L_0000000001777d30, C4<0>, C4<0>;
L_0000000001777da0 .functor AND 1, L_0000000001726fa0, L_0000000001727040, C4<1>, C4<1>;
L_0000000001777470 .functor AND 1, L_00000000017270e0, L_0000000001726b40, C4<1>, C4<1>;
L_0000000001777e10 .functor OR 1, L_0000000001777da0, L_0000000001777470, C4<0>, C4<0>;
L_00000000017768a0 .functor AND 1, L_0000000001727220, L_0000000001721640, C4<1>, C4<1>;
L_0000000001776600 .functor OR 1, L_0000000001777e10, L_00000000017768a0, C4<0>, C4<0>;
L_00000000017774e0 .functor AND 1, L_0000000001720ce0, L_0000000001721460, C4<1>, C4<1>;
L_0000000001776750 .functor OR 1, L_0000000001776600, L_00000000017774e0, C4<0>, C4<0>;
L_00000000017767c0 .functor NOT 4, L_0000000001724ac0, C4<0000>, C4<0000>, C4<0000>;
v00000000017124d0_0 .net "AN", 3 0, L_00000000017767c0;  alias, 1 drivers
v0000000001711df0_0 .net "Hex", 3 0, L_0000000001726320;  alias, 1 drivers
v0000000001712d90_0 .net "I0", 3 0, v000000000171c930_0;  alias, 1 drivers
v0000000001711e90_0 .net "I1", 3 0, v000000000171c570_0;  alias, 1 drivers
v0000000001711a30_0 .net "I2", 3 0, L_0000000001723940;  alias, 1 drivers
v0000000001712570_0 .net "I3", 3 0, L_0000000001724de0;  alias, 1 drivers
v0000000001712b10_0 .net "LE", 0 0, L_0000000001776750;  alias, 1 drivers
v0000000001711990_0 .net "LES", 3 0, L_0000000001721000;  1 drivers
v0000000001713830_0 .net "M", 3 0, L_0000000001724ac0;  1 drivers
v0000000001713650_0 .net *"_s1", 0 0, L_0000000001724ca0;  1 drivers
v0000000001711670_0 .net *"_s10", 0 0, L_0000000001777b70;  1 drivers
v0000000001713010_0 .net *"_s12", 0 0, L_0000000001777cc0;  1 drivers
v0000000001712110_0 .net *"_s15", 0 0, L_0000000001726d20;  1 drivers
v0000000001713330_0 .net *"_s17", 0 0, L_0000000001726c80;  1 drivers
v0000000001711350_0 .net *"_s18", 0 0, L_00000000017766e0;  1 drivers
v00000000017113f0_0 .net *"_s20", 0 0, L_0000000001776590;  1 drivers
v0000000001711170_0 .net *"_s23", 0 0, L_0000000001726f00;  1 drivers
v0000000001712890_0 .net *"_s25", 0 0, L_0000000001727180;  1 drivers
v00000000017136f0_0 .net *"_s26", 0 0, L_0000000001777d30;  1 drivers
v0000000001711210_0 .net *"_s3", 0 0, L_0000000001726dc0;  1 drivers
v0000000001712e30_0 .net *"_s31", 0 0, L_0000000001726fa0;  1 drivers
v00000000017138d0_0 .net *"_s33", 0 0, L_0000000001727040;  1 drivers
v00000000017121b0_0 .net *"_s34", 0 0, L_0000000001777da0;  1 drivers
v00000000017130b0_0 .net *"_s37", 0 0, L_00000000017270e0;  1 drivers
v0000000001713790_0 .net *"_s39", 0 0, L_0000000001726b40;  1 drivers
v0000000001713150_0 .net *"_s4", 0 0, L_0000000001777a90;  1 drivers
v00000000017112b0_0 .net *"_s40", 0 0, L_0000000001777470;  1 drivers
v0000000001711530_0 .net *"_s42", 0 0, L_0000000001777e10;  1 drivers
v0000000001713470_0 .net *"_s45", 0 0, L_0000000001727220;  1 drivers
v00000000017122f0_0 .net *"_s47", 0 0, L_0000000001721640;  1 drivers
v0000000001712610_0 .net *"_s48", 0 0, L_00000000017768a0;  1 drivers
v0000000001712390_0 .net *"_s50", 0 0, L_0000000001776600;  1 drivers
v00000000017131f0_0 .net *"_s53", 0 0, L_0000000001720ce0;  1 drivers
v0000000001711710_0 .net *"_s55", 0 0, L_0000000001721460;  1 drivers
v00000000017117b0_0 .net *"_s56", 0 0, L_00000000017774e0;  1 drivers
v0000000001711f30_0 .net *"_s7", 0 0, L_0000000001726e60;  1 drivers
v0000000001711ad0_0 .net *"_s9", 0 0, L_0000000001726be0;  1 drivers
v0000000001711b70_0 .net "p", 0 0, L_0000000001776670;  alias, 1 drivers
v0000000001718d80_0 .net "points", 3 0, L_00000000017216e0;  1 drivers
v0000000001718740_0 .net "scan", 1 0, L_0000000001720240;  1 drivers
L_0000000001724ca0 .part L_0000000001724ac0, 0, 1;
L_0000000001726dc0 .part L_00000000017216e0, 0, 1;
L_0000000001726e60 .part L_0000000001724ac0, 1, 1;
L_0000000001726be0 .part L_00000000017216e0, 1, 1;
L_0000000001726d20 .part L_0000000001724ac0, 2, 1;
L_0000000001726c80 .part L_00000000017216e0, 2, 1;
L_0000000001726f00 .part L_0000000001724ac0, 3, 1;
L_0000000001727180 .part L_00000000017216e0, 3, 1;
L_0000000001726fa0 .part L_0000000001724ac0, 0, 1;
L_0000000001727040 .part L_0000000001721000, 0, 1;
L_00000000017270e0 .part L_0000000001724ac0, 1, 1;
L_0000000001726b40 .part L_0000000001721000, 1, 1;
L_0000000001727220 .part L_0000000001724ac0, 2, 1;
L_0000000001721640 .part L_0000000001721000, 2, 1;
L_0000000001720ce0 .part L_0000000001724ac0, 3, 1;
L_0000000001721460 .part L_0000000001721000, 3, 1;
S_00000000012dd470 .scope module, "Muxb4" "Mux_4_1_b4" 6 7, 7 12 0, S_00000000012e1cf0;
 .timescale 0 0;
    .port_info 0 /INPUT 2 "s";
    .port_info 1 /INPUT 4 "I0";
    .port_info 2 /INPUT 4 "I1";
    .port_info 3 /INPUT 4 "I2";
    .port_info 4 /INPUT 4 "I3";
    .port_info 5 /OUTPUT 4 "o";
L_0000000001777e80 .functor AND 1, L_00000000017268c0, L_0000000001725d80, C4<1>, C4<1>;
L_0000000001777630 .functor AND 1, L_0000000001726140, L_0000000001724660, C4<1>, C4<1>;
L_0000000001778120 .functor OR 1, L_0000000001777e80, L_0000000001777630, C4<0>, C4<0>;
L_0000000001776ad0 .functor AND 1, L_0000000001724700, L_0000000001724e80, C4<1>, C4<1>;
L_00000000017770f0 .functor OR 1, L_0000000001778120, L_0000000001776ad0, C4<0>, C4<0>;
L_0000000001776d00 .functor AND 1, L_0000000001724f20, L_0000000001725c40, C4<1>, C4<1>;
L_00000000017779b0 .functor OR 1, L_00000000017770f0, L_0000000001776d00, C4<0>, C4<0>;
L_00000000017769f0 .functor AND 1, L_0000000001725f60, L_00000000017259c0, C4<1>, C4<1>;
L_0000000001776980 .functor AND 1, L_0000000001726500, L_0000000001724d40, C4<1>, C4<1>;
L_00000000017772b0 .functor OR 1, L_00000000017769f0, L_0000000001776980, C4<0>, C4<0>;
L_0000000001777010 .functor AND 1, L_00000000017251a0, L_00000000017261e0, C4<1>, C4<1>;
L_0000000001777390 .functor OR 1, L_00000000017772b0, L_0000000001777010, C4<0>, C4<0>;
L_0000000001777550 .functor AND 1, L_0000000001724a20, L_0000000001725060, C4<1>, C4<1>;
L_00000000017777f0 .functor OR 1, L_0000000001777390, L_0000000001777550, C4<0>, C4<0>;
L_0000000001777940 .functor AND 1, L_0000000001725100, L_0000000001726960, C4<1>, C4<1>;
L_00000000017776a0 .functor AND 1, L_0000000001725380, L_0000000001724480, C4<1>, C4<1>;
L_0000000001776b40 .functor OR 1, L_0000000001777940, L_00000000017776a0, C4<0>, C4<0>;
L_0000000001777780 .functor AND 1, L_0000000001724fc0, L_0000000001726280, C4<1>, C4<1>;
L_0000000001777160 .functor OR 1, L_0000000001776b40, L_0000000001777780, C4<0>, C4<0>;
L_0000000001777ef0 .functor AND 1, L_00000000017263c0, L_00000000017247a0, C4<1>, C4<1>;
L_0000000001776de0 .functor OR 1, L_0000000001777160, L_0000000001777ef0, C4<0>, C4<0>;
L_0000000001777be0 .functor AND 1, L_0000000001724980, L_0000000001725420, C4<1>, C4<1>;
L_0000000001777710 .functor AND 1, L_0000000001726460, L_0000000001725880, C4<1>, C4<1>;
L_0000000001776bb0 .functor OR 1, L_0000000001777be0, L_0000000001777710, C4<0>, C4<0>;
L_0000000001777080 .functor AND 1, L_00000000017266e0, L_00000000017257e0, C4<1>, C4<1>;
L_0000000001777860 .functor OR 1, L_0000000001776bb0, L_0000000001777080, C4<0>, C4<0>;
L_0000000001776c20 .functor AND 1, L_00000000017254c0, L_0000000001725560, C4<1>, C4<1>;
L_0000000001778040 .functor OR 1, L_0000000001777860, L_0000000001776c20, C4<0>, C4<0>;
v0000000001710e00_0 .net "I0", 3 0, v000000000171c930_0;  alias, 1 drivers
v00000000017102c0_0 .net "I1", 3 0, v000000000171c570_0;  alias, 1 drivers
v00000000017107c0_0 .net "I2", 3 0, L_0000000001723940;  alias, 1 drivers
v000000000170fdc0_0 .net "I3", 3 0, L_0000000001724de0;  alias, 1 drivers
v000000000170ffa0_0 .net "Muxer", 3 0, L_0000000001725ec0;  1 drivers
v0000000001710ea0_0 .net *"_s100", 0 0, L_0000000001724980;  1 drivers
v0000000001710040_0 .net *"_s102", 0 0, L_0000000001725420;  1 drivers
v00000000017100e0_0 .net *"_s103", 0 0, L_0000000001777be0;  1 drivers
v0000000001710860_0 .net *"_s106", 0 0, L_0000000001726460;  1 drivers
v0000000001710a40_0 .net *"_s108", 0 0, L_0000000001725880;  1 drivers
v0000000001710cc0_0 .net *"_s109", 0 0, L_0000000001777710;  1 drivers
v0000000001710ae0_0 .net *"_s11", 0 0, L_0000000001724660;  1 drivers
v0000000001710220_0 .net *"_s111", 0 0, L_0000000001776bb0;  1 drivers
v0000000001710b80_0 .net *"_s114", 0 0, L_00000000017266e0;  1 drivers
v0000000001710fe0_0 .net *"_s116", 0 0, L_00000000017257e0;  1 drivers
v0000000001710180_0 .net *"_s117", 0 0, L_0000000001777080;  1 drivers
v0000000001710400_0 .net *"_s119", 0 0, L_0000000001777860;  1 drivers
v00000000017104a0_0 .net *"_s12", 0 0, L_0000000001777630;  1 drivers
v0000000001710540_0 .net *"_s122", 0 0, L_00000000017254c0;  1 drivers
v0000000001710f40_0 .net *"_s124", 0 0, L_0000000001725560;  1 drivers
v0000000001710680_0 .net *"_s125", 0 0, L_0000000001776c20;  1 drivers
v0000000001710720_0 .net *"_s127", 0 0, L_0000000001778040;  1 drivers
v00000000017140f0_0 .net *"_s14", 0 0, L_0000000001778120;  1 drivers
v0000000001714f50_0 .net *"_s17", 0 0, L_0000000001724700;  1 drivers
v00000000017145f0_0 .net *"_s19", 0 0, L_0000000001724e80;  1 drivers
v0000000001714690_0 .net *"_s20", 0 0, L_0000000001776ad0;  1 drivers
v0000000001714e10_0 .net *"_s22", 0 0, L_00000000017770f0;  1 drivers
v0000000001714050_0 .net *"_s25", 0 0, L_0000000001724f20;  1 drivers
v0000000001713970_0 .net *"_s27", 0 0, L_0000000001725c40;  1 drivers
v0000000001714730_0 .net *"_s28", 0 0, L_0000000001776d00;  1 drivers
v0000000001713a10_0 .net *"_s3", 0 0, L_00000000017268c0;  1 drivers
v0000000001714eb0_0 .net *"_s30", 0 0, L_00000000017779b0;  1 drivers
v0000000001713e70_0 .net *"_s35", 0 0, L_0000000001725f60;  1 drivers
v0000000001713b50_0 .net *"_s37", 0 0, L_00000000017259c0;  1 drivers
v0000000001713d30_0 .net *"_s38", 0 0, L_00000000017769f0;  1 drivers
v0000000001713ab0_0 .net *"_s41", 0 0, L_0000000001726500;  1 drivers
v00000000017147d0_0 .net *"_s43", 0 0, L_0000000001724d40;  1 drivers
v0000000001714af0_0 .net *"_s44", 0 0, L_0000000001776980;  1 drivers
v0000000001713dd0_0 .net *"_s46", 0 0, L_00000000017772b0;  1 drivers
v0000000001713c90_0 .net *"_s49", 0 0, L_00000000017251a0;  1 drivers
v0000000001714b90_0 .net *"_s5", 0 0, L_0000000001725d80;  1 drivers
v0000000001714ff0_0 .net *"_s51", 0 0, L_00000000017261e0;  1 drivers
v0000000001714cd0_0 .net *"_s52", 0 0, L_0000000001777010;  1 drivers
v0000000001713bf0_0 .net *"_s54", 0 0, L_0000000001777390;  1 drivers
v0000000001714c30_0 .net *"_s57", 0 0, L_0000000001724a20;  1 drivers
v00000000017142d0_0 .net *"_s59", 0 0, L_0000000001725060;  1 drivers
v0000000001713f10_0 .net *"_s6", 0 0, L_0000000001777e80;  1 drivers
v0000000001713fb0_0 .net *"_s60", 0 0, L_0000000001777550;  1 drivers
v0000000001714870_0 .net *"_s62", 0 0, L_00000000017777f0;  1 drivers
v0000000001714910_0 .net *"_s67", 0 0, L_0000000001725100;  1 drivers
v00000000017149b0_0 .net *"_s69", 0 0, L_0000000001726960;  1 drivers
v0000000001714d70_0 .net *"_s70", 0 0, L_0000000001777940;  1 drivers
v0000000001714190_0 .net *"_s73", 0 0, L_0000000001725380;  1 drivers
v0000000001714230_0 .net *"_s75", 0 0, L_0000000001724480;  1 drivers
v0000000001714370_0 .net *"_s76", 0 0, L_00000000017776a0;  1 drivers
v0000000001714410_0 .net *"_s78", 0 0, L_0000000001776b40;  1 drivers
v00000000017144b0_0 .net *"_s81", 0 0, L_0000000001724fc0;  1 drivers
v0000000001714550_0 .net *"_s83", 0 0, L_0000000001726280;  1 drivers
v0000000001714a50_0 .net *"_s84", 0 0, L_0000000001777780;  1 drivers
v00000000017133d0_0 .net *"_s86", 0 0, L_0000000001777160;  1 drivers
v0000000001712930_0 .net *"_s89", 0 0, L_00000000017263c0;  1 drivers
v00000000017118f0_0 .net *"_s9", 0 0, L_0000000001726140;  1 drivers
v0000000001712cf0_0 .net *"_s91", 0 0, L_00000000017247a0;  1 drivers
v00000000017135b0_0 .net *"_s92", 0 0, L_0000000001777ef0;  1 drivers
v0000000001713510_0 .net *"_s94", 0 0, L_0000000001776de0;  1 drivers
v00000000017127f0_0 .net "o", 3 0, L_0000000001726320;  alias, 1 drivers
v0000000001711c10_0 .net "s", 1 0, L_0000000001720240;  alias, 1 drivers
L_00000000017268c0 .part L_0000000001725ec0, 0, 1;
L_0000000001725d80 .part v000000000171c930_0, 0, 1;
L_0000000001726140 .part L_0000000001725ec0, 1, 1;
L_0000000001724660 .part v000000000171c570_0, 0, 1;
L_0000000001724700 .part L_0000000001725ec0, 2, 1;
L_0000000001724e80 .part L_0000000001723940, 0, 1;
L_0000000001724f20 .part L_0000000001725ec0, 3, 1;
L_0000000001725c40 .part L_0000000001724de0, 0, 1;
L_0000000001725f60 .part L_0000000001725ec0, 0, 1;
L_00000000017259c0 .part v000000000171c930_0, 1, 1;
L_0000000001726500 .part L_0000000001725ec0, 1, 1;
L_0000000001724d40 .part v000000000171c570_0, 1, 1;
L_00000000017251a0 .part L_0000000001725ec0, 2, 1;
L_00000000017261e0 .part L_0000000001723940, 1, 1;
L_0000000001724a20 .part L_0000000001725ec0, 3, 1;
L_0000000001725060 .part L_0000000001724de0, 1, 1;
L_0000000001725100 .part L_0000000001725ec0, 0, 1;
L_0000000001726960 .part v000000000171c930_0, 2, 1;
L_0000000001725380 .part L_0000000001725ec0, 1, 1;
L_0000000001724480 .part v000000000171c570_0, 2, 1;
L_0000000001724fc0 .part L_0000000001725ec0, 2, 1;
L_0000000001726280 .part L_0000000001723940, 2, 1;
L_00000000017263c0 .part L_0000000001725ec0, 3, 1;
L_00000000017247a0 .part L_0000000001724de0, 2, 1;
L_0000000001726320 .concat8 [ 1 1 1 1], L_00000000017779b0, L_00000000017777f0, L_0000000001776de0, L_0000000001778040;
L_0000000001724980 .part L_0000000001725ec0, 0, 1;
L_0000000001725420 .part v000000000171c930_0, 3, 1;
L_0000000001726460 .part L_0000000001725ec0, 1, 1;
L_0000000001725880 .part v000000000171c570_0, 3, 1;
L_00000000017266e0 .part L_0000000001725ec0, 2, 1;
L_00000000017257e0 .part L_0000000001723940, 3, 1;
L_00000000017254c0 .part L_0000000001725ec0, 3, 1;
L_0000000001725560 .part L_0000000001724de0, 3, 1;
S_00000000012dd600 .scope module, "Decoder" "decoder_2_4" 7 18, 7 1 0, S_00000000012dd470;
 .timescale 0 0;
    .port_info 0 /INPUT 2 "s";
    .port_info 1 /OUTPUT 4 "outp";
L_000000000176fcf0 .functor NOT 1, L_0000000001725ce0, C4<0>, C4<0>, C4<0>;
L_000000000176f660 .functor NOT 1, L_00000000017265a0, C4<0>, C4<0>, C4<0>;
L_000000000176f7b0 .functor AND 1, L_000000000176fcf0, L_000000000176f660, C4<1>, C4<1>;
L_0000000001777c50 .functor NOT 1, L_0000000001726780, C4<0>, C4<0>, C4<0>;
L_00000000017775c0 .functor AND 1, L_0000000001725b00, L_0000000001777c50, C4<1>, C4<1>;
L_00000000017778d0 .functor NOT 1, L_0000000001726640, C4<0>, C4<0>, C4<0>;
L_0000000001777fd0 .functor AND 1, L_00000000017778d0, L_0000000001724840, C4<1>, C4<1>;
L_0000000001776ec0 .functor AND 1, L_00000000017252e0, L_0000000001725a60, C4<1>, C4<1>;
v000000000170db60_0 .net *"_s10", 0 0, L_000000000176f7b0;  1 drivers
v000000000170df20_0 .net *"_s15", 0 0, L_0000000001725b00;  1 drivers
v000000000170e6a0_0 .net *"_s17", 0 0, L_0000000001726780;  1 drivers
v0000000001710900_0 .net *"_s18", 0 0, L_0000000001777c50;  1 drivers
v000000000170ff00_0 .net *"_s20", 0 0, L_00000000017775c0;  1 drivers
v000000000170fa00_0 .net *"_s25", 0 0, L_0000000001726640;  1 drivers
v000000000170faa0_0 .net *"_s26", 0 0, L_00000000017778d0;  1 drivers
v000000000170f960_0 .net *"_s29", 0 0, L_0000000001724840;  1 drivers
v000000000170fe60_0 .net *"_s3", 0 0, L_0000000001725ce0;  1 drivers
v000000000170fb40_0 .net *"_s30", 0 0, L_0000000001777fd0;  1 drivers
v000000000170fbe0_0 .net *"_s36", 0 0, L_00000000017252e0;  1 drivers
v0000000001710c20_0 .net *"_s38", 0 0, L_0000000001725a60;  1 drivers
v000000000170fc80_0 .net *"_s39", 0 0, L_0000000001776ec0;  1 drivers
v00000000017105e0_0 .net *"_s4", 0 0, L_000000000176fcf0;  1 drivers
v00000000017109a0_0 .net *"_s7", 0 0, L_00000000017265a0;  1 drivers
v000000000170fd20_0 .net *"_s8", 0 0, L_000000000176f660;  1 drivers
v0000000001710d60_0 .net "outp", 3 0, L_0000000001725ec0;  alias, 1 drivers
v0000000001710360_0 .net "s", 1 0, L_0000000001720240;  alias, 1 drivers
L_0000000001725ce0 .part L_0000000001720240, 0, 1;
L_00000000017265a0 .part L_0000000001720240, 1, 1;
L_0000000001725b00 .part L_0000000001720240, 0, 1;
L_0000000001726780 .part L_0000000001720240, 1, 1;
L_0000000001726640 .part L_0000000001720240, 0, 1;
L_0000000001724840 .part L_0000000001720240, 1, 1;
L_0000000001725ec0 .concat8 [ 1 1 1 1], L_000000000176f7b0, L_00000000017775c0, L_0000000001777fd0, L_0000000001776ec0;
L_00000000017252e0 .part L_0000000001720240, 0, 1;
L_0000000001725a60 .part L_0000000001720240, 1, 1;
S_00000000012e2880 .scope module, "d24_1" "decoder_2_4" 6 10, 7 1 0, S_00000000012e1cf0;
 .timescale 0 0;
    .port_info 0 /INPUT 2 "s";
    .port_info 1 /OUTPUT 4 "outp";
L_0000000001777b00 .functor NOT 1, L_0000000001724520, C4<0>, C4<0>, C4<0>;
L_00000000017780b0 .functor NOT 1, L_0000000001724b60, C4<0>, C4<0>, C4<0>;
L_0000000001777a20 .functor AND 1, L_0000000001777b00, L_00000000017780b0, C4<1>, C4<1>;
L_0000000001776a60 .functor NOT 1, L_0000000001725ba0, C4<0>, C4<0>, C4<0>;
L_00000000017771d0 .functor AND 1, L_0000000001726a00, L_0000000001776a60, C4<1>, C4<1>;
L_0000000001777240 .functor NOT 1, L_00000000017248e0, C4<0>, C4<0>, C4<0>;
L_0000000001776d70 .functor AND 1, L_0000000001777240, L_00000000017256a0, C4<1>, C4<1>;
L_0000000001777f60 .functor AND 1, L_0000000001725920, L_0000000001724c00, C4<1>, C4<1>;
v0000000001711850_0 .net *"_s10", 0 0, L_0000000001777a20;  1 drivers
v00000000017129d0_0 .net *"_s15", 0 0, L_0000000001726a00;  1 drivers
v0000000001711490_0 .net *"_s17", 0 0, L_0000000001725ba0;  1 drivers
v0000000001712430_0 .net *"_s18", 0 0, L_0000000001776a60;  1 drivers
v0000000001712c50_0 .net *"_s20", 0 0, L_00000000017771d0;  1 drivers
v0000000001713290_0 .net *"_s25", 0 0, L_00000000017248e0;  1 drivers
v0000000001712a70_0 .net *"_s26", 0 0, L_0000000001777240;  1 drivers
v0000000001711d50_0 .net *"_s29", 0 0, L_00000000017256a0;  1 drivers
v0000000001711fd0_0 .net *"_s3", 0 0, L_0000000001724520;  1 drivers
v0000000001712250_0 .net *"_s30", 0 0, L_0000000001776d70;  1 drivers
v00000000017115d0_0 .net *"_s36", 0 0, L_0000000001725920;  1 drivers
v0000000001711cb0_0 .net *"_s38", 0 0, L_0000000001724c00;  1 drivers
v0000000001712ed0_0 .net *"_s39", 0 0, L_0000000001777f60;  1 drivers
v00000000017126b0_0 .net *"_s4", 0 0, L_0000000001777b00;  1 drivers
v0000000001712750_0 .net *"_s7", 0 0, L_0000000001724b60;  1 drivers
v0000000001712070_0 .net *"_s8", 0 0, L_00000000017780b0;  1 drivers
v0000000001712f70_0 .net "outp", 3 0, L_0000000001724ac0;  alias, 1 drivers
v0000000001712bb0_0 .net "s", 1 0, L_0000000001720240;  alias, 1 drivers
L_0000000001724520 .part L_0000000001720240, 0, 1;
L_0000000001724b60 .part L_0000000001720240, 1, 1;
L_0000000001726a00 .part L_0000000001720240, 0, 1;
L_0000000001725ba0 .part L_0000000001720240, 1, 1;
L_00000000017248e0 .part L_0000000001720240, 0, 1;
L_00000000017256a0 .part L_0000000001720240, 1, 1;
L_0000000001724ac0 .concat8 [ 1 1 1 1], L_0000000001777a20, L_00000000017771d0, L_0000000001776d70, L_0000000001777f60;
L_0000000001725920 .part L_0000000001720240, 0, 1;
L_0000000001724c00 .part L_0000000001720240, 1, 1;
S_00000000012c9bb0 .scope module, "numc" "create_number" 3 24, 8 18 0, S_00000000012f51e0;
 .timescale 0 0;
    .port_info 0 /INPUT 1 "clk";
    .port_info 1 /INPUT 2 "btn";
    .port_info 2 /INPUT 2 "op";
    .port_info 3 /OUTPUT 4 "n0";
    .port_info 4 /OUTPUT 4 "n1";
    .port_info 5 /OUTPUT 4 "n2";
    .port_info 6 /OUTPUT 4 "n3";
L_000000000176ff90 .functor NOT 1, L_0000000001724340, C4<0>, C4<0>, C4<0>;
L_000000000176fc80 .functor AND 1, L_000000000176ff90, L_000000000137e330, C4<1>, C4<1>;
L_00000000017272f8 .functor BUFT 1, C4<0>, C4<0>, C4<0>, C4<0>;
L_0000000001770000 .functor AND 1, L_00000000017260a0, L_00000000017272f8, C4<1>, C4<1>;
L_000000000176f890 .functor OR 1, L_000000000176fc80, L_0000000001770000, C4<0>, C4<0>;
L_000000000176f4a0 .functor BUFZ 1, v000000000171b030_0, C4<0>, C4<0>, C4<0>;
L_000000000176f580 .functor BUFZ 1, v000000000171b030_0, C4<0>, C4<0>, C4<0>;
L_000000000176f5f0 .functor BUFZ 1, v000000000171b030_0, C4<0>, C4<0>, C4<0>;
v000000000171b030_0 .var "GND", 0 0;
v000000000171b2b0_0 .net *"_s10", 0 0, L_000000000176fc80;  1 drivers
v000000000171b0d0_0 .net *"_s13", 0 0, L_00000000017260a0;  1 drivers
v000000000171a450_0 .net *"_s14", 0 0, L_0000000001770000;  1 drivers
v000000000171b210_0 .net *"_s16", 0 0, L_000000000176f890;  1 drivers
v000000000171b350_0 .net *"_s21", 0 0, L_000000000176f4a0;  1 drivers
v000000000171b850_0 .net *"_s25", 0 0, L_000000000176f580;  1 drivers
v000000000171b3f0_0 .net *"_s30", 0 0, L_000000000176f5f0;  1 drivers
L_0000000001727340 .functor BUFT 1, C4<0001>, C4<0>, C4<0>, C4<0>;
v000000000171b8f0_0 .net/2u *"_s31", 3 0, L_0000000001727340;  1 drivers
L_0000000001727388 .functor BUFT 1, C4<0001>, C4<0>, C4<0>, C4<0>;
v000000000171a4f0_0 .net/2u *"_s35", 3 0, L_0000000001727388;  1 drivers
v0000000001719190_0 .net *"_s50", 0 0, L_0000000001725740;  1 drivers
v000000000171ced0_0 .net *"_s54", 0 0, L_0000000001725e20;  1 drivers
v000000000171d010_0 .net *"_s7", 0 0, L_0000000001724340;  1 drivers
v000000000171cc50_0 .net *"_s8", 0 0, L_000000000176ff90;  1 drivers
v000000000171bb70_0 .net "btn", 1 0, v0000000001722900_0;  alias, 1 drivers
v000000000171bfd0_0 .net "clk", 0 0, L_00000000017243e0;  1 drivers
v000000000171c930_0 .var "n0", 3 0;
v000000000171c570_0 .var "n1", 3 0;
v000000000171c2f0_0 .net "n2", 3 0, L_0000000001723940;  alias, 1 drivers
v000000000171c610_0 .net "n2_01", 3 0, L_0000000001722860;  1 drivers
v000000000171ca70_0 .net "n2_23", 3 0, L_000000000137e480;  1 drivers
v000000000171c070_0 .net "n3", 3 0, L_0000000001724de0;  alias, 1 drivers
v000000000171c7f0_0 .net "n3_01", 0 0, L_000000000137e330;  1 drivers
v000000000171b990_0 .net "n3_23", 0 0, L_00000000017272f8;  1 drivers
v000000000171cf70_0 .net "op", 1 0, v00000000017242a0_0;  alias, 1 drivers
v000000000171bdf0_0 .net "t0", 3 0, L_00000000017245c0;  1 drivers
v000000000171c9d0_0 .net "t1", 3 0, L_0000000001725600;  1 drivers
v000000000171bf30_0 .net "tbtn", 1 0, L_0000000001725240;  1 drivers
E_0000000001351d50 .event posedge, L_0000000001725e20;
E_0000000001352a10 .event posedge, L_0000000001725740;
L_0000000001722040 .part v00000000017242a0_0, 0, 1;
L_0000000001723080 .part v00000000017242a0_0, 0, 1;
L_0000000001724340 .part v00000000017242a0_0, 1, 1;
L_00000000017260a0 .part v00000000017242a0_0, 1, 1;
L_0000000001724de0 .concat8 [ 1 1 1 1], L_000000000176f890, L_000000000176f4a0, L_000000000176f580, L_000000000176f5f0;
L_00000000017245c0 .arith/sum 4, v000000000171c930_0, L_0000000001727340;
L_0000000001725600 .arith/sum 4, v000000000171c570_0, L_0000000001727388;
L_0000000001726820 .part v0000000001722900_0, 0, 1;
L_0000000001726000 .part v0000000001722900_0, 1, 1;
L_0000000001725240 .concat8 [ 1 1 0 0], v0000000001719870_0, v000000000171ae50_0;
L_0000000001725740 .part L_0000000001725240, 0, 1;
L_0000000001725e20 .part L_0000000001725240, 1, 1;
S_00000000012c9d40 .scope module, "Mux41b4_c1" "Mux_4_1_b4" 8 39, 7 12 0, S_00000000012c9bb0;
 .timescale 0 0;
    .port_info 0 /INPUT 2 "s";
    .port_info 1 /INPUT 4 "I0";
    .port_info 2 /INPUT 4 "I1";
    .port_info 3 /INPUT 4 "I2";
    .port_info 4 /INPUT 4 "I3";
    .port_info 5 /OUTPUT 4 "o";
L_000000000137e250 .functor AND 1, L_0000000001722ae0, L_00000000017222c0, C4<1>, C4<1>;
L_000000000137e4f0 .functor AND 1, L_0000000001721d20, L_00000000017234e0, C4<1>, C4<1>;
L_000000000137e560 .functor OR 1, L_000000000137e250, L_000000000137e4f0, C4<0>, C4<0>;
L_000000000137e6b0 .functor AND 1, L_00000000017224a0, L_0000000001723b20, C4<1>, C4<1>;
L_000000000176f900 .functor OR 1, L_000000000137e560, L_000000000137e6b0, C4<0>, C4<0>;
L_00000000017700e0 .functor AND 1, L_0000000001721dc0, L_0000000001722b80, C4<1>, C4<1>;
L_000000000176f350 .functor OR 1, L_000000000176f900, L_00000000017700e0, C4<0>, C4<0>;
L_000000000176fd60 .functor AND 1, L_0000000001721e60, L_0000000001722d60, C4<1>, C4<1>;
L_000000000176f970 .functor AND 1, L_00000000017231c0, L_0000000001723ee0, C4<1>, C4<1>;
L_0000000001770150 .functor OR 1, L_000000000176fd60, L_000000000176f970, C4<0>, C4<0>;
L_000000000176fac0 .functor AND 1, L_0000000001722540, L_0000000001721f00, C4<1>, C4<1>;
L_000000000176fc10 .functor OR 1, L_0000000001770150, L_000000000176fac0, C4<0>, C4<0>;
L_000000000176f510 .functor AND 1, L_0000000001722c20, L_0000000001723800, C4<1>, C4<1>;
L_00000000017701c0 .functor OR 1, L_000000000176fc10, L_000000000176f510, C4<0>, C4<0>;
L_000000000176f9e0 .functor AND 1, L_0000000001721fa0, L_0000000001723e40, C4<1>, C4<1>;
L_000000000176f820 .functor AND 1, L_0000000001722220, L_0000000001722cc0, C4<1>, C4<1>;
L_000000000176f430 .functor OR 1, L_000000000176f9e0, L_000000000176f820, C4<0>, C4<0>;
L_000000000176feb0 .functor AND 1, L_0000000001722e00, L_0000000001722ea0, C4<1>, C4<1>;
L_000000000176fba0 .functor OR 1, L_000000000176f430, L_000000000176feb0, C4<0>, C4<0>;
L_000000000176fdd0 .functor AND 1, L_00000000017238a0, L_0000000001722f40, C4<1>, C4<1>;
L_000000000176fa50 .functor OR 1, L_000000000176fba0, L_000000000176fdd0, C4<0>, C4<0>;
L_000000000176f740 .functor AND 1, L_0000000001722fe0, L_00000000017239e0, C4<1>, C4<1>;
L_000000000176f6d0 .functor AND 1, L_0000000001723120, L_0000000001723bc0, C4<1>, C4<1>;
L_000000000176fe40 .functor OR 1, L_000000000176f740, L_000000000176f6d0, C4<0>, C4<0>;
L_000000000176ff20 .functor AND 1, L_0000000001723260, L_0000000001723c60, C4<1>, C4<1>;
L_0000000001770070 .functor OR 1, L_000000000176fe40, L_000000000176ff20, C4<0>, C4<0>;
L_000000000176f3c0 .functor AND 1, L_0000000001723da0, L_0000000001726aa0, C4<1>, C4<1>;
L_0000000001770230 .functor OR 1, L_0000000001770070, L_000000000176f3c0, C4<0>, C4<0>;
v0000000001718240_0 .net "I0", 3 0, L_0000000001722860;  alias, 1 drivers
v0000000001718ba0_0 .net "I1", 3 0, L_0000000001722860;  alias, 1 drivers
v0000000001718c40_0 .net "I2", 3 0, L_000000000137e480;  alias, 1 drivers
v0000000001717d40_0 .net "I3", 3 0, L_000000000137e480;  alias, 1 drivers
v0000000001718e20_0 .net "Muxer", 3 0, L_0000000001723d00;  1 drivers
v0000000001717ca0_0 .net *"_s100", 0 0, L_0000000001722fe0;  1 drivers
v0000000001717a20_0 .net *"_s102", 0 0, L_00000000017239e0;  1 drivers
v0000000001718100_0 .net *"_s103", 0 0, L_000000000176f740;  1 drivers
v0000000001718a60_0 .net *"_s106", 0 0, L_0000000001723120;  1 drivers
v0000000001718880_0 .net *"_s108", 0 0, L_0000000001723bc0;  1 drivers
v0000000001718ce0_0 .net *"_s109", 0 0, L_000000000176f6d0;  1 drivers
v0000000001718ec0_0 .net *"_s11", 0 0, L_00000000017234e0;  1 drivers
v00000000017181a0_0 .net *"_s111", 0 0, L_000000000176fe40;  1 drivers
v00000000017182e0_0 .net *"_s114", 0 0, L_0000000001723260;  1 drivers
v0000000001718380_0 .net *"_s116", 0 0, L_0000000001723c60;  1 drivers
v00000000017184c0_0 .net *"_s117", 0 0, L_000000000176ff20;  1 drivers
v0000000001718600_0 .net *"_s119", 0 0, L_0000000001770070;  1 drivers
v0000000001716940_0 .net *"_s12", 0 0, L_000000000137e4f0;  1 drivers
v0000000001715900_0 .net *"_s122", 0 0, L_0000000001723da0;  1 drivers
v0000000001716d00_0 .net *"_s124", 0 0, L_0000000001726aa0;  1 drivers
v00000000017175c0_0 .net *"_s125", 0 0, L_000000000176f3c0;  1 drivers
v0000000001717520_0 .net *"_s127", 0 0, L_0000000001770230;  1 drivers
v0000000001716800_0 .net *"_s14", 0 0, L_000000000137e560;  1 drivers
v0000000001715c20_0 .net *"_s17", 0 0, L_00000000017224a0;  1 drivers
v0000000001715f40_0 .net *"_s19", 0 0, L_0000000001723b20;  1 drivers
v0000000001716c60_0 .net *"_s20", 0 0, L_000000000137e6b0;  1 drivers
v0000000001716bc0_0 .net *"_s22", 0 0, L_000000000176f900;  1 drivers
v00000000017168a0_0 .net *"_s25", 0 0, L_0000000001721dc0;  1 drivers
v0000000001717160_0 .net *"_s27", 0 0, L_0000000001722b80;  1 drivers
v00000000017169e0_0 .net *"_s28", 0 0, L_00000000017700e0;  1 drivers
v0000000001717480_0 .net *"_s3", 0 0, L_0000000001722ae0;  1 drivers
v00000000017161c0_0 .net *"_s30", 0 0, L_000000000176f350;  1 drivers
v0000000001716620_0 .net *"_s35", 0 0, L_0000000001721e60;  1 drivers
v0000000001716da0_0 .net *"_s37", 0 0, L_0000000001722d60;  1 drivers
v00000000017172a0_0 .net *"_s38", 0 0, L_000000000176fd60;  1 drivers
v0000000001716a80_0 .net *"_s41", 0 0, L_00000000017231c0;  1 drivers
v0000000001715d60_0 .net *"_s43", 0 0, L_0000000001723ee0;  1 drivers
v0000000001715fe0_0 .net *"_s44", 0 0, L_000000000176f970;  1 drivers
v0000000001716e40_0 .net *"_s46", 0 0, L_0000000001770150;  1 drivers
v0000000001716b20_0 .net *"_s49", 0 0, L_0000000001722540;  1 drivers
v0000000001715ae0_0 .net *"_s5", 0 0, L_00000000017222c0;  1 drivers
v0000000001717200_0 .net *"_s51", 0 0, L_0000000001721f00;  1 drivers
v00000000017152c0_0 .net *"_s52", 0 0, L_000000000176fac0;  1 drivers
v00000000017159a0_0 .net *"_s54", 0 0, L_000000000176fc10;  1 drivers
v0000000001716ee0_0 .net *"_s57", 0 0, L_0000000001722c20;  1 drivers
v0000000001717700_0 .net *"_s59", 0 0, L_0000000001723800;  1 drivers
v0000000001715360_0 .net *"_s6", 0 0, L_000000000137e250;  1 drivers
v0000000001715220_0 .net *"_s60", 0 0, L_000000000176f510;  1 drivers
v0000000001716580_0 .net *"_s62", 0 0, L_00000000017701c0;  1 drivers
v0000000001716f80_0 .net *"_s67", 0 0, L_0000000001721fa0;  1 drivers
v0000000001715cc0_0 .net *"_s69", 0 0, L_0000000001723e40;  1 drivers
v0000000001715e00_0 .net *"_s70", 0 0, L_000000000176f9e0;  1 drivers
v0000000001715ea0_0 .net *"_s73", 0 0, L_0000000001722220;  1 drivers
v0000000001717020_0 .net *"_s75", 0 0, L_0000000001722cc0;  1 drivers
v00000000017166c0_0 .net *"_s76", 0 0, L_000000000176f820;  1 drivers
v0000000001716440_0 .net *"_s78", 0 0, L_000000000176f430;  1 drivers
v00000000017170c0_0 .net *"_s81", 0 0, L_0000000001722e00;  1 drivers
v0000000001716080_0 .net *"_s83", 0 0, L_0000000001722ea0;  1 drivers
v0000000001716120_0 .net *"_s84", 0 0, L_000000000176feb0;  1 drivers
v0000000001716260_0 .net *"_s86", 0 0, L_000000000176fba0;  1 drivers
v0000000001717340_0 .net *"_s89", 0 0, L_00000000017238a0;  1 drivers
v0000000001716760_0 .net *"_s9", 0 0, L_0000000001721d20;  1 drivers
v00000000017164e0_0 .net *"_s91", 0 0, L_0000000001722f40;  1 drivers
v00000000017173e0_0 .net *"_s92", 0 0, L_000000000176fdd0;  1 drivers
v0000000001715400_0 .net *"_s94", 0 0, L_000000000176fa50;  1 drivers
v0000000001717660_0 .net "o", 3 0, L_0000000001723940;  alias, 1 drivers
v00000000017177a0_0 .net "s", 1 0, v00000000017242a0_0;  alias, 1 drivers
L_0000000001722ae0 .part L_0000000001723d00, 0, 1;
L_00000000017222c0 .part L_0000000001722860, 0, 1;
L_0000000001721d20 .part L_0000000001723d00, 1, 1;
L_00000000017234e0 .part L_0000000001722860, 0, 1;
L_00000000017224a0 .part L_0000000001723d00, 2, 1;
L_0000000001723b20 .part L_000000000137e480, 0, 1;
L_0000000001721dc0 .part L_0000000001723d00, 3, 1;
L_0000000001722b80 .part L_000000000137e480, 0, 1;
L_0000000001721e60 .part L_0000000001723d00, 0, 1;
L_0000000001722d60 .part L_0000000001722860, 1, 1;
L_00000000017231c0 .part L_0000000001723d00, 1, 1;
L_0000000001723ee0 .part L_0000000001722860, 1, 1;
L_0000000001722540 .part L_0000000001723d00, 2, 1;
L_0000000001721f00 .part L_000000000137e480, 1, 1;
L_0000000001722c20 .part L_0000000001723d00, 3, 1;
L_0000000001723800 .part L_000000000137e480, 1, 1;
L_0000000001721fa0 .part L_0000000001723d00, 0, 1;
L_0000000001723e40 .part L_0000000001722860, 2, 1;
L_0000000001722220 .part L_0000000001723d00, 1, 1;
L_0000000001722cc0 .part L_0000000001722860, 2, 1;
L_0000000001722e00 .part L_0000000001723d00, 2, 1;
L_0000000001722ea0 .part L_000000000137e480, 2, 1;
L_00000000017238a0 .part L_0000000001723d00, 3, 1;
L_0000000001722f40 .part L_000000000137e480, 2, 1;
L_0000000001723940 .concat8 [ 1 1 1 1], L_000000000176f350, L_00000000017701c0, L_000000000176fa50, L_0000000001770230;
L_0000000001722fe0 .part L_0000000001723d00, 0, 1;
L_00000000017239e0 .part L_0000000001722860, 3, 1;
L_0000000001723120 .part L_0000000001723d00, 1, 1;
L_0000000001723bc0 .part L_0000000001722860, 3, 1;
L_0000000001723260 .part L_0000000001723d00, 2, 1;
L_0000000001723c60 .part L_000000000137e480, 3, 1;
L_0000000001723da0 .part L_0000000001723d00, 3, 1;
L_0000000001726aa0 .part L_000000000137e480, 3, 1;
S_000000000127e800 .scope module, "Decoder" "decoder_2_4" 7 18, 7 1 0, S_00000000012c9d40;
 .timescale 0 0;
    .port_info 0 /INPUT 2 "s";
    .port_info 1 /OUTPUT 4 "outp";
L_000000000137d990 .functor NOT 1, L_0000000001723440, C4<0>, C4<0>, C4<0>;
L_000000000137e2c0 .functor NOT 1, L_00000000017236c0, C4<0>, C4<0>, C4<0>;
L_000000000137e410 .functor AND 1, L_000000000137d990, L_000000000137e2c0, C4<1>, C4<1>;
L_000000000137df40 .functor NOT 1, L_00000000017229a0, C4<0>, C4<0>, C4<0>;
L_000000000137db50 .functor AND 1, L_0000000001724200, L_000000000137df40, C4<1>, C4<1>;
L_000000000137e5d0 .functor NOT 1, L_0000000001722400, C4<0>, C4<0>, C4<0>;
L_000000000137dbc0 .functor AND 1, L_000000000137e5d0, L_0000000001722180, C4<1>, C4<1>;
L_000000000137e1e0 .functor AND 1, L_0000000001724160, L_0000000001721c80, C4<1>, C4<1>;
v00000000017189c0_0 .net *"_s10", 0 0, L_000000000137e410;  1 drivers
v0000000001717b60_0 .net *"_s15", 0 0, L_0000000001724200;  1 drivers
v0000000001717ac0_0 .net *"_s17", 0 0, L_00000000017229a0;  1 drivers
v0000000001718f60_0 .net *"_s18", 0 0, L_000000000137df40;  1 drivers
v00000000017186a0_0 .net *"_s20", 0 0, L_000000000137db50;  1 drivers
v0000000001717c00_0 .net *"_s25", 0 0, L_0000000001722400;  1 drivers
v0000000001717fc0_0 .net *"_s26", 0 0, L_000000000137e5d0;  1 drivers
v0000000001717de0_0 .net *"_s29", 0 0, L_0000000001722180;  1 drivers
v0000000001718560_0 .net *"_s3", 0 0, L_0000000001723440;  1 drivers
v0000000001717980_0 .net *"_s30", 0 0, L_000000000137dbc0;  1 drivers
v0000000001718b00_0 .net *"_s36", 0 0, L_0000000001724160;  1 drivers
v00000000017187e0_0 .net *"_s38", 0 0, L_0000000001721c80;  1 drivers
v0000000001717e80_0 .net *"_s39", 0 0, L_000000000137e1e0;  1 drivers
v0000000001719000_0 .net *"_s4", 0 0, L_000000000137d990;  1 drivers
v0000000001717f20_0 .net *"_s7", 0 0, L_00000000017236c0;  1 drivers
v0000000001718920_0 .net *"_s8", 0 0, L_000000000137e2c0;  1 drivers
v0000000001718060_0 .net "outp", 3 0, L_0000000001723d00;  alias, 1 drivers
v0000000001718420_0 .net "s", 1 0, v00000000017242a0_0;  alias, 1 drivers
L_0000000001723440 .part v00000000017242a0_0, 0, 1;
L_00000000017236c0 .part v00000000017242a0_0, 1, 1;
L_0000000001724200 .part v00000000017242a0_0, 0, 1;
L_00000000017229a0 .part v00000000017242a0_0, 1, 1;
L_0000000001722400 .part v00000000017242a0_0, 0, 1;
L_0000000001722180 .part v00000000017242a0_0, 1, 1;
L_0000000001723d00 .concat8 [ 1 1 1 1], L_000000000137e410, L_000000000137db50, L_000000000137dbc0, L_000000000137e1e0;
L_0000000001724160 .part v00000000017242a0_0, 0, 1;
L_0000000001721c80 .part v00000000017242a0_0, 1, 1;
S_000000000127e990 .scope module, "adder_c" "Adder_4b" 8 37, 9 11 0, S_00000000012c9bb0;
 .timescale 0 0;
    .port_info 0 /INPUT 1 "op";
    .port_info 1 /INPUT 4 "A";
    .port_info 2 /INPUT 4 "B";
    .port_info 3 /OUTPUT 1 "Co";
    .port_info 4 /OUTPUT 4 "S";
L_000000000136b8b0 .functor XOR 4, L_0000000001723a80, v000000000171c570_0, C4<0000>, C4<0000>;
v000000000171a6d0_0 .net "A", 3 0, v000000000171c930_0;  alias, 1 drivers
v00000000017195f0_0 .net "B", 3 0, v000000000171c570_0;  alias, 1 drivers
v00000000017194b0_0 .net "C", 3 1, L_0000000001721b40;  1 drivers
v0000000001719f50_0 .net "Co", 0 0, L_000000000137e330;  alias, 1 drivers
v000000000171b490_0 .net "S", 3 0, L_0000000001722860;  alias, 1 drivers
v000000000171ad10_0 .net "op", 0 0, L_0000000001722040;  1 drivers
v000000000171b670_0 .net "tB", 3 0, L_000000000136b8b0;  1 drivers
v000000000171a950_0 .net "temp_op", 3 0, L_0000000001723a80;  1 drivers
L_0000000001723a80 .concat [ 1 1 1 1], L_0000000001722040, L_0000000001722040, L_0000000001722040, L_0000000001722040;
L_00000000017233a0 .part v000000000171c930_0, 0, 1;
L_0000000001722360 .part L_000000000136b8b0, 0, 1;
L_0000000001724020 .part L_0000000001721b40, 0, 1;
L_0000000001723760 .part v000000000171c930_0, 1, 1;
L_0000000001722a40 .part L_000000000136b8b0, 1, 1;
L_00000000017240c0 .part L_0000000001721b40, 1, 1;
L_00000000017225e0 .part v000000000171c930_0, 2, 1;
L_0000000001722680 .part L_000000000136b8b0, 2, 1;
L_0000000001721b40 .concat8 [ 1 1 1 0], L_000000000136b370, L_000000000137dca0, L_000000000137e100;
L_00000000017227c0 .part L_0000000001721b40, 2, 1;
L_0000000001721be0 .part v000000000171c930_0, 3, 1;
L_0000000001723580 .part L_000000000136b8b0, 3, 1;
L_0000000001722860 .concat8 [ 1 1 1 1], L_000000000136b4c0, L_000000000137dfb0, L_000000000137e020, L_000000000137e640;
S_00000000012ed0a0 .scope module, "A0" "Adder_1b" 9 23, 9 1 0, S_000000000127e990;
 .timescale 0 0;
    .port_info 0 /INPUT 1 "Ci";
    .port_info 1 /INPUT 1 "A";
    .port_info 2 /INPUT 1 "B";
    .port_info 3 /OUTPUT 1 "S";
    .port_info 4 /OUTPUT 1 "Co";
L_000000000136b220 .functor AND 1, L_00000000017233a0, L_0000000001722360, C4<1>, C4<1>;
L_000000000136b290 .functor AND 1, L_00000000017233a0, L_0000000001722040, C4<1>, C4<1>;
L_000000000136b300 .functor OR 1, L_000000000136b220, L_000000000136b290, C4<0>, C4<0>;
L_000000000136bb50 .functor AND 1, L_0000000001722040, L_0000000001722360, C4<1>, C4<1>;
L_000000000136b370 .functor OR 1, L_000000000136b300, L_000000000136bb50, C4<0>, C4<0>;
L_000000000136b3e0 .functor XOR 1, L_00000000017233a0, L_0000000001722360, C4<0>, C4<0>;
L_000000000136b4c0 .functor XOR 1, L_000000000136b3e0, L_0000000001722040, C4<0>, C4<0>;
v00000000017154a0_0 .net "A", 0 0, L_00000000017233a0;  1 drivers
v0000000001715180_0 .net "B", 0 0, L_0000000001722360;  1 drivers
v0000000001715720_0 .net "Ci", 0 0, L_0000000001722040;  alias, 1 drivers
v0000000001716300_0 .net "Co", 0 0, L_000000000136b370;  1 drivers
v0000000001715540_0 .net "S", 0 0, L_000000000136b4c0;  1 drivers
v00000000017163a0_0 .net *"_s0", 0 0, L_000000000136b220;  1 drivers
v0000000001715a40_0 .net *"_s10", 0 0, L_000000000136b3e0;  1 drivers
v0000000001717840_0 .net *"_s2", 0 0, L_000000000136b290;  1 drivers
v00000000017178e0_0 .net *"_s4", 0 0, L_000000000136b300;  1 drivers
v00000000017155e0_0 .net *"_s6", 0 0, L_000000000136bb50;  1 drivers
S_00000000012ed230 .scope module, "A1" "Adder_1b" 9 24, 9 1 0, S_000000000127e990;
 .timescale 0 0;
    .port_info 0 /INPUT 1 "Ci";
    .port_info 1 /INPUT 1 "A";
    .port_info 2 /INPUT 1 "B";
    .port_info 3 /OUTPUT 1 "S";
    .port_info 4 /OUTPUT 1 "Co";
L_000000000136b680 .functor AND 1, L_0000000001723760, L_0000000001722a40, C4<1>, C4<1>;
L_000000000136b5a0 .functor AND 1, L_0000000001723760, L_0000000001724020, C4<1>, C4<1>;
L_000000000136b610 .functor OR 1, L_000000000136b680, L_000000000136b5a0, C4<0>, C4<0>;
L_0000000001324a90 .functor AND 1, L_0000000001724020, L_0000000001722a40, C4<1>, C4<1>;
L_000000000137dca0 .functor OR 1, L_000000000136b610, L_0000000001324a90, C4<0>, C4<0>;
L_000000000137d840 .functor XOR 1, L_0000000001723760, L_0000000001722a40, C4<0>, C4<0>;
L_000000000137dfb0 .functor XOR 1, L_000000000137d840, L_0000000001724020, C4<0>, C4<0>;
v0000000001715680_0 .net "A", 0 0, L_0000000001723760;  1 drivers
v00000000017157c0_0 .net "B", 0 0, L_0000000001722a40;  1 drivers
v0000000001715860_0 .net "Ci", 0 0, L_0000000001724020;  1 drivers
v0000000001715b80_0 .net "Co", 0 0, L_000000000137dca0;  1 drivers
v0000000001719a50_0 .net "S", 0 0, L_000000000137dfb0;  1 drivers
v0000000001719ff0_0 .net *"_s0", 0 0, L_000000000136b680;  1 drivers
v000000000171aef0_0 .net *"_s10", 0 0, L_000000000137d840;  1 drivers
v0000000001719d70_0 .net *"_s2", 0 0, L_000000000136b5a0;  1 drivers
v0000000001719e10_0 .net *"_s4", 0 0, L_000000000136b610;  1 drivers
v0000000001719b90_0 .net *"_s6", 0 0, L_0000000001324a90;  1 drivers
S_0000000001292720 .scope module, "A2" "Adder_1b" 9 25, 9 1 0, S_000000000127e990;
 .timescale 0 0;
    .port_info 0 /INPUT 1 "Ci";
    .port_info 1 /INPUT 1 "A";
    .port_info 2 /INPUT 1 "B";
    .port_info 3 /OUTPUT 1 "S";
    .port_info 4 /OUTPUT 1 "Co";
L_000000000137dc30 .functor AND 1, L_00000000017225e0, L_0000000001722680, C4<1>, C4<1>;
L_000000000137de60 .functor AND 1, L_00000000017225e0, L_00000000017240c0, C4<1>, C4<1>;
L_000000000137dd10 .functor OR 1, L_000000000137dc30, L_000000000137de60, C4<0>, C4<0>;
L_000000000137da00 .functor AND 1, L_00000000017240c0, L_0000000001722680, C4<1>, C4<1>;
L_000000000137e100 .functor OR 1, L_000000000137dd10, L_000000000137da00, C4<0>, C4<0>;
L_000000000137e720 .functor XOR 1, L_00000000017225e0, L_0000000001722680, C4<0>, C4<0>;
L_000000000137e020 .functor XOR 1, L_000000000137e720, L_00000000017240c0, C4<0>, C4<0>;
v000000000171adb0_0 .net "A", 0 0, L_00000000017225e0;  1 drivers
v000000000171a090_0 .net "B", 0 0, L_0000000001722680;  1 drivers
v0000000001719af0_0 .net "Ci", 0 0, L_00000000017240c0;  1 drivers
v000000000171a590_0 .net "Co", 0 0, L_000000000137e100;  1 drivers
v0000000001719410_0 .net "S", 0 0, L_000000000137e020;  1 drivers
v000000000171a810_0 .net *"_s0", 0 0, L_000000000137dc30;  1 drivers
v000000000171b530_0 .net *"_s10", 0 0, L_000000000137e720;  1 drivers
v000000000171a630_0 .net *"_s2", 0 0, L_000000000137de60;  1 drivers
v000000000171a130_0 .net *"_s4", 0 0, L_000000000137dd10;  1 drivers
v000000000171abd0_0 .net *"_s6", 0 0, L_000000000137da00;  1 drivers
S_00000000012928b0 .scope module, "A3" "Adder_1b" 9 26, 9 1 0, S_000000000127e990;
 .timescale 0 0;
    .port_info 0 /INPUT 1 "Ci";
    .port_info 1 /INPUT 1 "A";
    .port_info 2 /INPUT 1 "B";
    .port_info 3 /OUTPUT 1 "S";
    .port_info 4 /OUTPUT 1 "Co";
L_000000000137d8b0 .functor AND 1, L_0000000001721be0, L_0000000001723580, C4<1>, C4<1>;
L_000000000137dae0 .functor AND 1, L_0000000001721be0, L_00000000017227c0, C4<1>, C4<1>;
L_000000000137e090 .functor OR 1, L_000000000137d8b0, L_000000000137dae0, C4<0>, C4<0>;
L_000000000137da70 .functor AND 1, L_00000000017227c0, L_0000000001723580, C4<1>, C4<1>;
L_000000000137e330 .functor OR 1, L_000000000137e090, L_000000000137da70, C4<0>, C4<0>;
L_000000000137ddf0 .functor XOR 1, L_0000000001721be0, L_0000000001723580, C4<0>, C4<0>;
L_000000000137e640 .functor XOR 1, L_000000000137ddf0, L_00000000017227c0, C4<0>, C4<0>;
v000000000171a8b0_0 .net "A", 0 0, L_0000000001721be0;  1 drivers
v000000000171a770_0 .net "B", 0 0, L_0000000001723580;  1 drivers
v000000000171b5d0_0 .net "Ci", 0 0, L_00000000017227c0;  1 drivers
v0000000001719eb0_0 .net "Co", 0 0, L_000000000137e330;  alias, 1 drivers
v000000000171af90_0 .net "S", 0 0, L_000000000137e640;  1 drivers
v0000000001719c30_0 .net *"_s0", 0 0, L_000000000137d8b0;  1 drivers
v0000000001719910_0 .net *"_s10", 0 0, L_000000000137ddf0;  1 drivers
v0000000001719370_0 .net *"_s2", 0 0, L_000000000137dae0;  1 drivers
v0000000001719cd0_0 .net *"_s4", 0 0, L_000000000137e090;  1 drivers
v00000000017192d0_0 .net *"_s6", 0 0, L_000000000137da70;  1 drivers
S_000000000171d140 .scope module, "andor_c" "my_And_Or_4b" 8 38, 9 31 0, S_00000000012c9bb0;
 .timescale 0 0;
    .port_info 0 /INPUT 1 "op";
    .port_info 1 /INPUT 4 "A";
    .port_info 2 /INPUT 4 "B";
    .port_info 3 /OUTPUT 1 "Co";
    .port_info 4 /OUTPUT 4 "S";
L_000000000137dd80 .functor NOT 4, L_00000000017220e0, C4<0000>, C4<0000>, C4<0000>;
L_000000000137d920 .functor AND 4, L_000000000137dd80, v000000000171c930_0, C4<1111>, C4<1111>;
L_000000000137e3a0 .functor AND 4, L_000000000137d920, v000000000171c570_0, C4<1111>, C4<1111>;
L_000000000137e170 .functor OR 4, v000000000171c930_0, v000000000171c570_0, C4<0000>, C4<0000>;
L_000000000137ded0 .functor AND 4, L_00000000017220e0, L_000000000137e170, C4<1111>, C4<1111>;
L_000000000137e480 .functor OR 4, L_000000000137e3a0, L_000000000137ded0, C4<0000>, C4<0000>;
v000000000171a9f0_0 .net "A", 3 0, v000000000171c930_0;  alias, 1 drivers
v000000000171b710_0 .net "B", 3 0, v000000000171c570_0;  alias, 1 drivers
v0000000001719550_0 .net "Co", 0 0, L_00000000017272f8;  alias, 1 drivers
v0000000001719230_0 .net "S", 3 0, L_000000000137e480;  alias, 1 drivers
v000000000171aa90_0 .net *"_s10", 3 0, L_000000000137e170;  1 drivers
v0000000001719690_0 .net *"_s12", 3 0, L_000000000137ded0;  1 drivers
v000000000171b7b0_0 .net *"_s4", 3 0, L_000000000137dd80;  1 drivers
v000000000171a1d0_0 .net *"_s6", 3 0, L_000000000137d920;  1 drivers
v0000000001719730_0 .net *"_s8", 3 0, L_000000000137e3a0;  1 drivers
v00000000017197d0_0 .net "op", 0 0, L_0000000001723080;  1 drivers
v000000000171a270_0 .net "temp_op", 3 0, L_00000000017220e0;  1 drivers
L_00000000017220e0 .concat [ 1 1 1 1], L_0000000001723080, L_0000000001723080, L_0000000001723080, L_0000000001723080;
S_000000000137d4b0 .scope module, "db0" "pbdebounce" 8 53, 8 1 0, S_00000000012c9bb0;
 .timescale 0 0;
    .port_info 0 /INPUT 1 "clk_1ms";
    .port_info 1 /INPUT 1 "I";
    .port_info 2 /OUTPUT 1 "O";
v000000000171b170_0 .net "I", 0 0, L_0000000001726820;  1 drivers
v0000000001719870_0 .var "O", 0 0;
v00000000017199b0_0 .net "clk_1ms", 0 0, L_00000000017243e0;  alias, 1 drivers
v000000000171ab30_0 .var "pbshift", 7 0;
E_0000000001352850 .event posedge, v00000000017199b0_0;
S_000000000137c9c0 .scope module, "db1" "pbdebounce" 8 54, 8 1 0, S_00000000012c9bb0;
 .timescale 0 0;
    .port_info 0 /INPUT 1 "clk_1ms";
    .port_info 1 /INPUT 1 "I";
    .port_info 2 /OUTPUT 1 "O";
v000000000171ac70_0 .net "I", 0 0, L_0000000001726000;  1 drivers
v000000000171ae50_0 .var "O", 0 0;
v000000000171a310_0 .net "clk_1ms", 0 0, L_00000000017243e0;  alias, 1 drivers
v000000000171a3b0_0 .var "pbshift", 7 0;
    .scope S_00000000012e1b60;
T_0 ;
    %pushi/vec4 0, 0, 32;
    %assign/vec4 v000000000170f460_0, 0;
    %end;
    .thread T_0;
    .scope S_00000000012e1b60;
T_1 ;
    %wait E_0000000001352290;
    %load/vec4 v000000000170dac0_0;
    %flag_set/vec4 8;
    %jmp/0xz  T_1.0, 8;
    %pushi/vec4 0, 0, 32;
    %assign/vec4 v000000000170f460_0, 0;
    %jmp T_1.1;
T_1.0 ;
    %load/vec4 v000000000170f460_0;
    %addi 1, 0, 32;
    %assign/vec4 v000000000170f460_0, 0;
T_1.1 ;
    %jmp T_1;
    .thread T_1;
    .scope S_000000000137d4b0;
T_2 ;
    %pushi/vec4 0, 0, 1;
    %store/vec4 v0000000001719870_0, 0, 1;
    %end;
    .thread T_2;
    .scope S_000000000137d4b0;
T_3 ;
    %wait E_0000000001352850;
    %load/vec4 v000000000171ab30_0;
    %ix/load 4, 1, 0;
    %flag_set/imm 4, 0;
    %shiftl 4;
    %store/vec4 v000000000171ab30_0, 0, 8;
    %load/vec4 v000000000171b170_0;
    %ix/load 4, 0, 0;
    %flag_set/imm 4, 0;
    %store/vec4 v000000000171ab30_0, 4, 1;
    %load/vec4 v000000000171ab30_0;
    %cmpi/e 0, 0, 8;
    %jmp/0xz  T_3.0, 4;
    %pushi/vec4 0, 0, 1;
    %store/vec4 v0000000001719870_0, 0, 1;
T_3.0 ;
    %load/vec4 v000000000171ab30_0;
    %cmpi/e 255, 0, 8;
    %jmp/0xz  T_3.2, 4;
    %pushi/vec4 1, 0, 1;
    %store/vec4 v0000000001719870_0, 0, 1;
T_3.2 ;
    %jmp T_3;
    .thread T_3;
    .scope S_000000000137c9c0;
T_4 ;
    %pushi/vec4 0, 0, 1;
    %store/vec4 v000000000171ae50_0, 0, 1;
    %end;
    .thread T_4;
    .scope S_000000000137c9c0;
T_5 ;
    %wait E_0000000001352850;
    %load/vec4 v000000000171a3b0_0;
    %ix/load 4, 1, 0;
    %flag_set/imm 4, 0;
    %shiftl 4;
    %store/vec4 v000000000171a3b0_0, 0, 8;
    %load/vec4 v000000000171ac70_0;
    %ix/load 4, 0, 0;
    %flag_set/imm 4, 0;
    %store/vec4 v000000000171a3b0_0, 4, 1;
    %load/vec4 v000000000171a3b0_0;
    %cmpi/e 0, 0, 8;
    %jmp/0xz  T_5.0, 4;
    %pushi/vec4 0, 0, 1;
    %store/vec4 v000000000171ae50_0, 0, 1;
T_5.0 ;
    %load/vec4 v000000000171a3b0_0;
    %cmpi/e 255, 0, 8;
    %jmp/0xz  T_5.2, 4;
    %pushi/vec4 1, 0, 1;
    %store/vec4 v000000000171ae50_0, 0, 1;
T_5.2 ;
    %jmp T_5;
    .thread T_5;
    .scope S_00000000012c9bb0;
T_6 ;
    %pushi/vec4 0, 0, 1;
    %assign/vec4 v000000000171b030_0, 0;
    %end;
    .thread T_6;
    .scope S_00000000012c9bb0;
T_7 ;
    %pushi/vec4 18, 0, 8;
    %split/vec4 4;
    %assign/vec4 v000000000171c930_0, 0;
    %assign/vec4 v000000000171c570_0, 0;
    %end;
    .thread T_7;
    .scope S_00000000012c9bb0;
T_8 ;
    %wait E_0000000001352a10;
    %load/vec4 v000000000171bdf0_0;
    %assign/vec4 v000000000171c930_0, 0;
    %jmp T_8;
    .thread T_8;
    .scope S_00000000012c9bb0;
T_9 ;
    %wait E_0000000001351d50;
    %load/vec4 v000000000171c9d0_0;
    %assign/vec4 v000000000171c570_0, 0;
    %jmp T_9;
    .thread T_9;
    .scope S_00000000012f51e0;
T_10 ;
    %pushi/vec4 0, 0, 1;
    %assign/vec4 v000000000171cbb0_0, 0;
    %end;
    .thread T_10;
    .scope S_0000000001371350;
T_11 ;
    %pushi/vec4 0, 0, 2;
    %store/vec4 v0000000001722900_0, 0, 2;
    %pushi/vec4 255, 0, 8;
    %store/vec4 v0000000001722720_0, 0, 8;
    %pushi/vec4 0, 0, 1;
    %store/vec4 v0000000001723620_0, 0, 1;
    %pushi/vec4 1, 0, 1;
    %ix/load 4, 0, 0;
    %flag_set/imm 4, 0;
    %store/vec4 v00000000017242a0_0, 4, 1;
    %pushi/vec4 1, 0, 1;
    %ix/load 4, 1, 0;
    %flag_set/imm 4, 0;
    %store/vec4 v00000000017242a0_0, 4, 1;
    %end;
    .thread T_11;
    .scope S_0000000001371350;
T_12 ;
    %delay 5, 0;
    %load/vec4 v0000000001723620_0;
    %inv;
    %store/vec4 v0000000001723620_0, 0, 1;
    %jmp T_12;
    .thread T_12;
    .scope S_0000000001371350;
T_13 ;
    %delay 5000, 0;
    %pushi/vec4 1, 0, 2;
    %store/vec4 v0000000001722900_0, 0, 2;
    %delay 10000, 0;
    %pushi/vec4 0, 0, 2;
    %store/vec4 v0000000001722900_0, 0, 2;
    %delay 5000, 0;
    %pushi/vec4 1, 0, 2;
    %store/vec4 v0000000001722900_0, 0, 2;
    %delay 10000, 0;
    %pushi/vec4 0, 0, 2;
    %store/vec4 v0000000001722900_0, 0, 2;
    %delay 5000, 0;
    %pushi/vec4 2, 0, 2;
    %store/vec4 v0000000001722900_0, 0, 2;
    %delay 10000, 0;
    %pushi/vec4 0, 0, 2;
    %store/vec4 v0000000001722900_0, 0, 2;
    %delay 5000, 0;
    %pushi/vec4 2, 0, 2;
    %store/vec4 v0000000001722900_0, 0, 2;
    %delay 10000, 0;
    %pushi/vec4 0, 0, 2;
    %store/vec4 v0000000001722900_0, 0, 2;
    %delay 5000, 0;
    %pushi/vec4 2, 0, 2;
    %store/vec4 v0000000001722900_0, 0, 2;
    %delay 10000, 0;
    %pushi/vec4 0, 0, 2;
    %store/vec4 v0000000001722900_0, 0, 2;
    %delay 5000, 0;
    %pushi/vec4 1, 0, 2;
    %store/vec4 v0000000001722900_0, 0, 2;
    %delay 10000, 0;
    %pushi/vec4 0, 0, 2;
    %store/vec4 v0000000001722900_0, 0, 2;
    %end;
    .thread T_13;
    .scope S_0000000001371350;
T_14 ;
    %vpi_call 2 44 "$dumpfile", ".\134build\134wave.vcd" {0 0 0};
    %vpi_call 2 45 "$dumpvars", 32'sb00000000000000000000000000000000, S_0000000001371350 {0 0 0};
    %delay 1000000, 0;
    %vpi_call 2 46 "$finish" {0 0 0};
    %end;
    .thread T_14;
# The file index is used to find the file name in the following table.
:file_names 10;
    "N/A";
    "<interactive>";
    ".\src\testbench_top.v";
    ".\src\top.v";
    ".\src\MyMC14495.v";
    ".\src\clkdiv.v";
    ".\src\display.v";
    ".\src\MUX41.v";
    ".\src\createnumber.v";
    ".\src\operations.v";
