#! /usr/local/iverilog/bin/vvp
:ivl_version "11.0 (devel)" "(s20150603-642-g3bdb50da)";
:ivl_delay_selection "TYPICAL";
:vpi_time_precision - 9;
:vpi_module "system";
:vpi_module "vhdl_sys";
:vpi_module "vhdl_textio";
:vpi_module "v2005_math";
:vpi_module "va_math";
S_000000000119f910 .scope module, "tb_MyMC14495" "tb_MyMC14495" 2 3;
 .timescale -9 -9;
v000000000120fcc0_0 .var "D0", 0 0;
v0000000001210a80_0 .var "D1", 0 0;
v0000000001210580_0 .var "D2", 0 0;
v00000000012104e0_0 .var "D3", 0 0;
v0000000001210940_0 .var "D4", 0 0;
v0000000001210bc0_0 .var "D5", 0 0;
v0000000001210c60_0 .var "D6", 0 0;
v0000000001210d00_0 .var "D7", 0 0;
v0000000001211d70_0 .var "LE", 0 0;
v00000000012117d0_0 .net "a", 0 0, L_0000000001212310;  1 drivers
v0000000001211410_0 .net "b", 0 0, L_0000000001211ff0;  1 drivers
v0000000001212bd0_0 .net "c", 0 0, L_0000000001212f90;  1 drivers
v0000000001212b30_0 .net "d", 0 0, L_0000000001211690;  1 drivers
v0000000001212450_0 .net "e", 0 0, L_0000000001212e50;  1 drivers
v00000000012129f0_0 .net "f", 0 0, L_00000000012115f0;  1 drivers
v0000000001212d10_0 .net "g", 0 0, L_00000000012121d0;  1 drivers
v0000000001211190_0 .var/i "i", 31 0;
v0000000001211550_0 .net "p", 0 0, L_0000000001212590;  1 drivers
v0000000001211910_0 .var "point", 0 0;
LS_0000000001212db0_0_0 .concat [ 1 1 1 1], v000000000120fcc0_0, v0000000001210a80_0, v0000000001210580_0, v00000000012104e0_0;
LS_0000000001212db0_0_4 .concat [ 1 1 1 1], v0000000001210940_0, v0000000001210bc0_0, v0000000001210c60_0, v0000000001210d00_0;
L_0000000001212db0 .concat [ 4 4 0 0], LS_0000000001212db0_0_0, LS_0000000001212db0_0_4;
L_0000000001211f50 .concat [ 1 1 0 0], v0000000001211d70_0, v0000000001211910_0;
L_0000000001212590 .part L_0000000001211230, 7, 1;
L_00000000012121d0 .part L_0000000001211230, 6, 1;
L_00000000012115f0 .part L_0000000001211230, 5, 1;
L_0000000001212e50 .part L_0000000001211230, 4, 1;
L_0000000001211690 .part L_0000000001211230, 3, 1;
L_0000000001212f90 .part L_0000000001211230, 2, 1;
L_0000000001211ff0 .part L_0000000001211230, 1, 1;
L_0000000001212310 .part L_0000000001211230, 0, 1;
S_000000000119faa0 .scope module, "test_MyMC14495" "controller" 2 19, 3 23 0, S_000000000119f910;
 .timescale 0 0;
    .port_info 0 /INPUT 8 "SW";
    .port_info 1 /INPUT 2 "BTN";
    .port_info 2 /OUTPUT 8 "SEGMENT";
    .port_info 3 /OUTPUT 4 "AN";
L_0000000001216f00 .functor NOT 1, L_0000000001212a90, C4<0>, C4<0>, C4<0>;
L_00000000012177c0 .functor NOT 1, L_0000000001211eb0, C4<0>, C4<0>, C4<0>;
L_0000000001217b40 .functor NOT 1, L_00000000012114b0, C4<0>, C4<0>, C4<0>;
L_0000000001217980 .functor NOT 1, L_00000000012124f0, C4<0>, C4<0>, C4<0>;
v000000000120fa40_0 .net "AN", 3 0, L_00000000012112d0;  1 drivers
v000000000120f360_0 .net "BTN", 1 0, L_0000000001211f50;  1 drivers
v000000000120f860_0 .net "SEGMENT", 7 0, L_0000000001211230;  1 drivers
v0000000001210760_0 .net "SW", 7 0, L_0000000001212db0;  1 drivers
v0000000001210300_0 .net *"_s29", 0 0, L_0000000001216f00;  1 drivers
v000000000120f720_0 .net *"_s32", 0 0, L_0000000001212a90;  1 drivers
v00000000012103a0_0 .net *"_s33", 0 0, L_00000000012177c0;  1 drivers
v000000000120f900_0 .net *"_s36", 0 0, L_0000000001211eb0;  1 drivers
v000000000120fae0_0 .net *"_s37", 0 0, L_0000000001217b40;  1 drivers
v000000000120fb80_0 .net *"_s40", 0 0, L_00000000012114b0;  1 drivers
v0000000001210440_0 .net *"_s41", 0 0, L_0000000001217980;  1 drivers
v000000000120fc20_0 .net *"_s45", 0 0, L_00000000012124f0;  1 drivers
L_0000000001211870 .part L_0000000001212db0, 0, 1;
L_0000000001212c70 .part L_0000000001212db0, 1, 1;
L_0000000001211730 .part L_0000000001212db0, 2, 1;
L_00000000012119b0 .part L_0000000001212db0, 3, 1;
L_0000000001212090 .part L_0000000001211f50, 0, 1;
L_0000000001211a50 .part L_0000000001211f50, 1, 1;
LS_0000000001211230_0_0 .concat8 [ 1 1 1 1], L_0000000001213440, L_0000000001213520, L_0000000001214010, L_0000000001214ff0;
LS_0000000001211230_0_4 .concat8 [ 1 1 1 1], L_0000000001215060, L_00000000012149d0, L_00000000012174b0, L_0000000001217c20;
L_0000000001211230 .concat8 [ 4 4 0 0], LS_0000000001211230_0_0, LS_0000000001211230_0_4;
L_0000000001212a90 .part L_0000000001212db0, 7, 1;
L_0000000001211eb0 .part L_0000000001212db0, 6, 1;
L_00000000012114b0 .part L_0000000001212db0, 5, 1;
L_00000000012112d0 .concat8 [ 1 1 1 1], L_0000000001217980, L_0000000001217b40, L_00000000012177c0, L_0000000001216f00;
L_00000000012124f0 .part L_0000000001212db0, 4, 1;
S_000000000119bfe0 .scope module, "decoder" "MyMC14495" 3 30, 3 1 0, S_000000000119faa0;
 .timescale 0 0;
    .port_info 0 /INPUT 1 "D0";
    .port_info 1 /INPUT 1 "D1";
    .port_info 2 /INPUT 1 "D2";
    .port_info 3 /INPUT 1 "D3";
    .port_info 4 /INPUT 1 "LE";
    .port_info 5 /INPUT 1 "point";
    .port_info 6 /OUTPUT 1 "a";
    .port_info 7 /OUTPUT 1 "b";
    .port_info 8 /OUTPUT 1 "c";
    .port_info 9 /OUTPUT 1 "d";
    .port_info 10 /OUTPUT 1 "e";
    .port_info 11 /OUTPUT 1 "f";
    .port_info 12 /OUTPUT 1 "g";
    .port_info 13 /OUTPUT 1 "p";
L_00000000011ab550 .functor NOT 1, L_0000000001211870, C4<0>, C4<0>, C4<0>;
L_00000000011ac2e0 .functor NOT 1, L_0000000001212c70, C4<0>, C4<0>, C4<0>;
L_00000000011abf60 .functor NOT 1, L_0000000001211730, C4<0>, C4<0>, C4<0>;
L_00000000011abda0 .functor NOT 1, L_00000000012119b0, C4<0>, C4<0>, C4<0>;
L_00000000011abbe0 .functor AND 1, L_00000000011abda0, L_00000000011abf60, C4<1>, C4<1>;
L_00000000011abc50 .functor AND 1, L_00000000011abbe0, L_00000000011ac2e0, C4<1>, C4<1>;
L_00000000011ab470 .functor AND 1, L_00000000011abc50, L_0000000001211870, C4<1>, C4<1>;
L_00000000011abef0 .functor AND 1, L_00000000011abda0, L_0000000001211730, C4<1>, C4<1>;
L_00000000011ab860 .functor AND 1, L_00000000011abef0, L_00000000011ac2e0, C4<1>, C4<1>;
L_00000000011ac040 .functor AND 1, L_00000000011ab860, L_00000000011ab550, C4<1>, C4<1>;
L_00000000011ab400 .functor OR 1, L_00000000011ab470, L_00000000011ac040, C4<0>, C4<0>;
L_00000000011ac120 .functor AND 1, L_00000000012119b0, L_00000000011abf60, C4<1>, C4<1>;
L_0000000001214080 .functor AND 1, L_00000000011ac120, L_0000000001212c70, C4<1>, C4<1>;
L_00000000012131a0 .functor AND 1, L_0000000001214080, L_0000000001211870, C4<1>, C4<1>;
L_0000000001213980 .functor OR 1, L_00000000011ab400, L_00000000012131a0, C4<0>, C4<0>;
L_00000000012138a0 .functor AND 1, L_00000000012119b0, L_0000000001211730, C4<1>, C4<1>;
L_00000000012139f0 .functor AND 1, L_00000000012138a0, L_00000000011ac2e0, C4<1>, C4<1>;
L_0000000001213de0 .functor AND 1, L_00000000012139f0, L_0000000001211870, C4<1>, C4<1>;
L_0000000001213750 .functor OR 1, L_0000000001213980, L_0000000001213de0, C4<0>, C4<0>;
L_0000000001213440 .functor OR 1, L_0000000001212090, L_0000000001213750, C4<0>, C4<0>;
L_0000000001213280 .functor AND 1, L_00000000011abda0, L_0000000001211730, C4<1>, C4<1>;
L_00000000012132f0 .functor AND 1, L_0000000001213280, L_00000000011ac2e0, C4<1>, C4<1>;
L_00000000012134b0 .functor AND 1, L_00000000012132f0, L_0000000001211870, C4<1>, C4<1>;
L_0000000001213670 .functor AND 1, L_0000000001211730, L_0000000001212c70, C4<1>, C4<1>;
L_0000000001213d00 .functor AND 1, L_0000000001213670, L_00000000011ab550, C4<1>, C4<1>;
L_0000000001213c20 .functor OR 1, L_00000000012134b0, L_0000000001213d00, C4<0>, C4<0>;
L_00000000012137c0 .functor AND 1, L_00000000012119b0, L_0000000001211730, C4<1>, C4<1>;
L_0000000001213bb0 .functor AND 1, L_00000000012137c0, L_00000000011ab550, C4<1>, C4<1>;
L_0000000001213ec0 .functor OR 1, L_0000000001213c20, L_0000000001213bb0, C4<0>, C4<0>;
L_0000000001213c90 .functor AND 1, L_00000000012119b0, L_0000000001212c70, C4<1>, C4<1>;
L_0000000001213600 .functor AND 1, L_0000000001213c90, L_0000000001211870, C4<1>, C4<1>;
L_0000000001213360 .functor OR 1, L_0000000001213ec0, L_0000000001213600, C4<0>, C4<0>;
L_0000000001213520 .functor OR 1, L_0000000001212090, L_0000000001213360, C4<0>, C4<0>;
L_0000000001213910 .functor AND 1, L_00000000011abda0, L_00000000011abf60, C4<1>, C4<1>;
L_0000000001213d70 .functor AND 1, L_0000000001213910, L_0000000001212c70, C4<1>, C4<1>;
L_00000000012136e0 .functor AND 1, L_0000000001213d70, L_00000000011ab550, C4<1>, C4<1>;
L_0000000001213a60 .functor AND 1, L_00000000012119b0, L_0000000001211730, C4<1>, C4<1>;
L_0000000001213830 .functor AND 1, L_0000000001213a60, L_00000000011ab550, C4<1>, C4<1>;
L_0000000001213ad0 .functor OR 1, L_00000000012136e0, L_0000000001213830, C4<0>, C4<0>;
L_0000000001213e50 .functor AND 1, L_00000000012119b0, L_0000000001211730, C4<1>, C4<1>;
L_0000000001213b40 .functor AND 1, L_0000000001213e50, L_0000000001212c70, C4<1>, C4<1>;
L_0000000001213f30 .functor OR 1, L_0000000001213ad0, L_0000000001213b40, C4<0>, C4<0>;
L_0000000001214010 .functor OR 1, L_0000000001212090, L_0000000001213f30, C4<0>, C4<0>;
L_0000000001213fa0 .functor AND 1, L_00000000011abda0, L_00000000011abf60, C4<1>, C4<1>;
L_0000000001213210 .functor AND 1, L_0000000001213fa0, L_00000000011ac2e0, C4<1>, C4<1>;
L_00000000012133d0 .functor AND 1, L_0000000001213210, L_0000000001211870, C4<1>, C4<1>;
L_0000000001213590 .functor AND 1, L_00000000011abda0, L_0000000001211730, C4<1>, C4<1>;
L_00000000011ac190 .functor AND 1, L_0000000001213590, L_00000000011ac2e0, C4<1>, C4<1>;
L_0000000001214ce0 .functor AND 1, L_00000000011ac190, L_00000000011ab550, C4<1>, C4<1>;
L_0000000001215220 .functor OR 1, L_00000000012133d0, L_0000000001214ce0, C4<0>, C4<0>;
L_0000000001214420 .functor AND 1, L_0000000001211730, L_0000000001212c70, C4<1>, C4<1>;
L_0000000001214e30 .functor AND 1, L_0000000001214420, L_0000000001211870, C4<1>, C4<1>;
L_0000000001214490 .functor OR 1, L_0000000001215220, L_0000000001214e30, C4<0>, C4<0>;
L_0000000001214880 .functor AND 1, L_00000000012119b0, L_00000000011abf60, C4<1>, C4<1>;
L_0000000001214650 .functor AND 1, L_0000000001214880, L_0000000001212c70, C4<1>, C4<1>;
L_0000000001215140 .functor AND 1, L_0000000001214650, L_00000000011ab550, C4<1>, C4<1>;
L_00000000012151b0 .functor OR 1, L_0000000001214490, L_0000000001215140, C4<0>, C4<0>;
L_0000000001214ff0 .functor OR 1, L_0000000001212090, L_00000000012151b0, C4<0>, C4<0>;
L_0000000001214ab0 .functor AND 1, L_00000000011abda0, L_0000000001211870, C4<1>, C4<1>;
L_0000000001214b90 .functor AND 1, L_00000000011abda0, L_0000000001211730, C4<1>, C4<1>;
L_0000000001214c00 .functor AND 1, L_0000000001214b90, L_00000000011ac2e0, C4<1>, C4<1>;
L_00000000012147a0 .functor OR 1, L_0000000001214ab0, L_0000000001214c00, C4<0>, C4<0>;
L_0000000001214b20 .functor AND 1, L_00000000011abf60, L_00000000011ac2e0, C4<1>, C4<1>;
L_0000000001214340 .functor AND 1, L_0000000001214b20, L_0000000001211870, C4<1>, C4<1>;
L_00000000012143b0 .functor OR 1, L_00000000012147a0, L_0000000001214340, C4<0>, C4<0>;
L_0000000001215060 .functor OR 1, L_0000000001212090, L_00000000012143b0, C4<0>, C4<0>;
L_0000000001214c70 .functor AND 1, L_00000000011abda0, L_00000000011abf60, C4<1>, C4<1>;
L_0000000001214810 .functor AND 1, L_0000000001214c70, L_0000000001211870, C4<1>, C4<1>;
L_0000000001214ea0 .functor AND 1, L_00000000011abda0, L_00000000011abf60, C4<1>, C4<1>;
L_0000000001214f10 .functor AND 1, L_0000000001214ea0, L_0000000001212c70, C4<1>, C4<1>;
L_00000000012146c0 .functor OR 1, L_0000000001214810, L_0000000001214f10, C4<0>, C4<0>;
L_0000000001214a40 .functor AND 1, L_00000000011abda0, L_0000000001212c70, C4<1>, C4<1>;
L_0000000001214500 .functor AND 1, L_0000000001214a40, L_0000000001211870, C4<1>, C4<1>;
L_0000000001214d50 .functor OR 1, L_00000000012146c0, L_0000000001214500, C4<0>, C4<0>;
L_0000000001214dc0 .functor AND 1, L_00000000012119b0, L_0000000001211730, C4<1>, C4<1>;
L_00000000012148f0 .functor AND 1, L_0000000001214dc0, L_00000000011ac2e0, C4<1>, C4<1>;
L_0000000001214570 .functor AND 1, L_00000000012148f0, L_0000000001211870, C4<1>, C4<1>;
L_0000000001214f80 .functor OR 1, L_0000000001214d50, L_0000000001214570, C4<0>, C4<0>;
L_00000000012149d0 .functor OR 1, L_0000000001212090, L_0000000001214f80, C4<0>, C4<0>;
L_0000000001214730 .functor AND 1, L_00000000011abda0, L_00000000011abf60, C4<1>, C4<1>;
L_00000000012150d0 .functor AND 1, L_0000000001214730, L_00000000011ac2e0, C4<1>, C4<1>;
L_0000000001214960 .functor AND 1, L_00000000011abda0, L_0000000001211730, C4<1>, C4<1>;
L_00000000012145e0 .functor AND 1, L_0000000001214960, L_0000000001212c70, C4<1>, C4<1>;
L_00000000012172f0 .functor AND 1, L_00000000012145e0, L_0000000001211870, C4<1>, C4<1>;
L_0000000001216e90 .functor OR 1, L_00000000012150d0, L_00000000012172f0, C4<0>, C4<0>;
L_0000000001217a60 .functor AND 1, L_00000000012119b0, L_0000000001211730, C4<1>, C4<1>;
L_0000000001217360 .functor AND 1, L_0000000001217a60, L_00000000011ac2e0, C4<1>, C4<1>;
L_0000000001217ad0 .functor AND 1, L_0000000001217360, L_00000000011ab550, C4<1>, C4<1>;
L_0000000001217830 .functor OR 1, L_0000000001216e90, L_0000000001217ad0, C4<0>, C4<0>;
L_00000000012174b0 .functor OR 1, L_0000000001212090, L_0000000001217830, C4<0>, C4<0>;
L_0000000001217c20 .functor NOT 1, L_0000000001211a50, C4<0>, C4<0>, C4<0>;
v00000000011b1230_0 .net "D0", 0 0, L_0000000001211870;  1 drivers
v00000000011af890_0 .net "D0n", 0 0, L_00000000011ab550;  1 drivers
v00000000011af430_0 .net "D1", 0 0, L_0000000001212c70;  1 drivers
v00000000011b0150_0 .net "D1n", 0 0, L_00000000011ac2e0;  1 drivers
v00000000011b0ab0_0 .net "D2", 0 0, L_0000000001211730;  1 drivers
v00000000011b0330_0 .net "D2n", 0 0, L_00000000011abf60;  1 drivers
v00000000011b0b50_0 .net "D3", 0 0, L_00000000012119b0;  1 drivers
v00000000011afcf0_0 .net "D3n", 0 0, L_00000000011abda0;  1 drivers
v00000000011b01f0_0 .net "LE", 0 0, L_0000000001212090;  1 drivers
v00000000011b0dd0_0 .net *"_s10", 0 0, L_00000000011abc50;  1 drivers
v00000000011b0bf0_0 .net *"_s100", 0 0, L_0000000001214420;  1 drivers
v00000000011b0290_0 .net *"_s102", 0 0, L_0000000001214e30;  1 drivers
v00000000011b0470_0 .net *"_s104", 0 0, L_0000000001214490;  1 drivers
v00000000011b0510_0 .net *"_s106", 0 0, L_0000000001214880;  1 drivers
v00000000011b0650_0 .net *"_s108", 0 0, L_0000000001214650;  1 drivers
v00000000011b05b0_0 .net *"_s110", 0 0, L_0000000001215140;  1 drivers
v00000000011b0d30_0 .net *"_s112", 0 0, L_00000000012151b0;  1 drivers
v000000000120e3b0_0 .net *"_s116", 0 0, L_0000000001214ab0;  1 drivers
v000000000120cdd0_0 .net *"_s118", 0 0, L_0000000001214b90;  1 drivers
v000000000120ce70_0 .net *"_s12", 0 0, L_00000000011ab470;  1 drivers
v000000000120cb50_0 .net *"_s120", 0 0, L_0000000001214c00;  1 drivers
v000000000120d690_0 .net *"_s122", 0 0, L_00000000012147a0;  1 drivers
v000000000120cbf0_0 .net *"_s124", 0 0, L_0000000001214b20;  1 drivers
v000000000120dc30_0 .net *"_s126", 0 0, L_0000000001214340;  1 drivers
v000000000120d2d0_0 .net *"_s128", 0 0, L_00000000012143b0;  1 drivers
v000000000120d050_0 .net *"_s132", 0 0, L_0000000001214c70;  1 drivers
v000000000120cf10_0 .net *"_s134", 0 0, L_0000000001214810;  1 drivers
v000000000120e810_0 .net *"_s136", 0 0, L_0000000001214ea0;  1 drivers
v000000000120e1d0_0 .net *"_s138", 0 0, L_0000000001214f10;  1 drivers
v000000000120cc90_0 .net *"_s14", 0 0, L_00000000011abef0;  1 drivers
v000000000120cd30_0 .net *"_s140", 0 0, L_00000000012146c0;  1 drivers
v000000000120d7d0_0 .net *"_s142", 0 0, L_0000000001214a40;  1 drivers
v000000000120e450_0 .net *"_s144", 0 0, L_0000000001214500;  1 drivers
v000000000120db90_0 .net *"_s146", 0 0, L_0000000001214d50;  1 drivers
v000000000120e310_0 .net *"_s148", 0 0, L_0000000001214dc0;  1 drivers
v000000000120d230_0 .net *"_s150", 0 0, L_00000000012148f0;  1 drivers
v000000000120e590_0 .net *"_s152", 0 0, L_0000000001214570;  1 drivers
v000000000120e270_0 .net *"_s154", 0 0, L_0000000001214f80;  1 drivers
v000000000120d190_0 .net *"_s158", 0 0, L_0000000001214730;  1 drivers
v000000000120cfb0_0 .net *"_s16", 0 0, L_00000000011ab860;  1 drivers
v000000000120d410_0 .net *"_s160", 0 0, L_00000000012150d0;  1 drivers
v000000000120d9b0_0 .net *"_s162", 0 0, L_0000000001214960;  1 drivers
v000000000120daf0_0 .net *"_s164", 0 0, L_00000000012145e0;  1 drivers
v000000000120d0f0_0 .net *"_s166", 0 0, L_00000000012172f0;  1 drivers
v000000000120dcd0_0 .net *"_s168", 0 0, L_0000000001216e90;  1 drivers
v000000000120d870_0 .net *"_s170", 0 0, L_0000000001217a60;  1 drivers
v000000000120dd70_0 .net *"_s172", 0 0, L_0000000001217360;  1 drivers
v000000000120df50_0 .net *"_s174", 0 0, L_0000000001217ad0;  1 drivers
v000000000120e6d0_0 .net *"_s176", 0 0, L_0000000001217830;  1 drivers
v000000000120dff0_0 .net *"_s18", 0 0, L_00000000011ac040;  1 drivers
v000000000120e4f0_0 .net *"_s20", 0 0, L_00000000011ab400;  1 drivers
v000000000120de10_0 .net *"_s22", 0 0, L_00000000011ac120;  1 drivers
v000000000120e630_0 .net *"_s24", 0 0, L_0000000001214080;  1 drivers
v000000000120d370_0 .net *"_s26", 0 0, L_00000000012131a0;  1 drivers
v000000000120e8b0_0 .net *"_s28", 0 0, L_0000000001213980;  1 drivers
v000000000120e770_0 .net *"_s30", 0 0, L_00000000012138a0;  1 drivers
v000000000120e950_0 .net *"_s32", 0 0, L_00000000012139f0;  1 drivers
v000000000120e9f0_0 .net *"_s34", 0 0, L_0000000001213de0;  1 drivers
v000000000120d4b0_0 .net *"_s36", 0 0, L_0000000001213750;  1 drivers
v000000000120d5f0_0 .net *"_s40", 0 0, L_0000000001213280;  1 drivers
v000000000120deb0_0 .net *"_s42", 0 0, L_00000000012132f0;  1 drivers
v000000000120d550_0 .net *"_s44", 0 0, L_00000000012134b0;  1 drivers
v000000000120da50_0 .net *"_s46", 0 0, L_0000000001213670;  1 drivers
v000000000120d730_0 .net *"_s48", 0 0, L_0000000001213d00;  1 drivers
v000000000120d910_0 .net *"_s50", 0 0, L_0000000001213c20;  1 drivers
v000000000120e090_0 .net *"_s52", 0 0, L_00000000012137c0;  1 drivers
v000000000120e130_0 .net *"_s54", 0 0, L_0000000001213bb0;  1 drivers
v0000000001210da0_0 .net *"_s56", 0 0, L_0000000001213ec0;  1 drivers
v0000000001210800_0 .net *"_s58", 0 0, L_0000000001213c90;  1 drivers
v0000000001210f80_0 .net *"_s60", 0 0, L_0000000001213600;  1 drivers
v00000000012108a0_0 .net *"_s62", 0 0, L_0000000001213360;  1 drivers
v0000000001210620_0 .net *"_s66", 0 0, L_0000000001213910;  1 drivers
v000000000120f4a0_0 .net *"_s68", 0 0, L_0000000001213d70;  1 drivers
v000000000120f7c0_0 .net *"_s70", 0 0, L_00000000012136e0;  1 drivers
v000000000120ffe0_0 .net *"_s72", 0 0, L_0000000001213a60;  1 drivers
v0000000001210080_0 .net *"_s74", 0 0, L_0000000001213830;  1 drivers
v0000000001210e40_0 .net *"_s76", 0 0, L_0000000001213ad0;  1 drivers
v0000000001210ee0_0 .net *"_s78", 0 0, L_0000000001213e50;  1 drivers
v000000000120fd60_0 .net *"_s8", 0 0, L_00000000011abbe0;  1 drivers
v00000000012109e0_0 .net *"_s80", 0 0, L_0000000001213b40;  1 drivers
v000000000120f400_0 .net *"_s82", 0 0, L_0000000001213f30;  1 drivers
v000000000120f540_0 .net *"_s86", 0 0, L_0000000001213fa0;  1 drivers
v0000000001210b20_0 .net *"_s88", 0 0, L_0000000001213210;  1 drivers
v000000000120ff40_0 .net *"_s90", 0 0, L_00000000012133d0;  1 drivers
v000000000120fe00_0 .net *"_s92", 0 0, L_0000000001213590;  1 drivers
v000000000120f5e0_0 .net *"_s94", 0 0, L_00000000011ac190;  1 drivers
v000000000120fea0_0 .net *"_s96", 0 0, L_0000000001214ce0;  1 drivers
v000000000120f220_0 .net *"_s98", 0 0, L_0000000001215220;  1 drivers
v000000000120f2c0_0 .net "a", 0 0, L_0000000001213440;  1 drivers
v0000000001210120_0 .net "b", 0 0, L_0000000001213520;  1 drivers
v00000000012101c0_0 .net "c", 0 0, L_0000000001214010;  1 drivers
v00000000012106c0_0 .net "d", 0 0, L_0000000001214ff0;  1 drivers
v000000000120f180_0 .net "e", 0 0, L_0000000001215060;  1 drivers
v0000000001210260_0 .net "f", 0 0, L_00000000012149d0;  1 drivers
v000000000120f680_0 .net "g", 0 0, L_00000000012174b0;  1 drivers
v0000000001211020_0 .net "p", 0 0, L_0000000001217c20;  1 drivers
v000000000120f9a0_0 .net "point", 0 0, L_0000000001211a50;  1 drivers
    .scope S_000000000119f910;
T_0 ;
    %pushi/vec4 0, 0, 1;
    %store/vec4 v00000000012104e0_0, 0, 1;
    %pushi/vec4 0, 0, 1;
    %store/vec4 v0000000001210580_0, 0, 1;
    %pushi/vec4 0, 0, 1;
    %store/vec4 v0000000001210a80_0, 0, 1;
    %pushi/vec4 0, 0, 1;
    %store/vec4 v000000000120fcc0_0, 0, 1;
    %pushi/vec4 0, 0, 1;
    %store/vec4 v0000000001211d70_0, 0, 1;
    %pushi/vec4 0, 0, 1;
    %store/vec4 v0000000001211910_0, 0, 1;
    %end;
    .thread T_0;
    .scope S_000000000119f910;
T_1 ;
    %pushi/vec4 0, 0, 32;
    %store/vec4 v0000000001211190_0, 0, 32;
T_1.0 ;
    %load/vec4 v0000000001211190_0;
    %cmpi/s 15, 0, 32;
    %flag_or 5, 4;
    %jmp/0xz T_1.1, 5;
    %delay 50, 0;
    %load/vec4 v0000000001211190_0;
    %pad/s 4;
    %split/vec4 1;
    %store/vec4 v000000000120fcc0_0, 0, 1;
    %split/vec4 1;
    %store/vec4 v0000000001210a80_0, 0, 1;
    %split/vec4 1;
    %store/vec4 v0000000001210580_0, 0, 1;
    %store/vec4 v00000000012104e0_0, 0, 1;
    %load/vec4 v0000000001211190_0;
    %pad/s 1;
    %store/vec4 v0000000001211910_0, 0, 1;
    %load/vec4 v0000000001211190_0;
    %addi 1, 0, 32;
    %store/vec4 v0000000001211190_0, 0, 32;
    %jmp T_1.0;
T_1.1 ;
    %delay 50, 0;
    %pushi/vec4 1, 0, 1;
    %store/vec4 v0000000001211d70_0, 0, 1;
    %end;
    .thread T_1;
    .scope S_000000000119f910;
T_2 ;
    %vpi_call 2 33 "$dumpfile", "tb_MyMC14495.vcd" {0 0 0};
    %vpi_call 2 34 "$dumpvars", 32'sb00000000000000000000000000000000, S_000000000119f910 {0 0 0};
    %delay 1000, 0;
    %vpi_call 2 35 "$finish" {0 0 0};
    %end;
    .thread T_2;
# The file index is used to find the file name in the following table.
:file_names 4;
    "N/A";
    "<interactive>";
    "testbench.v";
    "MyMC14495.v";
